#
# There is insufficient memory for the Java Runtime Environment to continue.
# Native memory allocation (malloc) failed to allocate 923936 bytes. Error detail: Chunk::new
# Possible reasons:
#   The system is out of physical RAM or swap space
#   This process is running with CompressedOops enabled, and the Java Heap may be blocking the growth of the native heap
# Possible solutions:
#   Reduce memory load on the system
#   Increase physical memory or swap space
#   Check if swap backing store is full
#   Decrease Java heap size (-Xmx/-Xms)
#   Decrease number of Java threads
#   Decrease Java thread stack sizes (-Xss)
#   Set larger code cache with -XX:ReservedCodeCacheSize=
#   JVM is running with Unscaled Compressed Oops mode in which the Java heap is
#     placed in the first 4GB address space. The Java Heap base address is the
#     maximum limit for the native heap growth. Please use -XX:HeapBaseMinAddress
#     to set the Java Heap base and to place the Java Heap above 4GB virtual address.
# This output file may be truncated or incomplete.
#
#  Out of Memory Error (arena.cpp:168), pid=16720, tid=28136
#
# JRE version: OpenJDK Runtime Environment Temurin-21.0.9+10 (21.0.9+10) (build 21.0.9+10-LTS)
# Java VM: OpenJDK 64-Bit Server VM Temurin-21.0.9+10 (21.0.9+10-LTS, mixed mode, sharing, tiered, compressed oops, compressed class ptrs, parallel gc, windows-amd64)
# No core dump will be written. Minidumps are not enabled by default on client versions of Windows
#

---------------  S U M M A R Y ------------

Command Line: --add-modules=ALL-SYSTEM --add-opens=java.base/java.util=ALL-UNNAMED --add-opens=java.base/java.lang=ALL-UNNAMED --add-opens=java.base/sun.nio.fs=ALL-UNNAMED -Declipse.application=org.eclipse.jdt.ls.core.id1 -Dosgi.bundles.defaultStartLevel=4 -Declipse.product=org.eclipse.jdt.ls.core.product -Djava.import.generatesMetadataFilesAtProjectRoot=false -DDetectVMInstallationsJob.disabled=true -Dfile.encoding=utf8 -XX:+UseParallelGC -XX:GCTimeRatio=4 -XX:AdaptiveSizePolicyWeight=90 -Dsun.zip.disableMemoryMapping=true -Xmx2G -Xms100m -Xlog:disable -javaagent:c:\Users\G4lih\.antigravity\extensions\redhat.java-1.50.0-win32-x64\lombok\lombok-1.18.39-4050.jar c:\Users\G4lih\.antigravity\extensions\redhat.java-1.50.0-win32-x64\server\plugins\org.eclipse.equinox.launcher_1.7.100.v20251111-0406.jar -configuration c:\Users\G4lih\AppData\Roaming\Antigravity\User\globalStorage\redhat.java\1.50.0\config_ss_win -data c:\Users\G4lih\AppData\Roaming\Antigravity\User\workspaceStorage\20f6df2d00a1858f44181e17d7a95fc8\redhat.java\ss_ws --pipe=\\.\pipe\lsp-33696e058dfc049dc2d04c6b9855f315-sock

Host: 13th Gen Intel(R) Core(TM) i7-13620H, 16 cores, 15G,  Windows 11 , 64 bit Build 22621 (10.0.22621.5415)
Time: Mon Dec 22 00:30:23 2025 SE Asia Standard Time elapsed time: 1.599984 seconds (0d 0h 0m 1s)

---------------  T H R E A D  ---------------

Current thread (0x0000011cd4750c00):  JavaThread "C2 CompilerThread2" daemon [_thread_in_native, id=28136, stack(0x0000001c89200000,0x0000001c89300000) (1024K)]


Current CompileTask:
C2:1600 2879       4       org.lombokweb.asm.ClassReader::readMethod (1070 bytes)

Stack: [0x0000001c89200000,0x0000001c89300000]
Native frames: (J=compiled Java code, j=interpreted, Vv=VM code, C=native code)
V  [jvm.dll+0x6d6e29]
V  [jvm.dll+0x8b4b76]
V  [jvm.dll+0x8b712e]
V  [jvm.dll+0x8b7813]
V  [jvm.dll+0x283d86]
V  [jvm.dll+0xc66ed]
V  [jvm.dll+0xc6c31]
V  [jvm.dll+0x2facee]
V  [jvm.dll+0x5fde44]
V  [jvm.dll+0x255557]
V  [jvm.dll+0x25591d]
V  [jvm.dll+0x24df40]
V  [jvm.dll+0x24b482]
V  [jvm.dll+0x1cb13e]
V  [jvm.dll+0x25b29d]
V  [jvm.dll+0x25982a]
V  [jvm.dll+0x3f7ea6]
V  [jvm.dll+0x85e9ad]
V  [jvm.dll+0x6d565d]
C  [ucrtbase.dll+0x29333]
C  [KERNEL32.DLL+0x1259d]
C  [ntdll.dll+0x5af78]


---------------  P R O C E S S  ---------------

Threads class SMR info:
_java_thread_list=0x0000011cdae3c650, length=24, elements={
0x0000011cf94f2820, 0x0000011cfb7fe1a0, 0x0000011cfb8f5b60, 0x0000011cfb8fbb50,
0x0000011cfb8fd1b0, 0x0000011cfb8ff7f0, 0x0000011cfb903e40, 0x0000011cfb905970,
0x0000011cfb908070, 0x0000011cd46c2370, 0x0000011cd46e4e30, 0x0000011cd46e7e30,
0x0000011cd472d7f0, 0x0000011cd4750c00, 0x0000011cd48a3f20, 0x0000011cda0493a0,
0x0000011cda6a46a0, 0x0000011cda8d4820, 0x0000011cdaab64e0, 0x0000011cda906570,
0x0000011cdac474c0, 0x0000011cdae33010, 0x0000011cdae41300, 0x0000011cdae42510
}

Java Threads: ( => current thread )
  0x0000011cf94f2820 JavaThread "main"                              [_thread_blocked, id=13624, stack(0x0000001c88200000,0x0000001c88300000) (1024K)]
  0x0000011cfb7fe1a0 JavaThread "Reference Handler"          daemon [_thread_blocked, id=16100, stack(0x0000001c88600000,0x0000001c88700000) (1024K)]
  0x0000011cfb8f5b60 JavaThread "Finalizer"                  daemon [_thread_blocked, id=10948, stack(0x0000001c88700000,0x0000001c88800000) (1024K)]
  0x0000011cfb8fbb50 JavaThread "Signal Dispatcher"          daemon [_thread_blocked, id=35928, stack(0x0000001c88800000,0x0000001c88900000) (1024K)]
  0x0000011cfb8fd1b0 JavaThread "Attach Listener"            daemon [_thread_blocked, id=27420, stack(0x0000001c88900000,0x0000001c88a00000) (1024K)]
  0x0000011cfb8ff7f0 JavaThread "Service Thread"             daemon [_thread_blocked, id=35672, stack(0x0000001c88a00000,0x0000001c88b00000) (1024K)]
  0x0000011cfb903e40 JavaThread "Monitor Deflation Thread"   daemon [_thread_blocked, id=11320, stack(0x0000001c88b00000,0x0000001c88c00000) (1024K)]
  0x0000011cfb905970 JavaThread "C2 CompilerThread0"         daemon [_thread_blocked, id=35224, stack(0x0000001c88c00000,0x0000001c88d00000) (1024K)]
  0x0000011cfb908070 JavaThread "C1 CompilerThread0"         daemon [_thread_blocked, id=5876, stack(0x0000001c88d00000,0x0000001c88e00000) (1024K)]
  0x0000011cd46c2370 JavaThread "C1 CompilerThread1"         daemon [_thread_blocked, id=28200, stack(0x0000001c88e00000,0x0000001c88f00000) (1024K)]
  0x0000011cd46e4e30 JavaThread "C1 CompilerThread2"         daemon [_thread_blocked, id=28060, stack(0x0000001c88f00000,0x0000001c89000000) (1024K)]
  0x0000011cd46e7e30 JavaThread "C1 CompilerThread3"         daemon [_thread_blocked, id=14220, stack(0x0000001c89000000,0x0000001c89100000) (1024K)]
  0x0000011cd472d7f0 JavaThread "C2 CompilerThread1"         daemon [_thread_in_native, id=36036, stack(0x0000001c89100000,0x0000001c89200000) (1024K)]
=>0x0000011cd4750c00 JavaThread "C2 CompilerThread2"         daemon [_thread_in_native, id=28136, stack(0x0000001c89200000,0x0000001c89300000) (1024K)]
  0x0000011cd48a3f20 JavaThread "Common-Cleaner"             daemon [_thread_blocked, id=6040, stack(0x0000001c89300000,0x0000001c89400000) (1024K)]
  0x0000011cda0493a0 JavaThread "Notification Thread"        daemon [_thread_blocked, id=35032, stack(0x0000001c89400000,0x0000001c89500000) (1024K)]
  0x0000011cda6a46a0 JavaThread "Active Thread: Equinox Container: b2d36500-4578-489c-8f51-f9375a820d50"        [_thread_blocked, id=37032, stack(0x0000001c89b00000,0x0000001c89c00000) (1024K)]
  0x0000011cda8d4820 JavaThread "Framework Event Dispatcher: Equinox Container: b2d36500-4578-489c-8f51-f9375a820d50" daemon [_thread_blocked, id=6064, stack(0x0000001c89c00000,0x0000001c89d00000) (1024K)]
  0x0000011cdaab64e0 JavaThread "Start Level: Equinox Container: b2d36500-4578-489c-8f51-f9375a820d50" daemon [_thread_in_vm, id=34612, stack(0x0000001c89e00000,0x0000001c89f00000) (1024K)]
  0x0000011cda906570 JavaThread "SCR Component Actor"        daemon [_thread_blocked, id=30164, stack(0x0000001c89f00000,0x0000001c8a000000) (1024K)]
  0x0000011cdac474c0 JavaThread "Worker-JM"                         [_thread_blocked, id=36472, stack(0x0000001c8a000000,0x0000001c8a100000) (1024K)]
  0x0000011cdae33010 JavaThread "JNA Cleaner"                daemon [_thread_blocked, id=26672, stack(0x0000001c8a300000,0x0000001c8a400000) (1024K)]
  0x0000011cdae41300 JavaThread "Worker-0"                          [_thread_blocked, id=29148, stack(0x0000001c8a400000,0x0000001c8a500000) (1024K)]
  0x0000011cdae42510 JavaThread "Worker-1"                          [_thread_blocked, id=35728, stack(0x0000001c8a500000,0x0000001c8a600000) (1024K)]
Total: 24

Other Threads:
  0x0000011cd45d4af0 VMThread "VM Thread"                           [id=35232, stack(0x0000001c88500000,0x0000001c88600000) (1024K)]
  0x0000011cfb8c49b0 WatcherThread "VM Periodic Task Thread"        [id=19396, stack(0x0000001c88400000,0x0000001c88500000) (1024K)]
  0x0000011cfb874af0 WorkerThread "GC Thread#0"                     [id=23168, stack(0x0000001c88300000,0x0000001c88400000) (1024K)]
  0x0000011cda2c4f80 WorkerThread "GC Thread#1"                     [id=31268, stack(0x0000001c89500000,0x0000001c89600000) (1024K)]
  0x0000011cda1bcdb0 WorkerThread "GC Thread#2"                     [id=36364, stack(0x0000001c89600000,0x0000001c89700000) (1024K)]
  0x0000011cda1bd150 WorkerThread "GC Thread#3"                     [id=34928, stack(0x0000001c89700000,0x0000001c89800000) (1024K)]
  0x0000011cda1bd4f0 WorkerThread "GC Thread#4"                     [id=13292, stack(0x0000001c89800000,0x0000001c89900000) (1024K)]
  0x0000011cda3cedd0 WorkerThread "GC Thread#5"                     [id=28132, stack(0x0000001c89900000,0x0000001c89a00000) (1024K)]
  0x0000011cda3cf170 WorkerThread "GC Thread#6"                     [id=27792, stack(0x0000001c89a00000,0x0000001c89b00000) (1024K)]
  0x0000011cdaa64250 WorkerThread "GC Thread#7"                     [id=32008, stack(0x0000001c89d00000,0x0000001c89e00000) (1024K)]
  0x0000011cdac7dcc0 WorkerThread "GC Thread#8"                     [id=35496, stack(0x0000001c8a100000,0x0000001c8a200000) (1024K)]
  0x0000011cdabe8a70 WorkerThread "GC Thread#9"                     [id=6084, stack(0x0000001c8a200000,0x0000001c8a300000) (1024K)]
  0x0000011cdae48590 WorkerThread "GC Thread#10"                    [id=33844, stack(0x0000001c8a600000,0x0000001c8a700000) (1024K)]
  0x0000011cdae47e50 WorkerThread "GC Thread#11"                    [id=28232, stack(0x0000001c8a700000,0x0000001c8a800000) (1024K)]
  0x0000011cdae481f0 WorkerThread "GC Thread#12"                    [id=32132, stack(0x0000001c8a800000,0x0000001c8a900000) (1024K)]
Total: 15

Threads with active compile tasks:
C2 CompilerThread1  1618 2902       4       org.lombokweb.asm.MethodWriter::putMethodInfo (1274 bytes)
C2 CompilerThread2  1621 2879       4       org.lombokweb.asm.ClassReader::readMethod (1070 bytes)
Total: 2

VM state: not at safepoint (normal execution)

VM Mutex/Monitor currently owned by a thread: None

Heap address: 0x0000000080000000, size: 2048 MB, Compressed Oops mode: 32-bit

CDS archive(s) mapped at: [0x0000011c93000000-0x0000011c93ba0000-0x0000011c93ba0000), size 12189696, SharedBaseAddress: 0x0000011c93000000, ArchiveRelocationMode: 1.
Compressed class space mapped at: 0x0000011c94000000-0x0000011cd4000000, reserved size: 1073741824
Narrow klass base: 0x0000011c93000000, Narrow klass shift: 0, Narrow klass range: 0x100000000

GC Precious Log:
 CardTable entry size: 512
 CPUs: 16 total, 16 available
 Memory: 16003M
 Large Page Support: Disabled
 NUMA Support: Disabled
 Compressed Oops: Enabled (32-bit)
 Alignments: Space 512K, Generation 512K, Heap 2M
 Heap Min Capacity: 100M
 Heap Initial Capacity: 100M
 Heap Max Capacity: 2G
 Pre-touch: Disabled
 Parallel Workers: 13

Heap:
 PSYoungGen      total 29696K, used 2268K [0x00000000d5580000, 0x00000000d7680000, 0x0000000100000000)
  eden space 25600K, 8% used [0x00000000d5580000,0x00000000d57b70b0,0x00000000d6e80000)
  from space 4096K, 0% used [0x00000000d7280000,0x00000000d7280000,0x00000000d7680000)
  to   space 4096K, 0% used [0x00000000d6e80000,0x00000000d6e80000,0x00000000d7280000)
 ParOldGen       total 68608K, used 8968K [0x0000000080000000, 0x0000000084300000, 0x00000000d5580000)
  object space 68608K, 13% used [0x0000000080000000,0x00000000808c23c8,0x0000000084300000)
 Metaspace       used 21330K, committed 21952K, reserved 1114112K
  class space    used 2095K, committed 2368K, reserved 1048576K

Card table byte_map: [0x0000011cfb1f0000,0x0000011cfb600000] _byte_map_base: 0x0000011cfadf0000

Marking Bits: (ParMarkBitMap*) 0x00007ffd27ac2460
 Begin Bits: [0x0000011c8f000000, 0x0000011c91000000)
 End Bits:   [0x0000011c91000000, 0x0000011c93000000)

Polling page: 0x0000011cf96a0000

Metaspace:

Usage:
  Non-class:     18.79 MB used.
      Class:      2.05 MB used.
       Both:     20.83 MB used.

Virtual space:
  Non-class space:       64.00 MB reserved,      19.12 MB ( 30%) committed,  1 nodes.
      Class space:        1.00 GB reserved,       2.31 MB ( <1%) committed,  1 nodes.
             Both:        1.06 GB reserved,      21.44 MB (  2%) committed. 

Chunk freelists:
   Non-Class:  12.50 MB
       Class:  13.63 MB
        Both:  26.13 MB

MaxMetaspaceSize: unlimited
CompressedClassSpaceSize: 1.00 GB
Initial GC threshold: 21.00 MB
Current GC threshold: 35.00 MB
CDS: on
 - commit_granule_bytes: 65536.
 - commit_granule_words: 8192.
 - virtual_space_node_default_size: 8388608.
 - enlarge_chunks_in_place: 1.
 - use_allocation_guard: 0.


Internal statistics:

num_allocs_failed_limit: 3.
num_arena_births: 504.
num_arena_deaths: 14.
num_vsnodes_births: 2.
num_vsnodes_deaths: 0.
num_space_committed: 343.
num_space_uncommitted: 0.
num_chunks_returned_to_freelist: 17.
num_chunks_taken_from_freelist: 1300.
num_chunk_merges: 9.
num_chunk_splits: 844.
num_chunks_enlarged: 556.
num_inconsistent_stats: 0.

CodeHeap 'non-profiled nmethods': size=119168Kb used=1281Kb max_used=1281Kb free=117886Kb
 bounds [0x0000011c87ba0000, 0x0000011c87e10000, 0x0000011c8f000000]
CodeHeap 'profiled nmethods': size=119104Kb used=5694Kb max_used=5694Kb free=113409Kb
 bounds [0x0000011c80000000, 0x0000011c80590000, 0x0000011c87450000]
CodeHeap 'non-nmethods': size=7488Kb used=3006Kb max_used=3041Kb free=4482Kb
 bounds [0x0000011c87450000, 0x0000011c87750000, 0x0000011c87ba0000]
CodeCache: size=245760Kb, used=9981Kb, max_used=10016Kb, free=235777Kb
 total_blobs=3501, nmethods=2900, adapters=504, full_count=0
Compilation: enabled, stopped_count=0, restarted_count=0

Compilation events (20 events):
Event: 1.523 Thread 0x0000011cfb908070 2892       3       org.lombokweb.asm.MethodWriter::visitFrame (811 bytes)
Event: 1.523 Thread 0x0000011cd46e4e30 nmethod 2891 0x0000011c80589490 code [0x0000011c805896e0, 0x0000011c80589fd8]
Event: 1.525 Thread 0x0000011cfb908070 nmethod 2892 0x0000011c8058a210 code [0x0000011c8058a760, 0x0000011c8058c9d0]
Event: 1.557 Thread 0x0000011cd472d7f0 nmethod 2886 0x0000011c87cd2f10 code [0x0000011c87cd32e0, 0x0000011c87cd5708]
Event: 1.567 Thread 0x0000011cd46c2370 2893       3       org.lombokweb.asm.SymbolTable::hash (14 bytes)
Event: 1.567 Thread 0x0000011cd46c2370 nmethod 2893 0x0000011c8058d910 code [0x0000011c8058daa0, 0x0000011c8058dba8]
Event: 1.568 Thread 0x0000011cfb905970 2894       4       org.lombokweb.asm.ClassVisitor::visitMethod (24 bytes)
Event: 1.568 Thread 0x0000011cd472d7f0 2895       4       org.lombokweb.asm.MethodWriter::canCopyMethodAttributes (163 bytes)
Event: 1.569 Thread 0x0000011cfb905970 nmethod 2894 0x0000011c87cd6e90 code [0x0000011c87cd7020, 0x0000011c87cd7128]
Event: 1.569 Thread 0x0000011cd46e7e30 2896       3       org.lombokweb.asm.ClassReader::readStackMapFrame (535 bytes)
Event: 1.569 Thread 0x0000011cfb905970 2897       4       lombok.patcher.MethodTarget::matches (29 bytes)
Event: 1.569 Thread 0x0000011cd46e7e30 nmethod 2896 0x0000011c8058dc10 code [0x0000011c8058dec0, 0x0000011c8058ee90]
Event: 1.570 Thread 0x0000011cfb905970 nmethod 2897 0x0000011c87cd7210 code [0x0000011c87cd73c0, 0x0000011c87cd7608]
Event: 1.570 Thread 0x0000011cfb905970 2898       4       lombok.patcher.PatchScript$MethodPatcher::visitMethod (158 bytes)
Event: 1.571 Thread 0x0000011cd46e4e30 2900       3       org.lombokweb.asm.ByteVector::putByteArray (49 bytes)
Event: 1.572 Thread 0x0000011cd46e4e30 nmethod 2900 0x0000011c8058f490 code [0x0000011c8058f660, 0x0000011c8058f928]
Event: 1.573 Thread 0x0000011cd472d7f0 nmethod 2895 0x0000011c87cd7790 code [0x0000011c87cd7940, 0x0000011c87cd7c98]
Event: 1.573 Thread 0x0000011cd472d7f0 2899       4       org.lombokweb.asm.MethodWriter::computeMethodInfoSize (571 bytes)
Event: 1.594 Thread 0x0000011cd472d7f0 nmethod 2899 0x0000011c87cd7f90 code [0x0000011c87cd8240, 0x0000011c87cd8a08]
Event: 1.594 Thread 0x0000011cd472d7f0 2902       4       org.lombokweb.asm.MethodWriter::putMethodInfo (1274 bytes)

GC Heap History (14 events):
Event: 0.358 GC heap before
{Heap before GC invocations=1 (full 0):
 PSYoungGen      total 29696K, used 25600K [0x00000000d5580000, 0x00000000d7680000, 0x0000000100000000)
  eden space 25600K, 100% used [0x00000000d5580000,0x00000000d6e80000,0x00000000d6e80000)
  from space 4096K, 0% used [0x00000000d7280000,0x00000000d7280000,0x00000000d7680000)
  to   space 4096K, 0% used [0x00000000d6e80000,0x00000000d6e80000,0x00000000d7280000)
 ParOldGen       total 68608K, used 0K [0x0000000080000000, 0x0000000084300000, 0x00000000d5580000)
  object space 68608K, 0% used [0x0000000080000000,0x0000000080000000,0x0000000084300000)
 Metaspace       used 4145K, committed 4416K, reserved 1114112K
  class space    used 453K, committed 576K, reserved 1048576K
}
Event: 0.365 GC heap after
{Heap after GC invocations=1 (full 0):
 PSYoungGen      total 29696K, used 3723K [0x00000000d5580000, 0x00000000d7680000, 0x0000000100000000)
  eden space 25600K, 0% used [0x00000000d5580000,0x00000000d5580000,0x00000000d6e80000)
  from space 4096K, 90% used [0x00000000d6e80000,0x00000000d7222fe8,0x00000000d7280000)
  to   space 4096K, 0% used [0x00000000d7280000,0x00000000d7280000,0x00000000d7680000)
 ParOldGen       total 68608K, used 16K [0x0000000080000000, 0x0000000084300000, 0x00000000d5580000)
  object space 68608K, 0% used [0x0000000080000000,0x0000000080004000,0x0000000084300000)
 Metaspace       used 4145K, committed 4416K, reserved 1114112K
  class space    used 453K, committed 576K, reserved 1048576K
}
Event: 0.658 GC heap before
{Heap before GC invocations=2 (full 0):
 PSYoungGen      total 29696K, used 29323K [0x00000000d5580000, 0x00000000d7680000, 0x0000000100000000)
  eden space 25600K, 100% used [0x00000000d5580000,0x00000000d6e80000,0x00000000d6e80000)
  from space 4096K, 90% used [0x00000000d6e80000,0x00000000d7222fe8,0x00000000d7280000)
  to   space 4096K, 0% used [0x00000000d7280000,0x00000000d7280000,0x00000000d7680000)
 ParOldGen       total 68608K, used 16K [0x0000000080000000, 0x0000000084300000, 0x00000000d5580000)
  object space 68608K, 0% used [0x0000000080000000,0x0000000080004000,0x0000000084300000)
 Metaspace       used 8006K, committed 8320K, reserved 1114112K
  class space    used 840K, committed 960K, reserved 1048576K
}
Event: 0.662 GC heap after
{Heap after GC invocations=2 (full 0):
 PSYoungGen      total 29696K, used 4086K [0x00000000d5580000, 0x00000000d7680000, 0x0000000100000000)
  eden space 25600K, 0% used [0x00000000d5580000,0x00000000d5580000,0x00000000d6e80000)
  from space 4096K, 99% used [0x00000000d7280000,0x00000000d767d810,0x00000000d7680000)
  to   space 4096K, 0% used [0x00000000d6e80000,0x00000000d6e80000,0x00000000d7280000)
 ParOldGen       total 68608K, used 807K [0x0000000080000000, 0x0000000084300000, 0x00000000d5580000)
  object space 68608K, 1% used [0x0000000080000000,0x00000000800c9eb8,0x0000000084300000)
 Metaspace       used 8006K, committed 8320K, reserved 1114112K
  class space    used 840K, committed 960K, reserved 1048576K
}
Event: 0.946 GC heap before
{Heap before GC invocations=3 (full 0):
 PSYoungGen      total 29696K, used 29686K [0x00000000d5580000, 0x00000000d7680000, 0x0000000100000000)
  eden space 25600K, 100% used [0x00000000d5580000,0x00000000d6e80000,0x00000000d6e80000)
  from space 4096K, 99% used [0x00000000d7280000,0x00000000d767d810,0x00000000d7680000)
  to   space 4096K, 0% used [0x00000000d6e80000,0x00000000d6e80000,0x00000000d7280000)
 ParOldGen       total 68608K, used 807K [0x0000000080000000, 0x0000000084300000, 0x00000000d5580000)
  object space 68608K, 1% used [0x0000000080000000,0x00000000800c9eb8,0x0000000084300000)
 Metaspace       used 12812K, committed 13312K, reserved 1114112K
  class space    used 1353K, committed 1600K, reserved 1048576K
}
Event: 0.949 GC heap after
{Heap after GC invocations=3 (full 0):
 PSYoungGen      total 29696K, used 4086K [0x00000000d5580000, 0x00000000d7680000, 0x0000000100000000)
  eden space 25600K, 0% used [0x00000000d5580000,0x00000000d5580000,0x00000000d6e80000)
  from space 4096K, 99% used [0x00000000d6e80000,0x00000000d727d9e8,0x00000000d7280000)
  to   space 4096K, 0% used [0x00000000d7280000,0x00000000d7280000,0x00000000d7680000)
 ParOldGen       total 68608K, used 2554K [0x0000000080000000, 0x0000000084300000, 0x00000000d5580000)
  object space 68608K, 3% used [0x0000000080000000,0x000000008027ebd0,0x0000000084300000)
 Metaspace       used 12812K, committed 13312K, reserved 1114112K
  class space    used 1353K, committed 1600K, reserved 1048576K
}
Event: 1.260 GC heap before
{Heap before GC invocations=4 (full 0):
 PSYoungGen      total 29696K, used 29686K [0x00000000d5580000, 0x00000000d7680000, 0x0000000100000000)
  eden space 25600K, 100% used [0x00000000d5580000,0x00000000d6e80000,0x00000000d6e80000)
  from space 4096K, 99% used [0x00000000d6e80000,0x00000000d727d9e8,0x00000000d7280000)
  to   space 4096K, 0% used [0x00000000d7280000,0x00000000d7280000,0x00000000d7680000)
 ParOldGen       total 68608K, used 2554K [0x0000000080000000, 0x0000000084300000, 0x00000000d5580000)
  object space 68608K, 3% used [0x0000000080000000,0x000000008027ebd0,0x0000000084300000)
 Metaspace       used 16714K, committed 17344K, reserved 1114112K
  class space    used 1746K, committed 2048K, reserved 1048576K
}
Event: 1.262 GC heap after
{Heap after GC invocations=4 (full 0):
 PSYoungGen      total 29696K, used 4075K [0x00000000d5580000, 0x00000000d7680000, 0x0000000100000000)
  eden space 25600K, 0% used [0x00000000d5580000,0x00000000d5580000,0x00000000d6e80000)
  from space 4096K, 99% used [0x00000000d7280000,0x00000000d767af68,0x00000000d7680000)
  to   space 4096K, 0% used [0x00000000d6e80000,0x00000000d6e80000,0x00000000d7280000)
 ParOldGen       total 68608K, used 4874K [0x0000000080000000, 0x0000000084300000, 0x00000000d5580000)
  object space 68608K, 7% used [0x0000000080000000,0x00000000804c2a90,0x0000000084300000)
 Metaspace       used 16714K, committed 17344K, reserved 1114112K
  class space    used 1746K, committed 2048K, reserved 1048576K
}
Event: 1.503 GC heap before
{Heap before GC invocations=5 (full 0):
 PSYoungGen      total 29696K, used 29675K [0x00000000d5580000, 0x00000000d7680000, 0x0000000100000000)
  eden space 25600K, 100% used [0x00000000d5580000,0x00000000d6e80000,0x00000000d6e80000)
  from space 4096K, 99% used [0x00000000d7280000,0x00000000d767af68,0x00000000d7680000)
  to   space 4096K, 0% used [0x00000000d6e80000,0x00000000d6e80000,0x00000000d7280000)
 ParOldGen       total 68608K, used 4874K [0x0000000080000000, 0x0000000084300000, 0x00000000d5580000)
  object space 68608K, 7% used [0x0000000080000000,0x00000000804c2a90,0x0000000084300000)
 Metaspace       used 20000K, committed 20672K, reserved 1114112K
  class space    used 1984K, committed 2304K, reserved 1048576K
}
Event: 1.505 GC heap after
{Heap after GC invocations=5 (full 0):
 PSYoungGen      total 29696K, used 4075K [0x00000000d5580000, 0x00000000d7680000, 0x0000000100000000)
  eden space 25600K, 0% used [0x00000000d5580000,0x00000000d5580000,0x00000000d6e80000)
  from space 4096K, 99% used [0x00000000d6e80000,0x00000000d727af68,0x00000000d7280000)
  to   space 4096K, 0% used [0x00000000d7280000,0x00000000d7280000,0x00000000d7680000)
 ParOldGen       total 68608K, used 5097K [0x0000000080000000, 0x0000000084300000, 0x00000000d5580000)
  object space 68608K, 7% used [0x0000000080000000,0x00000000804fa7d8,0x0000000084300000)
 Metaspace       used 20000K, committed 20672K, reserved 1114112K
  class space    used 1984K, committed 2304K, reserved 1048576K
}
Event: 1.576 GC heap before
{Heap before GC invocations=6 (full 0):
 PSYoungGen      total 29696K, used 11555K [0x00000000d5580000, 0x00000000d7680000, 0x0000000100000000)
  eden space 25600K, 29% used [0x00000000d5580000,0x00000000d5ccdd18,0x00000000d6e80000)
  from space 4096K, 99% used [0x00000000d6e80000,0x00000000d727af68,0x00000000d7280000)
  to   space 4096K, 0% used [0x00000000d7280000,0x00000000d7280000,0x00000000d7680000)
 ParOldGen       total 68608K, used 5097K [0x0000000080000000, 0x0000000084300000, 0x00000000d5580000)
  object space 68608K, 7% used [0x0000000080000000,0x00000000804fa7d8,0x0000000084300000)
 Metaspace       used 20849K, committed 21504K, reserved 1114112K
  class space    used 2051K, committed 2368K, reserved 1048576K
}
Event: 1.577 GC heap after
{Heap after GC invocations=6 (full 0):
 PSYoungGen      total 29696K, used 4065K [0x00000000d5580000, 0x00000000d7680000, 0x0000000100000000)
  eden space 25600K, 0% used [0x00000000d5580000,0x00000000d5580000,0x00000000d6e80000)
  from space 4096K, 99% used [0x00000000d7280000,0x00000000d7678750,0x00000000d7680000)
  to   space 4096K, 0% used [0x00000000d6e80000,0x00000000d6e80000,0x00000000d7280000)
 ParOldGen       total 68608K, used 5759K [0x0000000080000000, 0x0000000084300000, 0x00000000d5580000)
  object space 68608K, 8% used [0x0000000080000000,0x000000008059ff78,0x0000000084300000)
 Metaspace       used 20849K, committed 21504K, reserved 1114112K
  class space    used 2051K, committed 2368K, reserved 1048576K
}
Event: 1.577 GC heap before
{Heap before GC invocations=7 (full 1):
 PSYoungGen      total 29696K, used 4065K [0x00000000d5580000, 0x00000000d7680000, 0x0000000100000000)
  eden space 25600K, 0% used [0x00000000d5580000,0x00000000d5580000,0x00000000d6e80000)
  from space 4096K, 99% used [0x00000000d7280000,0x00000000d7678750,0x00000000d7680000)
  to   space 4096K, 0% used [0x00000000d6e80000,0x00000000d6e80000,0x00000000d7280000)
 ParOldGen       total 68608K, used 5759K [0x0000000080000000, 0x0000000084300000, 0x00000000d5580000)
  object space 68608K, 8% used [0x0000000080000000,0x000000008059ff78,0x0000000084300000)
 Metaspace       used 20849K, committed 21504K, reserved 1114112K
  class space    used 2051K, committed 2368K, reserved 1048576K
}
Event: 1.593 GC heap after
{Heap after GC invocations=7 (full 1):
 PSYoungGen      total 29696K, used 0K [0x00000000d5580000, 0x00000000d7680000, 0x0000000100000000)
  eden space 25600K, 0% used [0x00000000d5580000,0x00000000d5580000,0x00000000d6e80000)
  from space 4096K, 0% used [0x00000000d7280000,0x00000000d7280000,0x00000000d7680000)
  to   space 4096K, 0% used [0x00000000d6e80000,0x00000000d6e80000,0x00000000d7280000)
 ParOldGen       total 68608K, used 8968K [0x0000000080000000, 0x0000000084300000, 0x00000000d5580000)
  object space 68608K, 13% used [0x0000000080000000,0x00000000808c23c8,0x0000000084300000)
 Metaspace       used 20836K, committed 21504K, reserved 1114112K
  class space    used 2047K, committed 2368K, reserved 1048576K
}

Dll operation events (10 events):
Event: 0.006 Loaded shared library c:\Users\G4lih\.antigravity\extensions\redhat.java-1.50.0-win32-x64\jre\21.0.9-win32-x86_64\bin\java.dll
Event: 0.062 Loaded shared library c:\Users\G4lih\.antigravity\extensions\redhat.java-1.50.0-win32-x64\jre\21.0.9-win32-x86_64\bin\zip.dll
Event: 0.072 Loaded shared library C:\Users\G4lih\.antigravity\extensions\redhat.java-1.50.0-win32-x64\jre\21.0.9-win32-x86_64\bin\instrument.dll
Event: 0.075 Loaded shared library C:\Users\G4lih\.antigravity\extensions\redhat.java-1.50.0-win32-x64\jre\21.0.9-win32-x86_64\bin\net.dll
Event: 0.077 Loaded shared library C:\Users\G4lih\.antigravity\extensions\redhat.java-1.50.0-win32-x64\jre\21.0.9-win32-x86_64\bin\nio.dll
Event: 0.078 Loaded shared library C:\Users\G4lih\.antigravity\extensions\redhat.java-1.50.0-win32-x64\jre\21.0.9-win32-x86_64\bin\zip.dll
Event: 0.086 Loaded shared library C:\Users\G4lih\.antigravity\extensions\redhat.java-1.50.0-win32-x64\jre\21.0.9-win32-x86_64\bin\jimage.dll
Event: 0.121 Loaded shared library c:\Users\G4lih\.antigravity\extensions\redhat.java-1.50.0-win32-x64\jre\21.0.9-win32-x86_64\bin\verify.dll
Event: 0.665 Loaded shared library C:\Users\G4lih\AppData\Roaming\Antigravity\User\globalStorage\redhat.java\1.50.0\config_ss_win\org.eclipse.equinox.launcher\org.eclipse.equinox.launcher.win32.win32.x86_64_1.2.1400.v20250801-0854\eclipse_11916.dll
Event: 1.139 Loaded shared library C:\Users\G4lih\AppData\Local\Temp\jna-67226270\jna12572745750938760245.dll

Deoptimization events (20 events):
Event: 1.250 Thread 0x0000011cdaab64e0 Uncommon trap: trap_request=0xffffffde fr.pc=0x0000011c87c8fd94 relative=0x00000000000003b4
Event: 1.250 Thread 0x0000011cdaab64e0 Uncommon trap: reason=class_check action=maybe_recompile pc=0x0000011c87c8fd94 method=java.util.regex.Pattern$BmpCharPropertyGreedy.match(Ljava/util/regex/Matcher;ILjava/lang/CharSequence;)Z @ 70 c2
Event: 1.250 Thread 0x0000011cdaab64e0 DEOPT PACKING pc=0x0000011c87c8fd94 sp=0x0000001c89ef3330
Event: 1.250 Thread 0x0000011cdaab64e0 DEOPT UNPACKING pc=0x0000011c874a3aa2 sp=0x0000001c89ef32d8 mode 2
Event: 1.250 Thread 0x0000011cdaab64e0 Uncommon trap: trap_request=0xffffffde fr.pc=0x0000011c87c8fd94 relative=0x00000000000003b4
Event: 1.250 Thread 0x0000011cdaab64e0 Uncommon trap: reason=class_check action=maybe_recompile pc=0x0000011c87c8fd94 method=java.util.regex.Pattern$BmpCharPropertyGreedy.match(Ljava/util/regex/Matcher;ILjava/lang/CharSequence;)Z @ 70 c2
Event: 1.250 Thread 0x0000011cdaab64e0 DEOPT PACKING pc=0x0000011c87c8fd94 sp=0x0000001c89ef3180
Event: 1.250 Thread 0x0000011cdaab64e0 DEOPT UNPACKING pc=0x0000011c874a3aa2 sp=0x0000001c89ef3128 mode 2
Event: 1.313 Thread 0x0000011cdaab64e0 Uncommon trap: trap_request=0xffffff45 fr.pc=0x0000011c87cb6fac relative=0x00000000000007ac
Event: 1.313 Thread 0x0000011cdaab64e0 Uncommon trap: reason=unstable_if action=reinterpret pc=0x0000011c87cb6fac method=org.lombokweb.asm.ClassReader.readUTF8(I[C)Ljava/lang/String; @ 11 c2
Event: 1.313 Thread 0x0000011cdaab64e0 DEOPT PACKING pc=0x0000011c87cb6fac sp=0x0000001c89eef6a0
Event: 1.313 Thread 0x0000011cdaab64e0 DEOPT UNPACKING pc=0x0000011c874a3aa2 sp=0x0000001c89eef688 mode 2
Event: 1.522 Thread 0x0000011cdaab64e0 Uncommon trap: trap_request=0xffffff45 fr.pc=0x0000011c87cd05ec relative=0x000000000000014c
Event: 1.522 Thread 0x0000011cdaab64e0 Uncommon trap: reason=unstable_if action=reinterpret pc=0x0000011c87cd05ec method=org.lombokweb.asm.ByteVector.putByteArray([BII)Lorg/lombokweb/asm/ByteVector; @ 20 c2
Event: 1.522 Thread 0x0000011cdaab64e0 DEOPT PACKING pc=0x0000011c87cd05ec sp=0x0000001c89ef2840
Event: 1.522 Thread 0x0000011cdaab64e0 DEOPT UNPACKING pc=0x0000011c874a3aa2 sp=0x0000001c89ef2810 mode 2
Event: 1.522 Thread 0x0000011cdaab64e0 Uncommon trap: trap_request=0xffffff45 fr.pc=0x0000011c87ccff24 relative=0x0000000000000364
Event: 1.522 Thread 0x0000011cdaab64e0 Uncommon trap: reason=unstable_if action=reinterpret pc=0x0000011c87ccff24 method=org.lombokweb.asm.Label.resolve([BLorg/lombokweb/asm/ByteVector;I)Z @ 81 c2
Event: 1.522 Thread 0x0000011cdaab64e0 DEOPT PACKING pc=0x0000011c87ccff24 sp=0x0000001c89ef28d0
Event: 1.522 Thread 0x0000011cdaab64e0 DEOPT UNPACKING pc=0x0000011c874a3aa2 sp=0x0000001c89ef27d8 mode 2

Classes loaded (20 events):
Event: 1.247 Loading class java/util/zip/GZIPInputStream
Event: 1.247 Loading class java/util/zip/GZIPInputStream done
Event: 1.267 Loading class java/io/StringReader
Event: 1.267 Loading class java/io/StringReader done
Event: 1.271 Loading class java/net/SocketTimeoutException
Event: 1.271 Loading class java/io/InterruptedIOException
Event: 1.271 Loading class java/io/InterruptedIOException done
Event: 1.271 Loading class java/net/SocketTimeoutException done
Event: 1.271 Loading class java/net/SocketException
Event: 1.271 Loading class java/net/SocketException done
Event: 1.271 Loading class java/net/UnknownHostException
Event: 1.271 Loading class java/net/UnknownHostException done
Event: 1.271 Loading class java/net/ProtocolException
Event: 1.271 Loading class java/net/ProtocolException done
Event: 1.295 Loading class java/lang/ThreadLocal$SuppliedThreadLocal
Event: 1.295 Loading class java/lang/ThreadLocal$SuppliedThreadLocal done
Event: 1.307 Loading class java/io/FileWriter
Event: 1.307 Loading class java/io/FileWriter done
Event: 1.343 Loading class java/lang/NegativeArraySizeException
Event: 1.343 Loading class java/lang/NegativeArraySizeException done

Classes unloaded (7 events):
Event: 1.580 Thread 0x0000011cd45d4af0 Unloading class 0x0000011c94195400 'java/lang/invoke/LambdaForm$MH+0x0000011c94195400'
Event: 1.580 Thread 0x0000011cd45d4af0 Unloading class 0x0000011c94195000 'java/lang/invoke/LambdaForm$MH+0x0000011c94195000'
Event: 1.580 Thread 0x0000011cd45d4af0 Unloading class 0x0000011c94194c00 'java/lang/invoke/LambdaForm$MH+0x0000011c94194c00'
Event: 1.580 Thread 0x0000011cd45d4af0 Unloading class 0x0000011c94194800 'java/lang/invoke/LambdaForm$MH+0x0000011c94194800'
Event: 1.580 Thread 0x0000011cd45d4af0 Unloading class 0x0000011c94194400 'java/lang/invoke/LambdaForm$BMH+0x0000011c94194400'
Event: 1.580 Thread 0x0000011cd45d4af0 Unloading class 0x0000011c94194000 'java/lang/invoke/LambdaForm$DMH+0x0000011c94194000'
Event: 1.580 Thread 0x0000011cd45d4af0 Unloading class 0x0000011c94192c00 'java/lang/invoke/LambdaForm$DMH+0x0000011c94192c00'

Classes redefined (0 events):
No events

Internal exceptions (20 events):
Event: 1.152 Thread 0x0000011cdaab64e0 Exception <a 'java/lang/NoSuchMethodError'{0x00000000d65fd718}: 'void java.lang.invoke.DelegatingMethodHandle$Holder.reinvoke_L(java.lang.Object, java.lang.Object, int)'> (0x00000000d65fd718) 
thrown [s\src\hotspot\share\interpreter\linkResolver.cpp, line 773]
Event: 1.153 Thread 0x0000011cdaab64e0 Exception <a 'java/lang/NoSuchMethodError'{0x00000000d6604400}: 'int java.lang.invoke.Invokers$Holder.invokeExact_MT(java.lang.Object, java.lang.Object, java.lang.Object)'> (0x00000000d6604400) 
thrown [s\src\hotspot\share\interpreter\linkResolver.cpp, line 773]
Event: 1.165 Thread 0x0000011cdaab64e0 Exception <a 'java/lang/NoSuchMethodError'{0x00000000d670f338}: 'void java.lang.invoke.Invokers$Holder.invokeExact_MT(java.lang.Object, java.lang.Object, int, java.lang.Object)'> (0x00000000d670f338) 
thrown [s\src\hotspot\share\interpreter\linkResolver.cpp, line 773]
Event: 1.176 Thread 0x0000011cdaab64e0 Exception <a 'java/lang/NoSuchMethodError'{0x00000000d67fbea0}: 'java.lang.Object java.lang.invoke.DirectMethodHandle$Holder.invokeSpecial(java.lang.Object, java.lang.Object, java.lang.Object, long, java.lang.Object)'> (0x00000000d67fbea0) 
thrown [s\src\hotspot\share\interpreter\linkResolver.cpp, line 773]
Event: 1.176 Thread 0x0000011cdaab64e0 Exception <a 'java/lang/NoSuchMethodError'{0x00000000d68036e8}: 'java.lang.Object java.lang.invoke.DirectMethodHandle$Holder.newInvokeSpecial(java.lang.Object, java.lang.Object, java.lang.Object, long)'> (0x00000000d68036e8) 
thrown [s\src\hotspot\share\interpreter\linkResolver.cpp, line 773]
Event: 1.176 Thread 0x0000011cdaab64e0 Exception <a 'java/lang/NoSuchMethodError'{0x00000000d6807a98}: 'java.lang.Object java.lang.invoke.DirectMethodHandle$Holder.invokeSpecial(java.lang.Object, java.lang.Object, java.lang.Object, java.lang.Object, long)'> (0x00000000d6807a98) 
thrown [s\src\hotspot\share\interpreter\linkResolver.cpp, line 773]
Event: 1.177 Thread 0x0000011cdaab64e0 Exception <a 'java/lang/NoSuchMethodError'{0x00000000d680b900}: 'java.lang.Object java.lang.invoke.Invokers$Holder.linkToTargetMethod(java.lang.Object, java.lang.Object, long, java.lang.Object)'> (0x00000000d680b900) 
thrown [s\src\hotspot\share\interpreter\linkResolver.cpp, line 773]
Event: 1.182 Thread 0x0000011cdaab64e0 Exception <a 'java/lang/NoSuchMethodError'{0x00000000d6876198}: 'int java.lang.invoke.DirectMethodHandle$Holder.invokeStaticInit(java.lang.Object, java.lang.Object, java.lang.Object)'> (0x00000000d6876198) 
thrown [s\src\hotspot\share\interpreter\linkResolver.cpp, line 773]
Event: 1.187 Thread 0x0000011cdaab64e0 Exception <a 'java/lang/IncompatibleClassChangeError'{0x00000000d68ff9d0}: Found class java.lang.Object, but interface was expected> (0x00000000d68ff9d0) 
thrown [s\src\hotspot\share\interpreter\linkResolver.cpp, line 840]
Event: 1.192 Thread 0x0000011cdaab64e0 Exception <a 'java/lang/NoSuchMethodError'{0x00000000d69163d8}: 'java.lang.Object java.lang.invoke.DirectMethodHandle$Holder.invokeSpecial(java.lang.Object, java.lang.Object, java.lang.Object, int, java.lang.Object, java.lang.Object)'> (0x00000000d69163d8) 
thrown [s\src\hotspot\share\interpreter\linkResolver.cpp, line 773]
Event: 1.193 Thread 0x0000011cdaab64e0 Exception <a 'java/lang/NoSuchMethodError'{0x00000000d691deb0}: 'java.lang.Object java.lang.invoke.DirectMethodHandle$Holder.newInvokeSpecial(java.lang.Object, java.lang.Object, java.lang.Object, int, java.lang.Object)'> (0x00000000d691deb0) 
thrown [s\src\hotspot\share\interpreter\linkResolver.cpp, line 773]
Event: 1.193 Thread 0x0000011cdaab64e0 Exception <a 'java/lang/NoSuchMethodError'{0x00000000d6921e30}: 'java.lang.Object java.lang.invoke.DirectMethodHandle$Holder.invokeSpecial(java.lang.Object, java.lang.Object, java.lang.Object, java.lang.Object, int, java.lang.Object)'> (0x00000000d6921e30) 
thrown [s\src\hotspot\share\interpreter\linkResolver.cpp, line 773]
Event: 1.193 Thread 0x0000011cdaab64e0 Exception <a 'java/lang/NoSuchMethodError'{0x00000000d6925970}: 'java.lang.Object java.lang.invoke.Invokers$Holder.linkToTargetMethod(java.lang.Object, java.lang.Object, int, java.lang.Object, java.lang.Object)'> (0x00000000d6925970) 
thrown [s\src\hotspot\share\interpreter\linkResolver.cpp, line 773]
Event: 1.194 Thread 0x0000011cdae41300 Exception <a 'java/lang/NoSuchMethodError'{0x00000000d6853dc8}: 'java.lang.Object java.lang.invoke.DirectMethodHandle$Holder.invokeSpecial(java.lang.Object, java.lang.Object, int, java.lang.Object, java.lang.Object)'> (0x00000000d6853dc8) 
thrown [s\src\hotspot\share\interpreter\linkResolver.cpp, line 773]
Event: 1.194 Thread 0x0000011cdae41300 Exception <a 'java/lang/NoSuchMethodError'{0x00000000d685ab00}: 'java.lang.Object java.lang.invoke.DirectMethodHandle$Holder.newInvokeSpecial(java.lang.Object, java.lang.Object, int, java.lang.Object)'> (0x00000000d685ab00) 
thrown [s\src\hotspot\share\interpreter\linkResolver.cpp, line 773]
Event: 1.194 Thread 0x0000011cdae41300 Exception <a 'java/lang/NoSuchMethodError'{0x00000000d685e3e0}: 'java.lang.Object java.lang.invoke.DirectMethodHandle$Holder.invokeSpecial(java.lang.Object, java.lang.Object, java.lang.Object, int, java.lang.Object)'> (0x00000000d685e3e0) 
thrown [s\src\hotspot\share\interpreter\linkResolver.cpp, line 773]
Event: 1.207 Thread 0x0000011cdaab64e0 Exception <a 'java/lang/NoSuchMethodError'{0x00000000d6a34f70}: 'void java.lang.invoke.DirectMethodHandle$Holder.invokeSpecial(java.lang.Object, java.lang.Object, java.lang.Object, java.lang.Object, java.lang.Object)'> (0x00000000d6a34f70) 
thrown [s\src\hotspot\share\interpreter\linkResolver.cpp, line 773]
Event: 1.235 Thread 0x0000011cdaab64e0 Exception <a 'java/lang/NoSuchMethodError'{0x00000000d6c559c0}: 'double java.lang.invoke.DirectMethodHandle$Holder.invokeStatic(java.lang.Object, java.lang.Object)'> (0x00000000d6c559c0) 
thrown [s\src\hotspot\share\interpreter\linkResolver.cpp, line 773]
Event: 1.236 Thread 0x0000011cdaab64e0 Exception <a 'java/lang/NoSuchMethodError'{0x00000000d6c59080}: 'double java.lang.invoke.DirectMethodHandle$Holder.invokeStaticInit(java.lang.Object, java.lang.Object)'> (0x00000000d6c59080) 
thrown [s\src\hotspot\share\interpreter\linkResolver.cpp, line 773]
Event: 1.522 Thread 0x0000011cdaab64e0 Implicit null exception at 0x0000011c87cd04f5 to 0x0000011c87cd05d0

ZGC Phase Switch (0 events):
No events

VM Operations (20 events):
Event: 0.887 Executing VM operation: HandshakeAllThreads (Deoptimize)
Event: 0.887 Executing VM operation: HandshakeAllThreads (Deoptimize) done
Event: 0.946 Executing VM operation: ParallelGCFailedAllocation (Allocation Failure)
Event: 0.949 Executing VM operation: ParallelGCFailedAllocation (Allocation Failure) done
Event: 1.003 Executing VM operation: HandshakeAllThreads (Deoptimize)
Event: 1.003 Executing VM operation: HandshakeAllThreads (Deoptimize) done
Event: 1.005 Executing VM operation: HandshakeAllThreads (Deoptimize)
Event: 1.005 Executing VM operation: HandshakeAllThreads (Deoptimize) done
Event: 1.012 Executing VM operation: HandshakeAllThreads (Deoptimize)
Event: 1.012 Executing VM operation: HandshakeAllThreads (Deoptimize) done
Event: 1.115 Executing VM operation: HandshakeAllThreads (Deoptimize)
Event: 1.115 Executing VM operation: HandshakeAllThreads (Deoptimize) done
Event: 1.144 Executing VM operation: HandshakeAllThreads (Deoptimize)
Event: 1.144 Executing VM operation: HandshakeAllThreads (Deoptimize) done
Event: 1.260 Executing VM operation: ParallelGCFailedAllocation (Allocation Failure)
Event: 1.262 Executing VM operation: ParallelGCFailedAllocation (Allocation Failure) done
Event: 1.503 Executing VM operation: ParallelGCFailedAllocation (Allocation Failure)
Event: 1.505 Executing VM operation: ParallelGCFailedAllocation (Allocation Failure) done
Event: 1.576 Executing VM operation: CollectForMetadataAllocation (Metadata GC Threshold)
Event: 1.593 Executing VM operation: CollectForMetadataAllocation (Metadata GC Threshold) done

Memory protections (0 events):
No events

Nmethod flushes (0 events):
No events

Events (20 events):
Event: 0.039 Thread 0x0000011cf94f2820 Thread added: 0x0000011cfb8fd1b0
Event: 0.039 Thread 0x0000011cf94f2820 Thread added: 0x0000011cfb8ff7f0
Event: 0.039 Thread 0x0000011cf94f2820 Thread added: 0x0000011cfb903e40
Event: 0.039 Thread 0x0000011cf94f2820 Thread added: 0x0000011cfb905970
Event: 0.039 Thread 0x0000011cf94f2820 Thread added: 0x0000011cfb908070
Event: 0.059 Thread 0x0000011cfb908070 Thread added: 0x0000011cd46c2370
Event: 0.060 Thread 0x0000011cfb908070 Thread added: 0x0000011cd46e4e30
Event: 0.061 Thread 0x0000011cfb908070 Thread added: 0x0000011cd46e7e30
Event: 0.066 Thread 0x0000011cd46c2370 Thread added: 0x0000011cd472d7f0
Event: 0.067 Thread 0x0000011cd46c2370 Thread added: 0x0000011cd4750c00
Event: 0.073 Thread 0x0000011cf94f2820 Thread added: 0x0000011cd48a3f20
Event: 0.158 Thread 0x0000011cf94f2820 Thread added: 0x0000011cda0493a0
Event: 0.562 Thread 0x0000011cf94f2820 Thread added: 0x0000011cda6a46a0
Event: 0.656 Thread 0x0000011cf94f2820 Thread added: 0x0000011cda8d4820
Event: 0.662 Thread 0x0000011cf94f2820 Thread added: 0x0000011cdaab64e0
Event: 0.734 Thread 0x0000011cdaab64e0 Thread added: 0x0000011cda906570
Event: 0.910 Thread 0x0000011cdaab64e0 Thread added: 0x0000011cdac474c0
Event: 1.158 Thread 0x0000011cdaab64e0 Thread added: 0x0000011cdae33010
Event: 1.179 Thread 0x0000011cdaab64e0 Thread added: 0x0000011cdae41300
Event: 1.195 Thread 0x0000011cdaab64e0 Thread added: 0x0000011cdae42510


Dynamic libraries:
0x00007ff74e690000 - 0x00007ff74e69e000 	c:\Users\G4lih\.antigravity\extensions\redhat.java-1.50.0-win32-x64\jre\21.0.9-win32-x86_64\bin\java.exe
0x00007ffdba610000 - 0x00007ffdba827000 	C:\Windows\SYSTEM32\ntdll.dll
0x00007ffdb8fe0000 - 0x00007ffdb90a4000 	C:\Windows\System32\KERNEL32.DLL
0x00007ffdb77a0000 - 0x00007ffdb7b72000 	C:\Windows\System32\KERNELBASE.dll
0x00007ffdb2720000 - 0x00007ffdb27b7000 	C:\Windows\SYSTEM32\apphelp.dll
0x00007ffdb7cb0000 - 0x00007ffdb7dc1000 	C:\Windows\System32\ucrtbase.dll
0x00007ffdb0350000 - 0x00007ffdb0368000 	c:\Users\G4lih\.antigravity\extensions\redhat.java-1.50.0-win32-x64\jre\21.0.9-win32-x86_64\bin\jli.dll
0x00007ffda3fd0000 - 0x00007ffda3fee000 	c:\Users\G4lih\.antigravity\extensions\redhat.java-1.50.0-win32-x64\jre\21.0.9-win32-x86_64\bin\VCRUNTIME140.dll
0x00007ffdb8640000 - 0x00007ffdb87f1000 	C:\Windows\System32\USER32.dll
0x00007ffdb81b0000 - 0x00007ffdb81d6000 	C:\Windows\System32\win32u.dll
0x00007ffdaedb0000 - 0x00007ffdaf04b000 	C:\Windows\WinSxS\amd64_microsoft.windows.common-controls_6595b64144ccf1df_6.0.22621.5547_none_27104afb73855772\COMCTL32.dll
0x00007ffdb95e0000 - 0x00007ffdb9609000 	C:\Windows\System32\GDI32.dll
0x00007ffdb9b10000 - 0x00007ffdb9bb7000 	C:\Windows\System32\msvcrt.dll
0x00007ffdb7b80000 - 0x00007ffdb7ca3000 	C:\Windows\System32\gdi32full.dll
0x00007ffdb7700000 - 0x00007ffdb779a000 	C:\Windows\System32\msvcp_win.dll
0x00007ffdb9620000 - 0x00007ffdb9651000 	C:\Windows\System32\IMM32.DLL
0x00007ffdb0340000 - 0x00007ffdb034c000 	c:\Users\G4lih\.antigravity\extensions\redhat.java-1.50.0-win32-x64\jre\21.0.9-win32-x86_64\bin\vcruntime140_1.dll
0x00007ffd5e6e0000 - 0x00007ffd5e76d000 	c:\Users\G4lih\.antigravity\extensions\redhat.java-1.50.0-win32-x64\jre\21.0.9-win32-x86_64\bin\msvcp140.dll
0x00007ffd26e00000 - 0x00007ffd27ba0000 	c:\Users\G4lih\.antigravity\extensions\redhat.java-1.50.0-win32-x64\jre\21.0.9-win32-x86_64\bin\server\jvm.dll
0x00007ffdb8b50000 - 0x00007ffdb8c01000 	C:\Windows\System32\ADVAPI32.dll
0x00007ffdb90b0000 - 0x00007ffdb9158000 	C:\Windows\System32\sechost.dll
0x00007ffdb8180000 - 0x00007ffdb81a8000 	C:\Windows\System32\bcrypt.dll
0x00007ffdb8a30000 - 0x00007ffdb8b44000 	C:\Windows\System32\RPCRT4.dll
0x00007ffdba550000 - 0x00007ffdba5c1000 	C:\Windows\System32\WS2_32.dll
0x00007ffdb6580000 - 0x00007ffdb65cd000 	C:\Windows\SYSTEM32\POWRPROF.dll
0x00007ffdb2810000 - 0x00007ffdb2844000 	C:\Windows\SYSTEM32\WINMM.dll
0x00007ffdb27d0000 - 0x00007ffdb27da000 	C:\Windows\SYSTEM32\VERSION.dll
0x00007ffdb6560000 - 0x00007ffdb6573000 	C:\Windows\SYSTEM32\UMPDC.dll
0x00007ffdb6820000 - 0x00007ffdb6838000 	C:\Windows\SYSTEM32\kernel.appcore.dll
0x00007ffdaf5a0000 - 0x00007ffdaf5aa000 	c:\Users\G4lih\.antigravity\extensions\redhat.java-1.50.0-win32-x64\jre\21.0.9-win32-x86_64\bin\jimage.dll
0x00007ffdb4b40000 - 0x00007ffdb4d73000 	C:\Windows\SYSTEM32\DBGHELP.DLL
0x00007ffdb82a0000 - 0x00007ffdb8633000 	C:\Windows\System32\combase.dll
0x00007ffdb9800000 - 0x00007ffdb98d7000 	C:\Windows\System32\OLEAUT32.dll
0x00007ffdaf420000 - 0x00007ffdaf452000 	C:\Windows\SYSTEM32\dbgcore.DLL
0x00007ffdb7f90000 - 0x00007ffdb800b000 	C:\Windows\System32\bcryptPrimitives.dll
0x00007ffda4a70000 - 0x00007ffda4a7f000 	c:\Users\G4lih\.antigravity\extensions\redhat.java-1.50.0-win32-x64\jre\21.0.9-win32-x86_64\bin\instrument.dll
0x00007ffd9f3c0000 - 0x00007ffd9f3e0000 	c:\Users\G4lih\.antigravity\extensions\redhat.java-1.50.0-win32-x64\jre\21.0.9-win32-x86_64\bin\java.dll
0x00007ffdb9ca0000 - 0x00007ffdba542000 	C:\Windows\System32\SHELL32.dll
0x00007ffdb7dd0000 - 0x00007ffdb7f0f000 	C:\Windows\System32\wintypes.dll
0x00007ffdb5640000 - 0x00007ffdb5f5d000 	C:\Windows\SYSTEM32\windows.storage.dll
0x00007ffdb8c40000 - 0x00007ffdb8d4c000 	C:\Windows\System32\SHCORE.dll
0x00007ffdb9c30000 - 0x00007ffdb9c99000 	C:\Windows\System32\shlwapi.dll
0x00007ffdb7630000 - 0x00007ffdb765b000 	C:\Windows\SYSTEM32\profapi.dll
0x00007ffd9d680000 - 0x00007ffd9d698000 	c:\Users\G4lih\.antigravity\extensions\redhat.java-1.50.0-win32-x64\jre\21.0.9-win32-x86_64\bin\zip.dll
0x00007ffda49f0000 - 0x00007ffda4a00000 	C:\Users\G4lih\.antigravity\extensions\redhat.java-1.50.0-win32-x64\jre\21.0.9-win32-x86_64\bin\net.dll
0x00007ffdb3d40000 - 0x00007ffdb3e6c000 	C:\Windows\SYSTEM32\WINHTTP.dll
0x00007ffdb6ca0000 - 0x00007ffdb6d09000 	C:\Windows\system32\mswsock.dll
0x00007ffd92a60000 - 0x00007ffd92a76000 	C:\Users\G4lih\.antigravity\extensions\redhat.java-1.50.0-win32-x64\jre\21.0.9-win32-x86_64\bin\nio.dll
0x00007ffda48a0000 - 0x00007ffda48b0000 	c:\Users\G4lih\.antigravity\extensions\redhat.java-1.50.0-win32-x64\jre\21.0.9-win32-x86_64\bin\verify.dll
0x00007ffd865d0000 - 0x00007ffd86614000 	C:\Users\G4lih\AppData\Roaming\Antigravity\User\globalStorage\redhat.java\1.50.0\config_ss_win\org.eclipse.equinox.launcher\org.eclipse.equinox.launcher.win32.win32.x86_64_1.2.1400.v20250801-0854\eclipse_11916.dll
0x00007ffdb9660000 - 0x00007ffdb9800000 	C:\Windows\System32\ole32.dll
0x00007ffdb6ef0000 - 0x00007ffdb6f0b000 	C:\Windows\SYSTEM32\CRYPTSP.dll
0x00007ffdb6780000 - 0x00007ffdb67b7000 	C:\Windows\system32\rsaenh.dll
0x00007ffdb6d90000 - 0x00007ffdb6db8000 	C:\Windows\SYSTEM32\USERENV.dll
0x00007ffdb6f10000 - 0x00007ffdb6f1c000 	C:\Windows\SYSTEM32\CRYPTBASE.dll
0x00007ffdb6230000 - 0x00007ffdb625d000 	C:\Windows\SYSTEM32\IPHLPAPI.DLL
0x00007ffdb9a30000 - 0x00007ffdb9a39000 	C:\Windows\System32\NSI.dll
0x00007ffd5d120000 - 0x00007ffd5d169000 	C:\Users\G4lih\AppData\Local\Temp\jna-67226270\jna12572745750938760245.dll
0x00007ffdb9a20000 - 0x00007ffdb9a28000 	C:\Windows\System32\PSAPI.DLL

JVMTI agents:
c:\Users\G4lih\.antigravity\extensions\redhat.java-1.50.0-win32-x64\lombok\lombok-1.18.39-4050.jar path:c:\Users\G4lih\.antigravity\extensions\redhat.java-1.50.0-win32-x64\jre\21.0.9-win32-x86_64\bin\instrument.dll, loaded, initialized, instrumentlib options:none

dbghelp: loaded successfully - version: 4.0.5 - missing functions: none
symbol engine: initialized successfully - sym options: 0x614 - pdb path: .;c:\Users\G4lih\.antigravity\extensions\redhat.java-1.50.0-win32-x64\jre\21.0.9-win32-x86_64\bin;C:\Windows\SYSTEM32;C:\Windows\WinSxS\amd64_microsoft.windows.common-controls_6595b64144ccf1df_6.0.22621.5547_none_27104afb73855772;c:\Users\G4lih\.antigravity\extensions\redhat.java-1.50.0-win32-x64\jre\21.0.9-win32-x86_64\bin\server;C:\Users\G4lih\AppData\Roaming\Antigravity\User\globalStorage\redhat.java\1.50.0\config_ss_win\org.eclipse.equinox.launcher\org.eclipse.equinox.launcher.win32.win32.x86_64_1.2.1400.v20250801-0854;C:\Users\G4lih\AppData\Local\Temp\jna-67226270

VM Arguments:
jvm_args: --add-modules=ALL-SYSTEM --add-opens=java.base/java.util=ALL-UNNAMED --add-opens=java.base/java.lang=ALL-UNNAMED --add-opens=java.base/sun.nio.fs=ALL-UNNAMED -Declipse.application=org.eclipse.jdt.ls.core.id1 -Dosgi.bundles.defaultStartLevel=4 -Declipse.product=org.eclipse.jdt.ls.core.product -Djava.import.generatesMetadataFilesAtProjectRoot=false -DDetectVMInstallationsJob.disabled=true -Dfile.encoding=utf8 -XX:+UseParallelGC -XX:GCTimeRatio=4 -XX:AdaptiveSizePolicyWeight=90 -Dsun.zip.disableMemoryMapping=true -Xmx2G -Xms100m -Xlog:disable -javaagent:c:\Users\G4lih\.antigravity\extensions\redhat.java-1.50.0-win32-x64\lombok\lombok-1.18.39-4050.jar 
java_command: c:\Users\G4lih\.antigravity\extensions\redhat.java-1.50.0-win32-x64\server\plugins\org.eclipse.equinox.launcher_1.7.100.v20251111-0406.jar -configuration c:\Users\G4lih\AppData\Roaming\Antigravity\User\globalStorage\redhat.java\1.50.0\config_ss_win -data c:\Users\G4lih\AppData\Roaming\Antigravity\User\workspaceStorage\20f6df2d00a1858f44181e17d7a95fc8\redhat.java\ss_ws --pipe=\\.\pipe\lsp-33696e058dfc049dc2d04c6b9855f315-sock
java_class_path (initial): c:\Users\G4lih\.antigravity\extensions\redhat.java-1.50.0-win32-x64\server\plugins\org.eclipse.equinox.launcher_1.7.100.v20251111-0406.jar
Launcher Type: SUN_STANDARD

[Global flags]
    uintx AdaptiveSizePolicyWeight                 = 90                                        {product} {command line}
     intx CICompilerCount                          = 12                                        {product} {ergonomic}
    uintx GCTimeRatio                              = 4                                         {product} {command line}
   size_t InitialHeapSize                          = 104857600                                 {product} {command line}
   size_t MaxHeapSize                              = 2147483648                                {product} {command line}
   size_t MaxNewSize                               = 715653120                                 {product} {ergonomic}
   size_t MinHeapDeltaBytes                        = 524288                                    {product} {ergonomic}
   size_t MinHeapSize                              = 104857600                                 {product} {command line}
   size_t NewSize                                  = 34603008                                  {product} {ergonomic}
    uintx NonNMethodCodeHeapSize                   = 7602480                                {pd product} {ergonomic}
    uintx NonProfiledCodeHeapSize                  = 122027880                              {pd product} {ergonomic}
   size_t OldSize                                  = 70254592                                  {product} {ergonomic}
    uintx ProfiledCodeHeapSize                     = 122027880                              {pd product} {ergonomic}
    uintx ReservedCodeCacheSize                    = 251658240                              {pd product} {ergonomic}
     bool SegmentedCodeCache                       = true                                      {product} {ergonomic}
   size_t SoftMaxHeapSize                          = 2147483648                             {manageable} {ergonomic}
     bool UseCompressedOops                        = true                           {product lp64_product} {ergonomic}
     bool UseLargePagesIndividualAllocation        = false                                  {pd product} {ergonomic}
     bool UseParallelGC                            = true                                      {product} {command line}

Logging:
Log output configuration:
 #0: stdout all=off uptime,level,tags foldmultilines=false
 #1: stderr all=off uptime,level,tags foldmultilines=false

Release file:
JAVA_VERSION="21.0.9" 
MODULES="java.base java.compiler java.datatransfer java.xml java.prefs java.desktop java.instrument java.logging java.management java.security.sasl java.naming java.rmi java.management.rmi java.net.http java.scripting java.security.jgss java.transaction.xa java.sql java.sql.rowset java.xml.crypto java.se java.smartcardio jdk.accessibility jdk.internal.jvmstat jdk.attach jdk.charsets jdk.internal.opt jdk.zipfs jdk.compiler jdk.crypto.ec jdk.crypto.cryptoki jdk.crypto.mscapi jdk.dynalink jdk.internal.ed jdk.editpad jdk.hotspot.agent jdk.httpserver jdk.internal.le jdk.internal.vm.ci jdk.internal.vm.compiler jdk.internal.vm.compiler.management jdk.jartool jdk.javadoc jdk.jcmd jdk.management jdk.management.agent jdk.jconsole jdk.jdeps jdk.jdwp.agent jdk.jdi jdk.jfr jdk.jshell jdk.jsobject jdk.jstatd jdk.localedata jdk.management.jfr jdk.naming.dns jdk.naming.rmi jdk.net jdk.nio.mapmode jdk.random jdk.sctp jdk.security.auth jdk.security.jgss jdk.unsupported jdk.unsupported.desktop jdk.xml.dom" 

Environment Variables:
PATH=C:\Python314\Scripts\;C:\Python314\;C:\Program Files\Common Files\Oracle\Java\javapath;C:\Windows\system32;C:\Windows;C:\Windows\System32\Wbem;C:\Windows\System32\WindowsPowerShell\v1.0\;C:\Windows\System32\OpenSSH\;C:\Program Files (x86)\NVIDIA Corporation\PhysX\Common;C:\Program Files\NVIDIA Corporation\NVIDIA NvDLISR;C:\Program Files\Git\cmd;C:\xampp\php;C:\ProgramData\ComposerSetup\bin;C:\Program Files\nodejs\;C:\ProgramData\chocolatey\bin;C:\Program Files\MySQL\MySQL Shell 8.0\bin\;C:\Users\G4lih\AppData\Local\Programs\Python\Launcher\;C:\Users\G4lih\AppData\Local\Microsoft\WindowsApps;C:\Users\G4lih\AppData\Local\Programs\Microsoft VS Code\bin;C:\Users\G4lih\AppData\Roaming\Composer\vendor\bin;C:\Users\G4lih\AppData\Roaming\npm;C:\Users\G4lih\AppData\Local\Programs\Antigravity\bin
USERNAME=G4lih
OS=Windows_NT
PROCESSOR_IDENTIFIER=Intel64 Family 6 Model 186 Stepping 2, GenuineIntel
TMP=C:\Users\G4lih\AppData\Local\Temp
TEMP=C:\Users\G4lih\AppData\Local\Temp




Periodic native trim disabled

---------------  S Y S T E M  ---------------

OS:
 Windows 11 , 64 bit Build 22621 (10.0.22621.5415)
OS uptime: 1 days 0:35 hours

CPU: total 16 (initial active 16) (8 cores per cpu, 2 threads per core) family 6 model 186 stepping 2 microcode 0x410e, cx8, cmov, fxsr, ht, mmx, 3dnowpref, sse, sse2, sse3, ssse3, sse4.1, sse4.2, popcnt, lzcnt, tsc, tscinvbit, avx, avx2, aes, erms, clmul, bmi1, bmi2, adx, sha, fma, vzeroupper, clflush, clflushopt, clwb, serialize, rdtscp, rdpid, fsrm, f16c, pku, cet_ibt, cet_ss
Processor Information for the first 16 processors :
  Max Mhz: 2400, Current Mhz: 2400, Mhz Limit: 2400

Memory: 4k page, system-wide physical 16003M (414M free)
TotalPageFile size 24942M (AvailPageFile size 0M)
current process WorkingSet (physical memory assigned to process): 146M, peak: 146M
current process commit charge ("private bytes"): 296M, peak: 296M

vm_info: OpenJDK 64-Bit Server VM (21.0.9+10-LTS) for windows-amd64 JRE (21.0.9+10-LTS), built on 2025-10-21T00:00:00Z by "admin" with unknown MS VC++:1942

END.
