#
# There is insufficient memory for the Java Runtime Environment to continue.
# Native memory allocation (mmap) failed to map 65536 bytes. Error detail: Failed to commit metaspace.
# Possible reasons:
#   The system is out of physical RAM or swap space
#   This process is running with CompressedOops enabled, and the Java Heap may be blocking the growth of the native heap
# Possible solutions:
#   Reduce memory load on the system
#   Increase physical memory or swap space
#   Check if swap backing store is full
#   Decrease Java heap size (-Xmx/-Xms)
#   Decrease number of Java threads
#   Decrease Java thread stack sizes (-Xss)
#   Set larger code cache with -XX:ReservedCodeCacheSize=
#   JVM is running with Unscaled Compressed Oops mode in which the Java heap is
#     placed in the first 4GB address space. The Java Heap base address is the
#     maximum limit for the native heap growth. Please use -XX:HeapBaseMinAddress
#     to set the Java Heap base and to place the Java Heap above 4GB virtual address.
# This output file may be truncated or incomplete.
#
#  Out of Memory Error (virtualSpaceNode.cpp:113), pid=28584, tid=36672
#
# JRE version: OpenJDK Runtime Environment Temurin-21.0.9+10 (21.0.9+10) (build 21.0.9+10-LTS)
# Java VM: OpenJDK 64-Bit Server VM Temurin-21.0.9+10 (21.0.9+10-LTS, mixed mode, sharing, tiered, compressed oops, compressed class ptrs, parallel gc, windows-amd64)
# No core dump will be written. Minidumps are not enabled by default on client versions of Windows
#

---------------  S U M M A R Y ------------

Command Line: --add-modules=ALL-SYSTEM --add-opens=java.base/java.util=ALL-UNNAMED --add-opens=java.base/java.lang=ALL-UNNAMED --add-opens=java.base/sun.nio.fs=ALL-UNNAMED -Declipse.application=org.eclipse.jdt.ls.core.id1 -Dosgi.bundles.defaultStartLevel=4 -Declipse.product=org.eclipse.jdt.ls.core.product -Djava.import.generatesMetadataFilesAtProjectRoot=false -DDetectVMInstallationsJob.disabled=true -Dfile.encoding=utf8 -XX:+UseParallelGC -XX:GCTimeRatio=4 -XX:AdaptiveSizePolicyWeight=90 -Dsun.zip.disableMemoryMapping=true -Xmx2G -Xms100m -Xlog:disable -javaagent:c:\Users\G4lih\.antigravity\extensions\redhat.java-1.50.0-win32-x64\lombok\lombok-1.18.39-4050.jar c:\Users\G4lih\.antigravity\extensions\redhat.java-1.50.0-win32-x64\server\plugins\org.eclipse.equinox.launcher_1.7.100.v20251111-0406.jar -configuration c:\Users\G4lih\AppData\Roaming\Antigravity\User\globalStorage\redhat.java\1.50.0\config_ss_win -data c:\Users\G4lih\AppData\Roaming\Antigravity\User\workspaceStorage\20f6df2d00a1858f44181e17d7a95fc8\redhat.java\ss_ws --pipe=\\.\pipe\lsp-3d1bf5f53ecda1c52626e9c00fa3b1be-sock

Host: 13th Gen Intel(R) Core(TM) i7-13620H, 16 cores, 15G,  Windows 11 , 64 bit Build 22621 (10.0.22621.5415)
Time: Mon Dec 22 00:30:50 2025 SE Asia Standard Time elapsed time: 0.274809 seconds (0d 0h 0m 0s)

---------------  T H R E A D  ---------------

Current thread (0x000001555e75d920):  JavaThread "main"             [_thread_in_vm, id=36672, stack(0x000000110ee00000,0x000000110ef00000) (1024K)]

Stack: [0x000000110ee00000,0x000000110ef00000]
Native frames: (J=compiled Java code, j=interpreted, Vv=VM code, C=native code)
V  [jvm.dll+0x6d6e29]
V  [jvm.dll+0x8b4b76]
V  [jvm.dll+0x8b712e]
V  [jvm.dll+0x8b7813]
V  [jvm.dll+0x283d86]
V  [jvm.dll+0x8b08be]
V  [jvm.dll+0x678824]
V  [jvm.dll+0x67888a]
V  [jvm.dll+0x67b086]
V  [jvm.dll+0x67af52]
V  [jvm.dll+0x6791fe]
V  [jvm.dll+0x280c57]
V  [jvm.dll+0x72d13f]
V  [jvm.dll+0x72dc7f]
V  [jvm.dll+0x3cbed1]
V  [jvm.dll+0x3caca7]
V  [jvm.dll+0x3cac48]
V  [jvm.dll+0x5dcc86]
V  [jvm.dll+0x5dbbf4]
V  [jvm.dll+0x3e03f2]
V  [jvm.dll+0x3dfaaa]
C  0x0000015568db8095

The last pc belongs to invokestatic (printed below).
Java frames: (J=compiled Java code, j=interpreted, Vv=VM code)
j  sun.security.x509.X509Key.buildX509Key(Lsun/security/x509/AlgorithmId;Lsun/security/util/BitArray;)Ljava/security/PublicKey;+30 java.base@21.0.9
j  sun.security.x509.X509Key.parse(Lsun/security/util/DerValue;)Ljava/security/PublicKey;+38 java.base@21.0.9
j  sun.security.x509.CertificateX509Key.<init>(Lsun/security/util/DerInputStream;)V+11 java.base@21.0.9
j  sun.security.x509.X509CertInfo.parse(Lsun/security/util/DerValue;)V+182 java.base@21.0.9
j  sun.security.x509.X509CertInfo.<init>(Lsun/security/util/DerValue;)V+67 java.base@21.0.9
j  sun.security.x509.X509CertImpl.parse(Lsun/security/util/DerValue;)V+210 java.base@21.0.9
j  sun.security.x509.X509CertImpl.<init>([B)V+45 java.base@21.0.9
j  sun.security.provider.X509Factory.cachedGetX509Cert([B)Lsun/security/x509/X509CertImpl;+22 java.base@21.0.9
j  sun.security.provider.X509Factory.engineGenerateCertificate(Ljava/io/InputStream;)Ljava/security/cert/Certificate;+33 java.base@21.0.9
j  java.security.cert.CertificateFactory.generateCertificate(Ljava/io/InputStream;)Ljava/security/cert/Certificate;+5 java.base@21.0.9
j  sun.security.pkcs.PKCS7.parseSignedData(Lsun/security/util/DerValue;)V+279 java.base@21.0.9
j  sun.security.pkcs.PKCS7.parse(Lsun/security/util/DerInputStream;Z)V+51 java.base@21.0.9
j  sun.security.pkcs.PKCS7.parse(Lsun/security/util/DerInputStream;)V+11 java.base@21.0.9
j  sun.security.pkcs.PKCS7.<init>([B)V+50 java.base@21.0.9
j  sun.security.util.SignatureFileVerifier.<init>(Ljava/util/ArrayList;Lsun/security/util/ManifestDigester;Ljava/lang/String;[B)V+35 java.base@21.0.9
j  java.util.jar.JarVerifier.processEntry(Lsun/security/util/ManifestEntryVerifier;)V+319 java.base@21.0.9
j  java.util.jar.JarVerifier.update(I[BIILsun/security/util/ManifestEntryVerifier;)V+39 java.base@21.0.9
j  java.util.jar.JarFile.initializeVerifier()V+164 java.base@21.0.9
j  java.util.jar.JarFile.ensureInitialization()V+36 java.base@21.0.9
j  java.util.jar.JavaUtilJarAccessImpl.ensureInitialization(Ljava/util/jar/JarFile;)V+1 java.base@21.0.9
j  jdk.internal.loader.URLClassPath$JarLoader$2.getManifest()Ljava/util/jar/Manifest;+10 java.base@21.0.9
j  jdk.internal.loader.BuiltinClassLoader.defineClass(Ljava/lang/String;Ljdk/internal/loader/Resource;)Ljava/lang/Class;+29 java.base@21.0.9
j  jdk.internal.loader.BuiltinClassLoader.findClassOnClassPathOrNull(Ljava/lang/String;)Ljava/lang/Class;+37 java.base@21.0.9
j  jdk.internal.loader.BuiltinClassLoader.loadClassOrNull(Ljava/lang/String;Z)Ljava/lang/Class;+111 java.base@21.0.9
j  jdk.internal.loader.BuiltinClassLoader.loadClass(Ljava/lang/String;Z)Ljava/lang/Class;+3 java.base@21.0.9
j  jdk.internal.loader.ClassLoaders$AppClassLoader.loadClass(Ljava/lang/String;Z)Ljava/lang/Class;+36 java.base@21.0.9
j  java.lang.ClassLoader.loadClass(Ljava/lang/String;)Ljava/lang/Class;+3 java.base@21.0.9
v  ~StubRoutines::call_stub 0x0000015568da100d
j  java.lang.Class.forName0(Ljava/lang/String;ZLjava/lang/ClassLoader;Ljava/lang/Class;)Ljava/lang/Class;+0 java.base@21.0.9
j  java.lang.Class.forName(Ljava/lang/String;ZLjava/lang/ClassLoader;Ljava/lang/Class;)Ljava/lang/Class;+37 java.base@21.0.9
j  java.lang.Class.forName(Ljava/lang/String;ZLjava/lang/ClassLoader;)Ljava/lang/Class;+20 java.base@21.0.9
j  sun.launcher.LauncherHelper.loadMainClass(ILjava/lang/String;)Ljava/lang/Class;+95 java.base@21.0.9
j  sun.launcher.LauncherHelper.checkAndLoadMain(ZILjava/lang/String;)Ljava/lang/Class;+42 java.base@21.0.9
v  ~StubRoutines::call_stub 0x0000015568da100d
invokestatic  184 invokestatic  [0x0000015568db7fe0, 0x0000015568db82a8]  712 bytes
[MachCode]
  0x0000015568db7fe0: 4883 ec08 | c5fa 1104 | 24eb 1f48 | 83ec 10c5 | fb11 0424 | eb14 4883 | ec10 4889 | 0424 48c7 
  0x0000015568db8000: 4424 0800 | 0000 00eb | 0150 4c89 | 6dc0 410f | b755 0148 | 8b4d d0c1 | e202 8b5c | d138 c1eb 
  0x0000015568db8020: 1081 e3ff | 0000 0081 | fbb8 0000 | 000f 84b4 | 0000 00bb | b800 0000 | e805 0000 | 00e9 9900 
  0x0000015568db8040: 0000 488b | d348 8d44 | 2408 4c89 | 6dc0 498b | cfc5 f877 | 4989 afa8 | 0300 0049 | 8987 9803 
  0x0000015568db8060: 0000 4883 | ec20 40f6 | c40f 0f84 | 1900 0000 | 4883 ec08 | 48b8 40fa | 1d27 fd7f | 0000 ffd0 
  0x0000015568db8080: 4883 c408 | e90c 0000 | 0048 b840 | fa1d 27fd | 7f00 00ff | d048 83c4 | 2049 c787 | 9803 0000 
  0x0000015568db80a0: 0000 0000 | 49c7 87a8 | 0300 0000 | 0000 0049 | c787 a003 | 0000 0000 | 0000 c5f8 | 7749 837f 
  0x0000015568db80c0: 0800 0f84 | 0500 0000 | e933 8efe | ff4c 8b6d | c04c 8b75 | c84e 8d74 | f500 c341 | 0fb7 5501 
  0x0000015568db80e0: 488b 4dd0 | c1e2 0248 | 8b5c d140 | 488b 5b08 | 488b 5b08 | 488b 5b18 | 80bb 3101 | 0000 040f 
  0x0000015568db8100: 840d 0000 | 004c 3bbb | 3801 0000 | 0f85 21ff | ffff 488b | 5cd1 408b | 54d1 50c1 | ea1c 49ba 
  0x0000015568db8120: 40d4 ac27 | fd7f 0000 | 498b 14d2 | 5248 8b45 | d848 85c0 | 0f84 1200 | 0000 4883 | 4008 0148 
  0x0000015568db8140: 8358 0800 | 4883 c010 | 4889 45d8 | 488b 45d8 | 4885 c00f | 843d 0100 | 0080 78f0 | 0a0f 8533 
  0x0000015568db8160: 0100 0048 | 83c0 084c | 8b68 f841 | 83ed 0041 | 83fd 020f | 8c12 0100 | 004c 8b6b | 0845 0fb7 
  0x0000015568db8180: 6d2e 4c2b | 2841 83ed | 014e 8b6c | ec08 4d85 | ed75 0ef6 | 4008 0175 | 58f0 4883 | 4808 01eb 
  0x0000015568db81a0: 5045 8b6d | 0849 ba00 | 0000 0055 | 0100 004d | 03ea 4d8b | d54c 3368 | 0849 f7c5 | fcff ffff 
  0x0000015568db81c0: 742f 41f6 | c502 7529 | 4883 7808 | 0074 1e48 | 8378 0801 | 7417 4d8b | ea4c 3368 | 0849 f7c5 
  0x0000015568db81e0: fcff ffff | 740b 4883 | 4808 02eb | 044c 8968 | 0848 83c0 | 104c 8b68 | e841 83ed | 0241 83fd 
  0x0000015568db8200: 020f 8c84 | 0000 004c | 8b6b 0845 | 0fb7 6d2e | 4c2b 2841 | 83ed 014e | 8b6c ec08 | 4d85 ed75 
  0x0000015568db8220: 0ef6 4008 | 0175 58f0 | 4883 4808 | 01eb 5045 | 8b6d 0849 | ba00 0000 | 0055 0100 | 004d 03ea 
  0x0000015568db8240: 4d8b d54c | 3368 0849 | f7c5 fcff | ffff 742f | 41f6 c502 | 7529 4883 | 7808 0074 | 1e48 8378 
  0x0000015568db8260: 0801 7417 | 4d8b ea4c | 3368 0849 | f7c5 fcff | ffff 740b | 4883 4808 | 02eb 044c | 8968 0848 
  0x0000015568db8280: 83c0 104c | 8b68 d841 | 83ed 0441 | c1e5 0349 | 03c5 4889 | 45d8 4c8d | 6c24 084c | 896d f0ff 
  0x0000015568db82a0: 6350 660f | 1f44 0000 
[/MachCode]

---------------  P R O C E S S  ---------------

Threads class SMR info:
_java_thread_list=0x000001557c019bb0, length=15, elements={
0x000001555e75d920, 0x00000155751e53b0, 0x00000155751e6c10, 0x00000155751ecab0,
0x00000155751eda40, 0x00000155751f0080, 0x00000155751f1420, 0x00000155765cd750,
0x00000155765ee5a0, 0x00000155766db890, 0x00000155766dbf30, 0x000001557670a2e0,
0x0000015576803340, 0x00000155768bdb20, 0x000001557c027440
}

Java Threads: ( => current thread )
=>0x000001555e75d920 JavaThread "main"                              [_thread_in_vm, id=36672, stack(0x000000110ee00000,0x000000110ef00000) (1024K)]
  0x00000155751e53b0 JavaThread "Reference Handler"          daemon [_thread_blocked, id=31852, stack(0x000000110f200000,0x000000110f300000) (1024K)]
  0x00000155751e6c10 JavaThread "Finalizer"                  daemon [_thread_blocked, id=25024, stack(0x000000110f300000,0x000000110f400000) (1024K)]
  0x00000155751ecab0 JavaThread "Signal Dispatcher"          daemon [_thread_blocked, id=36624, stack(0x000000110f400000,0x000000110f500000) (1024K)]
  0x00000155751eda40 JavaThread "Attach Listener"            daemon [_thread_blocked, id=16136, stack(0x000000110f500000,0x000000110f600000) (1024K)]
  0x00000155751f0080 JavaThread "Service Thread"             daemon [_thread_blocked, id=14004, stack(0x000000110f600000,0x000000110f700000) (1024K)]
  0x00000155751f1420 JavaThread "Monitor Deflation Thread"   daemon [_thread_blocked, id=34640, stack(0x000000110f700000,0x000000110f800000) (1024K)]
  0x00000155765cd750 JavaThread "C2 CompilerThread0"         daemon [_thread_blocked, id=27276, stack(0x000000110f800000,0x000000110f900000) (1024K)]
  0x00000155765ee5a0 JavaThread "C1 CompilerThread0"         daemon [_thread_blocked, id=25272, stack(0x000000110f900000,0x000000110fa00000) (1024K)]
  0x00000155766db890 JavaThread "C1 CompilerThread1"         daemon [_thread_blocked, id=28640, stack(0x000000110fa00000,0x000000110fb00000) (1024K)]
  0x00000155766dbf30 JavaThread "C1 CompilerThread2"         daemon [_thread_blocked, id=32792, stack(0x000000110fb00000,0x000000110fc00000) (1024K)]
  0x000001557670a2e0 JavaThread "C2 CompilerThread1"         daemon [_thread_blocked, id=34396, stack(0x000000110fc00000,0x000000110fd00000) (1024K)]
  0x0000015576803340 JavaThread "Common-Cleaner"             daemon [_thread_blocked, id=6616, stack(0x000000110fd00000,0x000000110fe00000) (1024K)]
  0x00000155768bdb20 JavaThread "C1 CompilerThread3"         daemon [_thread_blocked, id=34096, stack(0x000000110fe00000,0x000000110ff00000) (1024K)]
  0x000001557c027440 JavaThread "Notification Thread"        daemon [_thread_blocked, id=31188, stack(0x000000110ff00000,0x0000001110000000) (1024K)]
Total: 15

Other Threads:
  0x00000155751e4250 VMThread "VM Thread"                           [id=33008, stack(0x000000110f100000,0x000000110f200000) (1024K)]
  0x000001555e7c2cf0 WatcherThread "VM Periodic Task Thread"        [id=23288, stack(0x000000110f000000,0x000000110f100000) (1024K)]
  0x000001555e7761a0 WorkerThread "GC Thread#0"                     [id=3272, stack(0x000000110ef00000,0x000000110f000000) (1024K)]
Total: 3

Threads with active compile tasks:
Total: 0

VM state: not at safepoint (normal execution)

VM Mutex/Monitor currently owned by a thread:  ([mutex/lock_event])
[0x00007ffd27abb4f0] Metaspace_lock - owner thread: 0x000001555e75d920

Heap address: 0x0000000080000000, size: 2048 MB, Compressed Oops mode: 32-bit

CDS archive(s) mapped at: [0x0000015500000000-0x0000015500ba0000-0x0000015500ba0000), size 12189696, SharedBaseAddress: 0x0000015500000000, ArchiveRelocationMode: 1.
Compressed class space mapped at: 0x0000015501000000-0x0000015541000000, reserved size: 1073741824
Narrow klass base: 0x0000015500000000, Narrow klass shift: 0, Narrow klass range: 0x100000000

GC Precious Log:
 CardTable entry size: 512
 CPUs: 16 total, 16 available
 Memory: 16003M
 Large Page Support: Disabled
 NUMA Support: Disabled
 Compressed Oops: Enabled (32-bit)
 Alignments: Space 512K, Generation 512K, Heap 2M
 Heap Min Capacity: 100M
 Heap Initial Capacity: 100M
 Heap Max Capacity: 2G
 Pre-touch: Disabled
 Parallel Workers: 13

Heap:
 PSYoungGen      total 29696K, used 12970K [0x00000000d5580000, 0x00000000d7680000, 0x0000000100000000)
  eden space 25600K, 50% used [0x00000000d5580000,0x00000000d622aac8,0x00000000d6e80000)
  from space 4096K, 0% used [0x00000000d7280000,0x00000000d7280000,0x00000000d7680000)
  to   space 4096K, 0% used [0x00000000d6e80000,0x00000000d6e80000,0x00000000d7280000)
 ParOldGen       total 68608K, used 0K [0x0000000080000000, 0x0000000084300000, 0x00000000d5580000)
  object space 68608K, 0% used [0x0000000080000000,0x0000000080000000,0x0000000084300000)
 Metaspace       used 1825K, committed 1984K, reserved 1114112K
  class space    used 174K, committed 256K, reserved 1048576K

Card table byte_map: [0x000001555e100000,0x000001555e510000] _byte_map_base: 0x000001555dd00000

Marking Bits: (ParMarkBitMap*) 0x00007ffd27ac2460
 Begin Bits: [0x0000015570c00000, 0x0000015572c00000)
 End Bits:   [0x0000015572c00000, 0x0000015574c00000)

Polling page: 0x000001555c4c0000

Metaspace:

Usage:
  Non-class:      1.61 MB used.
      Class:    174.58 KB used.
       Both:      1.78 MB used.

Virtual space:
  Non-class space:       64.00 MB reserved,       1.69 MB (  3%) committed,  1 nodes.
      Class space:        1.00 GB reserved,     256.00 KB ( <1%) committed,  1 nodes.
             Both:        1.06 GB reserved,       1.94 MB ( <1%) committed. 

Chunk freelists:
   Non-Class:  11.65 MB
       Class:  15.67 MB
        Both:  27.32 MB

MaxMetaspaceSize: unlimited
CompressedClassSpaceSize: 1.00 GB
Initial GC threshold: 21.00 MB
Current GC threshold: 21.00 MB
CDS: on
 - commit_granule_bytes: 65536.
 - commit_granule_words: 8192.
 - virtual_space_node_default_size: 8388608.
 - enlarge_chunks_in_place: 1.
 - use_allocation_guard: 0.


Internal statistics:

num_allocs_failed_limit: 0.
num_arena_births: 78.
num_arena_deaths: 0.
num_vsnodes_births: 2.
num_vsnodes_deaths: 0.
num_space_committed: 31.
num_space_uncommitted: 0.
num_chunks_returned_to_freelist: 0.
num_chunks_taken_from_freelist: 100.
num_chunk_merges: 0.
num_chunk_splits: 70.
num_chunks_enlarged: 45.
num_inconsistent_stats: 0.

CodeHeap 'non-profiled nmethods': size=119168Kb used=211Kb max_used=211Kb free=118956Kb
 bounds [0x00000155694f0000, 0x0000015569760000, 0x0000015570950000]
CodeHeap 'profiled nmethods': size=119104Kb used=972Kb max_used=972Kb free=118131Kb
 bounds [0x0000015561950000, 0x0000015561bc0000, 0x0000015568da0000]
CodeHeap 'non-nmethods': size=7488Kb used=2849Kb max_used=2864Kb free=4638Kb
 bounds [0x0000015568da0000, 0x0000015569070000, 0x00000155694f0000]
CodeCache: size=245760Kb, used=4032Kb, max_used=4047Kb, free=241725Kb
 total_blobs=1063, nmethods=650, adapters=317, full_count=0
Compilation: enabled, stopped_count=0, restarted_count=0

Compilation events (20 events):
Event: 0.267 Thread 0x000001557670a2e0 nmethod 637 0x0000015569522d90 code [0x0000015569522f20, 0x0000015569523000]
Event: 0.267 Thread 0x00000155766dbf30  639       3       jdk.internal.org.objectweb.asm.Type::getArgumentsAndReturnSizes (140 bytes)
Event: 0.267 Thread 0x00000155768bdb20  640       3       java.lang.Number::<init> (5 bytes)
Event: 0.267 Thread 0x00000155765ee5a0  641       3       java.lang.Byte::<init> (10 bytes)
Event: 0.267 Thread 0x00000155768bdb20 nmethod 640 0x0000015561a3e510 code [0x0000015561a3e6c0, 0x0000015561a3e828]
Event: 0.267 Thread 0x00000155765ee5a0 nmethod 641 0x0000015561a3e910 code [0x0000015561a3eac0, 0x0000015561a3ec88]
Event: 0.268 Thread 0x00000155766dbf30 nmethod 639 0x0000015561a3ed90 code [0x0000015561a3f160, 0x0000015561a40cc0]
Event: 0.268 Thread 0x00000155765cd750  642       4       java.util.HashMap$HashIterator::<init> (79 bytes)
Event: 0.269 Thread 0x00000155768bdb20  643       3       java.util.concurrent.ConcurrentHashMap$Node::<init> (14 bytes)
Event: 0.269 Thread 0x00000155766dbf30  644       3       sun.security.util.ObjectIdentifier::checkOtherComponent (41 bytes)
Event: 0.269 Thread 0x00000155768bdb20 nmethod 643 0x0000015561a41790 code [0x0000015561a41940, 0x0000015561a41b58]
Event: 0.269 Thread 0x00000155766dbf30 nmethod 644 0x0000015561a41c90 code [0x0000015561a41ee0, 0x0000015561a42580]
Event: 0.269 Thread 0x00000155766dbf30  645       3       java.lang.invoke.MethodHandles$Lookup::lookupClassOrNull (17 bytes)
Event: 0.269 Thread 0x00000155766dbf30 nmethod 645 0x0000015561a42890 code [0x0000015561a42a40, 0x0000015561a42bc8]
Event: 0.271 Thread 0x000001557670a2e0  646       4       java.util.ArrayList$Itr::next (66 bytes)
Event: 0.271 Thread 0x00000155765cd750 nmethod 642 0x0000015569523110 code [0x00000155695232a0, 0x00000155695235b0]
Event: 0.271 Thread 0x00000155765cd750  647       4       java.lang.String::replace (42 bytes)
Event: 0.272 Thread 0x000001557670a2e0 nmethod 646 0x0000015569523b90 code [0x0000015569523d20, 0x0000015569523e88]
Event: 0.273 Thread 0x00000155766dbf30  650       3       jdk.internal.org.objectweb.asm.ByteVector::putByteArray (49 bytes)
Event: 0.273 Thread 0x00000155766dbf30 nmethod 650 0x0000015561a42c90 code [0x0000015561a42e60, 0x0000015561a43128]

GC Heap History (0 events):
No events

Dll operation events (8 events):
Event: 0.009 Loaded shared library c:\Users\G4lih\.antigravity\extensions\redhat.java-1.50.0-win32-x64\jre\21.0.9-win32-x86_64\bin\java.dll
Event: 0.057 Loaded shared library c:\Users\G4lih\.antigravity\extensions\redhat.java-1.50.0-win32-x64\jre\21.0.9-win32-x86_64\bin\zip.dll
Event: 0.073 Loaded shared library C:\Users\G4lih\.antigravity\extensions\redhat.java-1.50.0-win32-x64\jre\21.0.9-win32-x86_64\bin\instrument.dll
Event: 0.077 Loaded shared library C:\Users\G4lih\.antigravity\extensions\redhat.java-1.50.0-win32-x64\jre\21.0.9-win32-x86_64\bin\net.dll
Event: 0.079 Loaded shared library C:\Users\G4lih\.antigravity\extensions\redhat.java-1.50.0-win32-x64\jre\21.0.9-win32-x86_64\bin\nio.dll
Event: 0.082 Loaded shared library C:\Users\G4lih\.antigravity\extensions\redhat.java-1.50.0-win32-x64\jre\21.0.9-win32-x86_64\bin\zip.dll
Event: 0.095 Loaded shared library C:\Users\G4lih\.antigravity\extensions\redhat.java-1.50.0-win32-x64\jre\21.0.9-win32-x86_64\bin\jimage.dll
Event: 0.151 Loaded shared library c:\Users\G4lih\.antigravity\extensions\redhat.java-1.50.0-win32-x64\jre\21.0.9-win32-x86_64\bin\verify.dll

Deoptimization events (20 events):
Event: 0.213 Thread 0x000001555e75d920 Uncommon trap: trap_request=0xffffff45 fr.pc=0x0000015569500018 relative=0x00000000000005f8
Event: 0.213 Thread 0x000001555e75d920 Uncommon trap: reason=unstable_if action=reinterpret pc=0x0000015569500018 method=java.util.HashMap.putVal(ILjava/lang/Object;Ljava/lang/Object;ZZ)Ljava/lang/Object; @ 69 c2
Event: 0.213 Thread 0x000001555e75d920 DEOPT PACKING pc=0x0000015569500018 sp=0x000000110eefdf30
Event: 0.213 Thread 0x000001555e75d920 DEOPT UNPACKING pc=0x0000015568df3aa2 sp=0x000000110eefdea0 mode 2
Event: 0.224 Thread 0x000001555e75d920 Uncommon trap: trap_request=0xffffff45 fr.pc=0x0000015569501060 relative=0x00000000000000c0
Event: 0.224 Thread 0x000001555e75d920 Uncommon trap: reason=unstable_if action=reinterpret pc=0x0000015569501060 method=java.lang.String.isLatin1()Z @ 10 c2
Event: 0.224 Thread 0x000001555e75d920 DEOPT PACKING pc=0x0000015569501060 sp=0x000000110eefec30
Event: 0.224 Thread 0x000001555e75d920 DEOPT UNPACKING pc=0x0000015568df3aa2 sp=0x000000110eefeb70 mode 2
Event: 0.227 Thread 0x000001555e75d920 DEOPT PACKING pc=0x000001556198c758 sp=0x000000110eefbc00
Event: 0.227 Thread 0x000001555e75d920 DEOPT UNPACKING pc=0x0000015568df4242 sp=0x000000110eefb0c0 mode 0
Event: 0.229 Thread 0x000001555e75d920 DEOPT PACKING pc=0x000001556198c758 sp=0x000000110eefc560
Event: 0.229 Thread 0x000001555e75d920 DEOPT UNPACKING pc=0x0000015568df4242 sp=0x000000110eefba20 mode 0
Event: 0.231 Thread 0x000001555e75d920 DEOPT PACKING pc=0x000001556198c758 sp=0x000000110eefaf60
Event: 0.231 Thread 0x000001555e75d920 DEOPT UNPACKING pc=0x0000015568df4242 sp=0x000000110eefa420 mode 0
Event: 0.232 Thread 0x000001555e75d920 DEOPT PACKING pc=0x000001556198c711 sp=0x000000110eefa6b0
Event: 0.232 Thread 0x000001555e75d920 DEOPT UNPACKING pc=0x0000015568df4242 sp=0x000000110eef9b70 mode 0
Event: 0.232 Thread 0x000001555e75d920 DEOPT PACKING pc=0x000001556198c758 sp=0x000000110eef9780
Event: 0.232 Thread 0x000001555e75d920 DEOPT UNPACKING pc=0x0000015568df4242 sp=0x000000110eef8c40 mode 0
Event: 0.233 Thread 0x000001555e75d920 DEOPT PACKING pc=0x000001556198c758 sp=0x000000110eef9770
Event: 0.233 Thread 0x000001555e75d920 DEOPT UNPACKING pc=0x0000015568df4242 sp=0x000000110eef8c30 mode 0

Classes loaded (20 events):
Event: 0.271 Loading class sun/security/x509/CertificateX509Key
Event: 0.271 Loading class sun/security/x509/CertificateX509Key done
Event: 0.272 Loading class sun/security/x509/X509Key
Event: 0.272 Loading class java/security/PublicKey
Event: 0.272 Loading class java/security/Key
Event: 0.272 Loading class java/security/Key done
Event: 0.272 Loading class java/security/PublicKey done
Event: 0.272 Loading class sun/security/x509/X509Key done
Event: 0.272 Loading class sun/security/util/BitArray
Event: 0.272 Loading class sun/security/util/BitArray done
Event: 0.272 Loading class java/security/spec/X509EncodedKeySpec
Event: 0.272 Loading class java/security/spec/EncodedKeySpec
Event: 0.272 Loading class java/security/spec/KeySpec
Event: 0.272 Loading class java/security/spec/KeySpec done
Event: 0.272 Loading class java/security/spec/EncodedKeySpec done
Event: 0.272 Loading class java/security/spec/X509EncodedKeySpec done
Event: 0.272 Loading class jdk/internal/access/JavaSecuritySpecAccess
Event: 0.272 Loading class jdk/internal/access/JavaSecuritySpecAccess done
Event: 0.273 Loading class java/security/KeyFactory
Event: 0.274 Loading class java/security/KeyFactory done

Classes unloaded (0 events):
No events

Classes redefined (0 events):
No events

Internal exceptions (12 events):
Event: 0.053 Thread 0x000001555e75d920 Exception <a 'java/lang/NoSuchMethodError'{0x00000000d57a9a28}: 'void java.lang.invoke.DirectMethodHandle$Holder.invokeStatic(java.lang.Object, java.lang.Object, java.lang.Object)'> (0x00000000d57a9a28) 
thrown [s\src\hotspot\share\interpreter\linkResolver.cpp, line 773]
Event: 0.091 Thread 0x000001555e75d920 Exception <a 'java/lang/NoSuchMethodError'{0x00000000d59923e8}: 'java.lang.Object java.lang.invoke.Invokers$Holder.invokeExact_MT(java.lang.Object, java.lang.Object, java.lang.Object, java.lang.Object, java.lang.Object)'> (0x00000000d59923e8) 
thrown [s\src\hotspot\share\interpreter\linkResolver.cpp, line 773]
Event: 0.119 Thread 0x000001555e75d920 Exception <a 'java/lang/NoSuchMethodError'{0x00000000d5aca598}: 'int java.lang.invoke.DirectMethodHandle$Holder.invokeSpecial(java.lang.Object, java.lang.Object, java.lang.Object, int)'> (0x00000000d5aca598) 
thrown [s\src\hotspot\share\interpreter\linkResolver.cpp, line 773]
Event: 0.121 Thread 0x000001555e75d920 Exception <a 'java/lang/NoSuchMethodError'{0x00000000d5adcf80}: 'java.lang.Object java.lang.invoke.DirectMethodHandle$Holder.invokeStatic(java.lang.Object, java.lang.Object, java.lang.Object, java.lang.Object, int)'> (0x00000000d5adcf80) 
thrown [s\src\hotspot\share\interpreter\linkResolver.cpp, line 773]
Event: 0.122 Thread 0x000001555e75d920 Exception <a 'java/lang/NoSuchMethodError'{0x00000000d5ae83c0}: 'void java.lang.invoke.DelegatingMethodHandle$Holder.reinvoke_L(java.lang.Object, java.lang.Object, java.lang.Object, int, java.lang.Object)'> (0x00000000d5ae83c0) 
thrown [s\src\hotspot\share\interpreter\linkResolver.cpp, line 773]
Event: 0.125 Thread 0x000001555e75d920 Exception <a 'java/lang/NoSuchMethodError'{0x00000000d5af8d10}: 'int java.lang.invoke.DirectMethodHandle$Holder.invokeSpecial(java.lang.Object, java.lang.Object, java.lang.Object)'> (0x00000000d5af8d10) 
thrown [s\src\hotspot\share\interpreter\linkResolver.cpp, line 773]
Event: 0.127 Thread 0x000001555e75d920 Exception <a 'java/lang/NoSuchMethodError'{0x00000000d5b049d0}: 'java.lang.Object java.lang.invoke.DirectMethodHandle$Holder.invokeStatic(java.lang.Object, java.lang.Object, int)'> (0x00000000d5b049d0) 
thrown [s\src\hotspot\share\interpreter\linkResolver.cpp, line 773]
Event: 0.128 Thread 0x000001555e75d920 Exception <a 'java/lang/NoSuchMethodError'{0x00000000d5b09320}: 'void java.lang.invoke.DirectMethodHandle$Holder.invokeStatic(java.lang.Object, java.lang.Object, int, java.lang.Object)'> (0x00000000d5b09320) 
thrown [s\src\hotspot\share\interpreter\linkResolver.cpp, line 773]
Event: 0.128 Thread 0x000001555e75d920 Exception <a 'java/lang/NoSuchMethodError'{0x00000000d5b0ceb0}: 'void java.lang.invoke.DirectMethodHandle$Holder.invokeSpecial(java.lang.Object, java.lang.Object, java.lang.Object, int, java.lang.Object)'> (0x00000000d5b0ceb0) 
thrown [s\src\hotspot\share\interpreter\linkResolver.cpp, line 773]
Event: 0.128 Thread 0x000001555e75d920 Exception <a 'java/lang/NoSuchMethodError'{0x00000000d5b10320}: 'void java.lang.invoke.DelegatingMethodHandle$Holder.delegate(java.lang.Object, java.lang.Object, int, java.lang.Object)'> (0x00000000d5b10320) 
thrown [s\src\hotspot\share\interpreter\linkResolver.cpp, line 773]
Event: 0.167 Thread 0x000001555e75d920 Exception <a 'java/lang/NoSuchMethodError'{0x00000000d5d518d0}: 'void java.lang.invoke.DelegatingMethodHandle$Holder.reinvoke_L(java.lang.Object, java.lang.Object, java.lang.Object, int)'> (0x00000000d5d518d0) 
thrown [s\src\hotspot\share\interpreter\linkResolver.cpp, line 773]
Event: 0.273 Thread 0x000001555e75d920 Exception <a 'java/lang/NoSuchMethodError'{0x00000000d61e06e0}: 'void java.lang.invoke.DirectMethodHandle$Holder.invokeVirtual(java.lang.Object, java.lang.Object)'> (0x00000000d61e06e0) 
thrown [s\src\hotspot\share\interpreter\linkResolver.cpp, line 773]

ZGC Phase Switch (0 events):
No events

VM Operations (4 events):
Event: 0.056 Executing VM operation: HandshakeAllThreads (Deoptimize)
Event: 0.056 Executing VM operation: HandshakeAllThreads (Deoptimize) done
Event: 0.105 Executing VM operation: HandshakeAllThreads (Deoptimize)
Event: 0.105 Executing VM operation: HandshakeAllThreads (Deoptimize) done

Memory protections (0 events):
No events

Nmethod flushes (0 events):
No events

Events (15 events):
Event: 0.020 Thread 0x000001555e75d920 Thread added: 0x000001555e75d920
Event: 0.032 Thread 0x000001555e75d920 Thread added: 0x00000155751e53b0
Event: 0.032 Thread 0x000001555e75d920 Thread added: 0x00000155751e6c10
Event: 0.032 Thread 0x000001555e75d920 Thread added: 0x00000155751ecab0
Event: 0.032 Thread 0x000001555e75d920 Thread added: 0x00000155751eda40
Event: 0.032 Thread 0x000001555e75d920 Thread added: 0x00000155751f0080
Event: 0.032 Thread 0x000001555e75d920 Thread added: 0x00000155751f1420
Event: 0.032 Thread 0x000001555e75d920 Thread added: 0x00000155765cd750
Event: 0.032 Thread 0x000001555e75d920 Thread added: 0x00000155765ee5a0
Event: 0.055 Thread 0x00000155765ee5a0 Thread added: 0x00000155766db890
Event: 0.055 Thread 0x00000155765ee5a0 Thread added: 0x00000155766dbf30
Event: 0.062 Thread 0x00000155765cd750 Thread added: 0x000001557670a2e0
Event: 0.074 Thread 0x000001555e75d920 Thread added: 0x0000015576803340
Event: 0.101 Thread 0x00000155766db890 Thread added: 0x00000155768bdb20
Event: 0.223 Thread 0x000001555e75d920 Thread added: 0x000001557c027440


Dynamic libraries:
0x00007ff74e690000 - 0x00007ff74e69e000 	c:\Users\G4lih\.antigravity\extensions\redhat.java-1.50.0-win32-x64\jre\21.0.9-win32-x86_64\bin\java.exe
0x00007ffdba610000 - 0x00007ffdba827000 	C:\Windows\SYSTEM32\ntdll.dll
0x00007ffdb8fe0000 - 0x00007ffdb90a4000 	C:\Windows\System32\KERNEL32.DLL
0x00007ffdb77a0000 - 0x00007ffdb7b72000 	C:\Windows\System32\KERNELBASE.dll
0x00007ffdb2720000 - 0x00007ffdb27b7000 	C:\Windows\SYSTEM32\apphelp.dll
0x00007ffdb7cb0000 - 0x00007ffdb7dc1000 	C:\Windows\System32\ucrtbase.dll
0x00007ffda3fd0000 - 0x00007ffda3fee000 	c:\Users\G4lih\.antigravity\extensions\redhat.java-1.50.0-win32-x64\jre\21.0.9-win32-x86_64\bin\VCRUNTIME140.dll
0x00007ffdb0350000 - 0x00007ffdb0368000 	c:\Users\G4lih\.antigravity\extensions\redhat.java-1.50.0-win32-x64\jre\21.0.9-win32-x86_64\bin\jli.dll
0x00007ffdb8640000 - 0x00007ffdb87f1000 	C:\Windows\System32\USER32.dll
0x00007ffdb81b0000 - 0x00007ffdb81d6000 	C:\Windows\System32\win32u.dll
0x00007ffdb95e0000 - 0x00007ffdb9609000 	C:\Windows\System32\GDI32.dll
0x00007ffdaedb0000 - 0x00007ffdaf04b000 	C:\Windows\WinSxS\amd64_microsoft.windows.common-controls_6595b64144ccf1df_6.0.22621.5547_none_27104afb73855772\COMCTL32.dll
0x00007ffdb7b80000 - 0x00007ffdb7ca3000 	C:\Windows\System32\gdi32full.dll
0x00007ffdb9b10000 - 0x00007ffdb9bb7000 	C:\Windows\System32\msvcrt.dll
0x00007ffdb7700000 - 0x00007ffdb779a000 	C:\Windows\System32\msvcp_win.dll
0x00007ffdb9620000 - 0x00007ffdb9651000 	C:\Windows\System32\IMM32.DLL
0x00007ffdb0340000 - 0x00007ffdb034c000 	c:\Users\G4lih\.antigravity\extensions\redhat.java-1.50.0-win32-x64\jre\21.0.9-win32-x86_64\bin\vcruntime140_1.dll
0x00007ffd5e6e0000 - 0x00007ffd5e76d000 	c:\Users\G4lih\.antigravity\extensions\redhat.java-1.50.0-win32-x64\jre\21.0.9-win32-x86_64\bin\msvcp140.dll
0x00007ffd26e00000 - 0x00007ffd27ba0000 	c:\Users\G4lih\.antigravity\extensions\redhat.java-1.50.0-win32-x64\jre\21.0.9-win32-x86_64\bin\server\jvm.dll
0x00007ffdb8b50000 - 0x00007ffdb8c01000 	C:\Windows\System32\ADVAPI32.dll
0x00007ffdb90b0000 - 0x00007ffdb9158000 	C:\Windows\System32\sechost.dll
0x00007ffdb8180000 - 0x00007ffdb81a8000 	C:\Windows\System32\bcrypt.dll
0x00007ffdb8a30000 - 0x00007ffdb8b44000 	C:\Windows\System32\RPCRT4.dll
0x00007ffdba550000 - 0x00007ffdba5c1000 	C:\Windows\System32\WS2_32.dll
0x00007ffdb2810000 - 0x00007ffdb2844000 	C:\Windows\SYSTEM32\WINMM.dll
0x00007ffdb27d0000 - 0x00007ffdb27da000 	C:\Windows\SYSTEM32\VERSION.dll
0x00007ffdb6580000 - 0x00007ffdb65cd000 	C:\Windows\SYSTEM32\POWRPROF.dll
0x00007ffdb6560000 - 0x00007ffdb6573000 	C:\Windows\SYSTEM32\UMPDC.dll
0x00007ffdb6820000 - 0x00007ffdb6838000 	C:\Windows\SYSTEM32\kernel.appcore.dll
0x00007ffdaf5a0000 - 0x00007ffdaf5aa000 	c:\Users\G4lih\.antigravity\extensions\redhat.java-1.50.0-win32-x64\jre\21.0.9-win32-x86_64\bin\jimage.dll
0x00007ffdb4b40000 - 0x00007ffdb4d73000 	C:\Windows\SYSTEM32\DBGHELP.DLL
0x00007ffdb82a0000 - 0x00007ffdb8633000 	C:\Windows\System32\combase.dll
0x00007ffdb9800000 - 0x00007ffdb98d7000 	C:\Windows\System32\OLEAUT32.dll
0x00007ffdaf420000 - 0x00007ffdaf452000 	C:\Windows\SYSTEM32\dbgcore.DLL
0x00007ffdb7f90000 - 0x00007ffdb800b000 	C:\Windows\System32\bcryptPrimitives.dll
0x00007ffda4a70000 - 0x00007ffda4a7f000 	c:\Users\G4lih\.antigravity\extensions\redhat.java-1.50.0-win32-x64\jre\21.0.9-win32-x86_64\bin\instrument.dll
0x00007ffd9f3c0000 - 0x00007ffd9f3e0000 	c:\Users\G4lih\.antigravity\extensions\redhat.java-1.50.0-win32-x64\jre\21.0.9-win32-x86_64\bin\java.dll
0x00007ffdb9ca0000 - 0x00007ffdba542000 	C:\Windows\System32\SHELL32.dll
0x00007ffdb7dd0000 - 0x00007ffdb7f0f000 	C:\Windows\System32\wintypes.dll
0x00007ffdb5640000 - 0x00007ffdb5f5d000 	C:\Windows\SYSTEM32\windows.storage.dll
0x00007ffdb8c40000 - 0x00007ffdb8d4c000 	C:\Windows\System32\SHCORE.dll
0x00007ffdb9c30000 - 0x00007ffdb9c99000 	C:\Windows\System32\shlwapi.dll
0x00007ffdb7630000 - 0x00007ffdb765b000 	C:\Windows\SYSTEM32\profapi.dll
0x00007ffd92a60000 - 0x00007ffd92a78000 	c:\Users\G4lih\.antigravity\extensions\redhat.java-1.50.0-win32-x64\jre\21.0.9-win32-x86_64\bin\zip.dll
0x00007ffda49f0000 - 0x00007ffda4a00000 	C:\Users\G4lih\.antigravity\extensions\redhat.java-1.50.0-win32-x64\jre\21.0.9-win32-x86_64\bin\net.dll
0x00007ffdb3d40000 - 0x00007ffdb3e6c000 	C:\Windows\SYSTEM32\WINHTTP.dll
0x00007ffdb6ca0000 - 0x00007ffdb6d09000 	C:\Windows\system32\mswsock.dll
0x00007ffd77d80000 - 0x00007ffd77d96000 	C:\Users\G4lih\.antigravity\extensions\redhat.java-1.50.0-win32-x64\jre\21.0.9-win32-x86_64\bin\nio.dll
0x00007ffda48a0000 - 0x00007ffda48b0000 	c:\Users\G4lih\.antigravity\extensions\redhat.java-1.50.0-win32-x64\jre\21.0.9-win32-x86_64\bin\verify.dll

JVMTI agents:
c:\Users\G4lih\.antigravity\extensions\redhat.java-1.50.0-win32-x64\lombok\lombok-1.18.39-4050.jar path:c:\Users\G4lih\.antigravity\extensions\redhat.java-1.50.0-win32-x64\jre\21.0.9-win32-x86_64\bin\instrument.dll, loaded, initialized, instrumentlib options:none

dbghelp: loaded successfully - version: 4.0.5 - missing functions: none
symbol engine: initialized successfully - sym options: 0x614 - pdb path: .;c:\Users\G4lih\.antigravity\extensions\redhat.java-1.50.0-win32-x64\jre\21.0.9-win32-x86_64\bin;C:\Windows\SYSTEM32;C:\Windows\WinSxS\amd64_microsoft.windows.common-controls_6595b64144ccf1df_6.0.22621.5547_none_27104afb73855772;c:\Users\G4lih\.antigravity\extensions\redhat.java-1.50.0-win32-x64\jre\21.0.9-win32-x86_64\bin\server

VM Arguments:
jvm_args: --add-modules=ALL-SYSTEM --add-opens=java.base/java.util=ALL-UNNAMED --add-opens=java.base/java.lang=ALL-UNNAMED --add-opens=java.base/sun.nio.fs=ALL-UNNAMED -Declipse.application=org.eclipse.jdt.ls.core.id1 -Dosgi.bundles.defaultStartLevel=4 -Declipse.product=org.eclipse.jdt.ls.core.product -Djava.import.generatesMetadataFilesAtProjectRoot=false -DDetectVMInstallationsJob.disabled=true -Dfile.encoding=utf8 -XX:+UseParallelGC -XX:GCTimeRatio=4 -XX:AdaptiveSizePolicyWeight=90 -Dsun.zip.disableMemoryMapping=true -Xmx2G -Xms100m -Xlog:disable -javaagent:c:\Users\G4lih\.antigravity\extensions\redhat.java-1.50.0-win32-x64\lombok\lombok-1.18.39-4050.jar 
java_command: c:\Users\G4lih\.antigravity\extensions\redhat.java-1.50.0-win32-x64\server\plugins\org.eclipse.equinox.launcher_1.7.100.v20251111-0406.jar -configuration c:\Users\G4lih\AppData\Roaming\Antigravity\User\globalStorage\redhat.java\1.50.0\config_ss_win -data c:\Users\G4lih\AppData\Roaming\Antigravity\User\workspaceStorage\20f6df2d00a1858f44181e17d7a95fc8\redhat.java\ss_ws --pipe=\\.\pipe\lsp-3d1bf5f53ecda1c52626e9c00fa3b1be-sock
java_class_path (initial): c:\Users\G4lih\.antigravity\extensions\redhat.java-1.50.0-win32-x64\server\plugins\org.eclipse.equinox.launcher_1.7.100.v20251111-0406.jar
Launcher Type: SUN_STANDARD

[Global flags]
    uintx AdaptiveSizePolicyWeight                 = 90                                        {product} {command line}
     intx CICompilerCount                          = 12                                        {product} {ergonomic}
    uintx GCTimeRatio                              = 4                                         {product} {command line}
   size_t InitialHeapSize                          = 104857600                                 {product} {command line}
   size_t MaxHeapSize                              = 2147483648                                {product} {command line}
   size_t MaxNewSize                               = 715653120                                 {product} {ergonomic}
   size_t MinHeapDeltaBytes                        = 524288                                    {product} {ergonomic}
   size_t MinHeapSize                              = 104857600                                 {product} {command line}
   size_t NewSize                                  = 34603008                                  {product} {ergonomic}
    uintx NonNMethodCodeHeapSize                   = 7602480                                {pd product} {ergonomic}
    uintx NonProfiledCodeHeapSize                  = 122027880                              {pd product} {ergonomic}
   size_t OldSize                                  = 70254592                                  {product} {ergonomic}
    uintx ProfiledCodeHeapSize                     = 122027880                              {pd product} {ergonomic}
    uintx ReservedCodeCacheSize                    = 251658240                              {pd product} {ergonomic}
     bool SegmentedCodeCache                       = true                                      {product} {ergonomic}
   size_t SoftMaxHeapSize                          = 2147483648                             {manageable} {ergonomic}
     bool UseCompressedOops                        = true                           {product lp64_product} {ergonomic}
     bool UseLargePagesIndividualAllocation        = false                                  {pd product} {ergonomic}
     bool UseParallelGC                            = true                                      {product} {command line}

Logging:
Log output configuration:
 #0: stdout all=off uptime,level,tags foldmultilines=false
 #1: stderr all=off uptime,level,tags foldmultilines=false

Release file:
<release file has not been read>
Environment Variables:
PATH=C:\Python314\Scripts\;C:\Python314\;C:\Program Files\Common Files\Oracle\Java\javapath;C:\Windows\system32;C:\Windows;C:\Windows\System32\Wbem;C:\Windows\System32\WindowsPowerShell\v1.0\;C:\Windows\System32\OpenSSH\;C:\Program Files (x86)\NVIDIA Corporation\PhysX\Common;C:\Program Files\NVIDIA Corporation\NVIDIA NvDLISR;C:\Program Files\Git\cmd;C:\xampp\php;C:\ProgramData\ComposerSetup\bin;C:\Program Files\nodejs\;C:\ProgramData\chocolatey\bin;C:\Program Files\MySQL\MySQL Shell 8.0\bin\;C:\Users\G4lih\AppData\Local\Programs\Python\Launcher\;C:\Users\G4lih\AppData\Local\Microsoft\WindowsApps;C:\Users\G4lih\AppData\Local\Programs\Microsoft VS Code\bin;C:\Users\G4lih\AppData\Roaming\Composer\vendor\bin;C:\Users\G4lih\AppData\Roaming\npm;C:\Users\G4lih\AppData\Local\Programs\Antigravity\bin
USERNAME=G4lih
OS=Windows_NT
PROCESSOR_IDENTIFIER=Intel64 Family 6 Model 186 Stepping 2, GenuineIntel
TMP=C:\Users\G4lih\AppData\Local\Temp
TEMP=C:\Users\G4lih\AppData\Local\Temp




Periodic native trim disabled

---------------  S Y S T E M  ---------------

OS:
 Windows 11 , 64 bit Build 22621 (10.0.22621.5415)
OS uptime: 1 days 0:36 hours

CPU: total 16 (initial active 16) (8 cores per cpu, 2 threads per core) family 6 model 186 stepping 2 microcode 0x410e, cx8, cmov, fxsr, ht, mmx, 3dnowpref, sse, sse2, sse3, ssse3, sse4.1, sse4.2, popcnt, lzcnt, tsc, tscinvbit, avx, avx2, aes, erms, clmul, bmi1, bmi2, adx, sha, fma, vzeroupper, clflush, clflushopt, clwb, serialize, rdtscp, rdpid, fsrm, f16c, pku, cet_ibt, cet_ss
Processor Information for the first 16 processors :
  Max Mhz: 2400, Current Mhz: 2400, Mhz Limit: 2400

Memory: 4k page, system-wide physical 16003M (571M free)
TotalPageFile size 24942M (AvailPageFile size 44M)
current process WorkingSet (physical memory assigned to process): 53M, peak: 53M
current process commit charge ("private bytes"): 243M, peak: 243M

vm_info: OpenJDK 64-Bit Server VM (21.0.9+10-LTS) for windows-amd64 JRE (21.0.9+10-LTS), built on 2025-10-21T00:00:00Z by "admin" with unknown MS VC++:1942

END.
