#
# There is insufficient memory for the Java Runtime Environment to continue.
# Native memory allocation (malloc) failed to allocate 1216176 bytes. Error detail: Chunk::new
# Possible reasons:
#   The system is out of physical RAM or swap space
#   This process is running with CompressedOops enabled, and the Java Heap may be blocking the growth of the native heap
# Possible solutions:
#   Reduce memory load on the system
#   Increase physical memory or swap space
#   Check if swap backing store is full
#   Decrease Java heap size (-Xmx/-Xms)
#   Decrease number of Java threads
#   Decrease Java thread stack sizes (-Xss)
#   Set larger code cache with -XX:ReservedCodeCacheSize=
#   JVM is running with Unscaled Compressed Oops mode in which the Java heap is
#     placed in the first 4GB address space. The Java Heap base address is the
#     maximum limit for the native heap growth. Please use -XX:HeapBaseMinAddress
#     to set the Java Heap base and to place the Java Heap above 4GB virtual address.
# This output file may be truncated or incomplete.
#
#  Out of Memory Error (arena.cpp:168), pid=25032, tid=11488
#
# JRE version: OpenJDK Runtime Environment Temurin-21.0.9+10 (21.0.9+10) (build 21.0.9+10-LTS)
# Java VM: OpenJDK 64-Bit Server VM Temurin-21.0.9+10 (21.0.9+10-LTS, mixed mode, sharing, tiered, compressed oops, compressed class ptrs, parallel gc, windows-amd64)
# No core dump will be written. Minidumps are not enabled by default on client versions of Windows
#

---------------  S U M M A R Y ------------

Command Line: --add-modules=ALL-SYSTEM --add-opens=java.base/java.util=ALL-UNNAMED --add-opens=java.base/java.lang=ALL-UNNAMED --add-opens=java.base/sun.nio.fs=ALL-UNNAMED -Declipse.application=org.eclipse.jdt.ls.core.id1 -Dosgi.bundles.defaultStartLevel=4 -Declipse.product=org.eclipse.jdt.ls.core.product -Djava.import.generatesMetadataFilesAtProjectRoot=false -DDetectVMInstallationsJob.disabled=true -Dfile.encoding=utf8 -XX:+UseParallelGC -XX:GCTimeRatio=4 -XX:AdaptiveSizePolicyWeight=90 -Dsun.zip.disableMemoryMapping=true -Xmx2G -Xms100m -Xlog:disable -javaagent:c:\Users\G4lih\.antigravity\extensions\redhat.java-1.50.0-win32-x64\lombok\lombok-1.18.39-4050.jar c:\Users\G4lih\.antigravity\extensions\redhat.java-1.50.0-win32-x64\server\plugins\org.eclipse.equinox.launcher_1.7.100.v20251111-0406.jar -configuration c:\Users\G4lih\AppData\Roaming\Antigravity\User\globalStorage\redhat.java\1.50.0\config_ss_win -data c:\Users\G4lih\AppData\Roaming\Antigravity\User\workspaceStorage\20f6df2d00a1858f44181e17d7a95fc8\redhat.java\ss_ws --pipe=\\.\pipe\lsp-680e8389f81153a26fab9d7bc926711e-sock

Host: 13th Gen Intel(R) Core(TM) i7-13620H, 16 cores, 15G,  Windows 11 , 64 bit Build 22621 (10.0.22621.5415)
Time: Mon Dec 22 00:30:50 2025 SE Asia Standard Time elapsed time: 2.516172 seconds (0d 0h 0m 2s)

---------------  T H R E A D  ---------------

Current thread (0x000001d0f922c6f0):  JavaThread "C2 CompilerThread2" daemon [_thread_in_native, id=11488, stack(0x000000c279300000,0x000000c279400000) (1024K)]


Current CompileTask:
C2:2516 3592       4       org.eclipse.osgi.internal.loader.ModuleClassLoader::toString (80 bytes)

Stack: [0x000000c279300000,0x000000c279400000]
Native frames: (J=compiled Java code, j=interpreted, Vv=VM code, C=native code)
V  [jvm.dll+0x6d6e29]
V  [jvm.dll+0x8b4b76]
V  [jvm.dll+0x8b712e]
V  [jvm.dll+0x8b7813]
V  [jvm.dll+0x283d86]
V  [jvm.dll+0xc66ed]
V  [jvm.dll+0xc6c31]
V  [jvm.dll+0x3be501]
V  [jvm.dll+0x38ab92]
V  [jvm.dll+0x389fda]
V  [jvm.dll+0x24bfa0]
V  [jvm.dll+0x24b580]
V  [jvm.dll+0x1cb13e]
V  [jvm.dll+0x25b29d]
V  [jvm.dll+0x25982a]
V  [jvm.dll+0x3f7ea6]
V  [jvm.dll+0x85e9ad]
V  [jvm.dll+0x6d565d]
C  [ucrtbase.dll+0x29333]
C  [KERNEL32.DLL+0x1259d]
C  [ntdll.dll+0x5af78]


---------------  P R O C E S S  ---------------

Threads class SMR info:
_java_thread_list=0x000001d0fb4f1200, length=45, elements={
0x000001d097d352f0, 0x000001d0b0a45350, 0x000001d0b0a46820, 0x000001d0b0a4c650,
0x000001d0b0a4f1b0, 0x000001d0b0a50550, 0x000001d0f2e6d710, 0x000001d0b0a54640,
0x000001d0b0a5a420, 0x000001d0f2f5f8d0, 0x000001d0f2f62720, 0x000001d0f2f6bc30,
0x000001d0f3057ff0, 0x000001d0f31c79d0, 0x000001d0f93555a0, 0x000001d0f91ec420,
0x000001d0f912c940, 0x000001d0f9109720, 0x000001d0f2fd9080, 0x000001d0f922c6f0,
0x000001d0f95b0530, 0x000001d0f95372a0, 0x000001d0f9682200, 0x000001d0f961eed0,
0x000001d0f976d4a0, 0x000001d0f976c0f0, 0x000001d0f976ce10, 0x000001d0f976db30,
0x000001d0f976eee0, 0x000001d0f976e850, 0x000001d0f976ba60, 0x000001d0f976e1c0,
0x000001d0f976c780, 0x000001d0fb726190, 0x000001d0fb726eb0, 0x000001d0fb729610,
0x000001d0fb727540, 0x000001d0fb72a9c0, 0x000001d0fb72bd70, 0x000001d0fb72d120,
0x000001d0fb72d7b0, 0x000001d0fb727bd0, 0x000001d0fb728260, 0x000001d0fb7288f0,
0x000001d0fb729ca0
}

Java Threads: ( => current thread )
  0x000001d097d352f0 JavaThread "main"                              [_thread_blocked, id=16112, stack(0x000000c278100000,0x000000c278200000) (1024K)]
  0x000001d0b0a45350 JavaThread "Reference Handler"          daemon [_thread_blocked, id=33932, stack(0x000000c278500000,0x000000c278600000) (1024K)]
  0x000001d0b0a46820 JavaThread "Finalizer"                  daemon [_thread_blocked, id=12800, stack(0x000000c278600000,0x000000c278700000) (1024K)]
  0x000001d0b0a4c650 JavaThread "Signal Dispatcher"          daemon [_thread_blocked, id=23200, stack(0x000000c278700000,0x000000c278800000) (1024K)]
  0x000001d0b0a4f1b0 JavaThread "Attach Listener"            daemon [_thread_blocked, id=29544, stack(0x000000c278800000,0x000000c278900000) (1024K)]
  0x000001d0b0a50550 JavaThread "Service Thread"             daemon [_thread_blocked, id=24720, stack(0x000000c278900000,0x000000c278a00000) (1024K)]
  0x000001d0f2e6d710 JavaThread "Monitor Deflation Thread"   daemon [_thread_blocked, id=18264, stack(0x000000c278a00000,0x000000c278b00000) (1024K)]
  0x000001d0b0a54640 JavaThread "C2 CompilerThread0"         daemon [_thread_blocked, id=24492, stack(0x000000c278b00000,0x000000c278c00000) (1024K)]
  0x000001d0b0a5a420 JavaThread "C1 CompilerThread0"         daemon [_thread_blocked, id=2788, stack(0x000000c278c00000,0x000000c278d00000) (1024K)]
  0x000001d0f2f5f8d0 JavaThread "C1 CompilerThread1"         daemon [_thread_blocked, id=14804, stack(0x000000c278d00000,0x000000c278e00000) (1024K)]
  0x000001d0f2f62720 JavaThread "C1 CompilerThread2"         daemon [_thread_blocked, id=13936, stack(0x000000c278e00000,0x000000c278f00000) (1024K)]
  0x000001d0f2f6bc30 JavaThread "C1 CompilerThread3"         daemon [_thread_blocked, id=13356, stack(0x000000c278f00000,0x000000c279000000) (1024K)]
  0x000001d0f3057ff0 JavaThread "Common-Cleaner"             daemon [_thread_blocked, id=17156, stack(0x000000c279100000,0x000000c279200000) (1024K)]
  0x000001d0f31c79d0 JavaThread "Notification Thread"        daemon [_thread_blocked, id=12504, stack(0x000000c279200000,0x000000c279300000) (1024K)]
  0x000001d0f93555a0 JavaThread "Active Thread: Equinox Container: 6b8eba42-c23e-4751-8a61-f8b7523d0388"        [_thread_blocked, id=2784, stack(0x000000c279b00000,0x000000c279c00000) (1024K)]
  0x000001d0f91ec420 JavaThread "Framework Event Dispatcher: Equinox Container: 6b8eba42-c23e-4751-8a61-f8b7523d0388" daemon [_thread_blocked, id=37244, stack(0x000000c279c00000,0x000000c279d00000) (1024K)]
  0x000001d0f912c940 JavaThread "Start Level: Equinox Container: 6b8eba42-c23e-4751-8a61-f8b7523d0388" daemon [_thread_blocked, id=24648, stack(0x000000c279e00000,0x000000c279f00000) (1024K)]
  0x000001d0f9109720 JavaThread "SCR Component Actor"        daemon [_thread_blocked, id=3900, stack(0x000000c279f00000,0x000000c27a000000) (1024K)]
  0x000001d0f2fd9080 JavaThread "C2 CompilerThread1"         daemon [_thread_blocked, id=22024, stack(0x000000c279000000,0x000000c279100000) (1024K)]
=>0x000001d0f922c6f0 JavaThread "C2 CompilerThread2"         daemon [_thread_in_native, id=11488, stack(0x000000c279300000,0x000000c279400000) (1024K)]
  0x000001d0f95b0530 JavaThread "Worker-JM"                         [_thread_blocked, id=35580, stack(0x000000c279400000,0x000000c279500000) (1024K)]
  0x000001d0f95372a0 JavaThread "JNA Cleaner"                daemon [_thread_blocked, id=1432, stack(0x000000c27a200000,0x000000c27a300000) (1024K)]
  0x000001d0f9682200 JavaThread "Worker-0"                          [_thread_blocked, id=18740, stack(0x000000c27a300000,0x000000c27a400000) (1024K)]
  0x000001d0f961eed0 JavaThread "Worker-1"                          [_thread_blocked, id=5560, stack(0x000000c27a400000,0x000000c27a500000) (1024K)]
  0x000001d0f976d4a0 JavaThread "Thread-1"                   daemon [_thread_in_native, id=34184, stack(0x000000c27a800000,0x000000c27a900000) (1024K)]
  0x000001d0f976c0f0 JavaThread "Thread-2"                   daemon [_thread_in_native, id=26464, stack(0x000000c27a900000,0x000000c27aa00000) (1024K)]
  0x000001d0f976ce10 JavaThread "Thread-3"                   daemon [_thread_in_native, id=16052, stack(0x000000c27aa00000,0x000000c27ab00000) (1024K)]
  0x000001d0f976db30 JavaThread "Thread-4"                   daemon [_thread_in_native, id=35460, stack(0x000000c27ab00000,0x000000c27ac00000) (1024K)]
  0x000001d0f976eee0 JavaThread "Thread-5"                   daemon [_thread_in_native, id=37412, stack(0x000000c27ac00000,0x000000c27ad00000) (1024K)]
  0x000001d0f976e850 JavaThread "Thread-6"                   daemon [_thread_in_native, id=37208, stack(0x000000c27ad00000,0x000000c27ae00000) (1024K)]
  0x000001d0f976ba60 JavaThread "Thread-7"                   daemon [_thread_in_native, id=13568, stack(0x000000c27ae00000,0x000000c27af00000) (1024K)]
  0x000001d0f976e1c0 JavaThread "Thread-8"                   daemon [_thread_in_native, id=9308, stack(0x000000c27af00000,0x000000c27b000000) (1024K)]
  0x000001d0f976c780 JavaThread "Thread-9"                   daemon [_thread_in_native, id=23888, stack(0x000000c27b000000,0x000000c27b100000) (1024K)]
  0x000001d0fb726190 JavaThread "Thread-10"                  daemon [_thread_in_native, id=5132, stack(0x000000c27b100000,0x000000c27b200000) (1024K)]
  0x000001d0fb726eb0 JavaThread "Thread-11"                  daemon [_thread_in_native, id=30664, stack(0x000000c27b200000,0x000000c27b300000) (1024K)]
  0x000001d0fb729610 JavaThread "Thread-12"                  daemon [_thread_in_native, id=11956, stack(0x000000c27b300000,0x000000c27b400000) (1024K)]
  0x000001d0fb727540 JavaThread "Thread-13"                  daemon [_thread_in_native, id=34604, stack(0x000000c27b400000,0x000000c27b500000) (1024K)]
  0x000001d0fb72a9c0 JavaThread "Thread-14"                  daemon [_thread_in_native, id=36092, stack(0x000000c27b500000,0x000000c27b600000) (1024K)]
  0x000001d0fb72bd70 JavaThread "Thread-15"                  daemon [_thread_in_native, id=8020, stack(0x000000c27b600000,0x000000c27b700000) (1024K)]
  0x000001d0fb72d120 JavaThread "Thread-16"                  daemon [_thread_in_native, id=31480, stack(0x000000c27b700000,0x000000c27b800000) (1024K)]
  0x000001d0fb72d7b0 JavaThread "Thread-17"                  daemon [_thread_in_native, id=32036, stack(0x000000c27b800000,0x000000c27b900000) (1024K)]
  0x000001d0fb727bd0 JavaThread "pool-2-thread-1"                   [_thread_blocked, id=6528, stack(0x000000c27b900000,0x000000c27ba00000) (1024K)]
  0x000001d0fb728260 JavaThread "Worker-2"                          [_thread_blocked, id=30352, stack(0x000000c27ba00000,0x000000c27bb00000) (1024K)]
  0x000001d0fb7288f0 JavaThread "WorkspaceEventsHandler"            [_thread_blocked, id=25084, stack(0x000000c27bb00000,0x000000c27bc00000) (1024K)]
  0x000001d0fb729ca0 JavaThread "pool-1-thread-1"                   [_thread_in_vm, id=25160, stack(0x000000c27bc00000,0x000000c27bd00000) (1024K)]
Total: 45

Other Threads:
  0x000001d097deaf90 VMThread "VM Thread"                           [id=24496, stack(0x000000c278400000,0x000000c278500000) (1024K)]
  0x000001d0b093ca00 WatcherThread "VM Periodic Task Thread"        [id=17440, stack(0x000000c278300000,0x000000c278400000) (1024K)]
  0x000001d099fdce20 WorkerThread "GC Thread#0"                     [id=11984, stack(0x000000c278200000,0x000000c278300000) (1024K)]
  0x000001d0f4d582d0 WorkerThread "GC Thread#1"                     [id=29220, stack(0x000000c279500000,0x000000c279600000) (1024K)]
  0x000001d0f90cc3b0 WorkerThread "GC Thread#2"                     [id=35544, stack(0x000000c279600000,0x000000c279700000) (1024K)]
  0x000001d0f4cd4a10 WorkerThread "GC Thread#3"                     [id=26780, stack(0x000000c279700000,0x000000c279800000) (1024K)]
  0x000001d0f4cd4db0 WorkerThread "GC Thread#4"                     [id=6196, stack(0x000000c279800000,0x000000c279900000) (1024K)]
  0x000001d0f4cd5150 WorkerThread "GC Thread#5"                     [id=37024, stack(0x000000c279900000,0x000000c279a00000) (1024K)]
  0x000001d0f4cd54f0 WorkerThread "GC Thread#6"                     [id=37200, stack(0x000000c279a00000,0x000000c279b00000) (1024K)]
  0x000001d0f92ec580 WorkerThread "GC Thread#7"                     [id=9740, stack(0x000000c279d00000,0x000000c279e00000) (1024K)]
  0x000001d0f93ef890 WorkerThread "GC Thread#8"                     [id=28404, stack(0x000000c27a000000,0x000000c27a100000) (1024K)]
  0x000001d0f93efc30 WorkerThread "GC Thread#9"                     [id=2808, stack(0x000000c27a100000,0x000000c27a200000) (1024K)]
  0x000001d0f93ee670 WorkerThread "GC Thread#10"                    [id=30232, stack(0x000000c27a500000,0x000000c27a600000) (1024K)]
  0x000001d0f93eedb0 WorkerThread "GC Thread#11"                    [id=6404, stack(0x000000c27a600000,0x000000c27a700000) (1024K)]
  0x000001d0f93eea10 WorkerThread "GC Thread#12"                    [id=34140, stack(0x000000c27a700000,0x000000c27a800000) (1024K)]
Total: 15

Threads with active compile tasks:
C2 CompilerThread2  2534 3592       4       org.eclipse.osgi.internal.loader.ModuleClassLoader::toString (80 bytes)
Total: 1

VM state: not at safepoint (normal execution)

VM Mutex/Monitor currently owned by a thread: None

Heap address: 0x0000000080000000, size: 2048 MB, Compressed Oops mode: 32-bit

CDS archive(s) mapped at: [0x000001d0b1000000-0x000001d0b1ba0000-0x000001d0b1ba0000), size 12189696, SharedBaseAddress: 0x000001d0b1000000, ArchiveRelocationMode: 1.
Compressed class space mapped at: 0x000001d0b2000000-0x000001d0f2000000, reserved size: 1073741824
Narrow klass base: 0x000001d0b1000000, Narrow klass shift: 0, Narrow klass range: 0x100000000

GC Precious Log:
 CardTable entry size: 512
 CPUs: 16 total, 16 available
 Memory: 16003M
 Large Page Support: Disabled
 NUMA Support: Disabled
 Compressed Oops: Enabled (32-bit)
 Alignments: Space 512K, Generation 512K, Heap 2M
 Heap Min Capacity: 100M
 Heap Initial Capacity: 100M
 Heap Max Capacity: 2G
 Pre-touch: Disabled
 Parallel Workers: 13

Heap:
 PSYoungGen      total 26624K, used 22139K [0x00000000d5580000, 0x00000000d7700000, 0x0000000100000000)
  eden space 23040K, 80% used [0x00000000d5580000,0x00000000d67a3c30,0x00000000d6c00000)
  from space 3584K, 99% used [0x00000000d7100000,0x00000000d747b0c8,0x00000000d7480000)
  to   space 5120K, 0% used [0x00000000d6c00000,0x00000000d6c00000,0x00000000d7100000)
 ParOldGen       total 68608K, used 9930K [0x0000000080000000, 0x0000000084300000, 0x00000000d5580000)
  object space 68608K, 14% used [0x0000000080000000,0x00000000809b2880,0x0000000084300000)
 Metaspace       used 29573K, committed 30464K, reserved 1114112K
  class space    used 2963K, committed 3392K, reserved 1048576K

Card table byte_map: [0x000001d099950000,0x000001d099d60000] _byte_map_base: 0x000001d099550000

Marking Bits: (ParMarkBitMap*) 0x00007ffd27ac2460
 Begin Bits: [0x000001d0ac460000, 0x000001d0ae460000)
 End Bits:   [0x000001d0ae460000, 0x000001d0b0460000)

Polling page: 0x000001d097e80000

Metaspace:

Usage:
  Non-class:     25.99 MB used.
      Class:      2.89 MB used.
       Both:     28.88 MB used.

Virtual space:
  Non-class space:       64.00 MB reserved,      26.44 MB ( 41%) committed,  1 nodes.
      Class space:        1.00 GB reserved,       3.31 MB ( <1%) committed,  1 nodes.
             Both:        1.06 GB reserved,      29.75 MB (  3%) committed. 

Chunk freelists:
   Non-Class:  5.57 MB
       Class:  12.75 MB
        Both:  18.32 MB

MaxMetaspaceSize: unlimited
CompressedClassSpaceSize: 1.00 GB
Initial GC threshold: 21.00 MB
Current GC threshold: 35.00 MB
CDS: on
 - commit_granule_bytes: 65536.
 - commit_granule_words: 8192.
 - virtual_space_node_default_size: 8388608.
 - enlarge_chunks_in_place: 1.
 - use_allocation_guard: 0.


Internal statistics:

num_allocs_failed_limit: 3.
num_arena_births: 564.
num_arena_deaths: 14.
num_vsnodes_births: 2.
num_vsnodes_deaths: 0.
num_space_committed: 476.
num_space_uncommitted: 0.
num_chunks_returned_to_freelist: 17.
num_chunks_taken_from_freelist: 1729.
num_chunk_merges: 9.
num_chunk_splits: 1109.
num_chunks_enlarged: 709.
num_inconsistent_stats: 0.

CodeHeap 'non-profiled nmethods': size=119168Kb used=1728Kb max_used=1728Kb free=117439Kb
 bounds [0x000001d0a4d50000, 0x000001d0a4fc0000, 0x000001d0ac1b0000]
CodeHeap 'profiled nmethods': size=119104Kb used=7525Kb max_used=7525Kb free=111578Kb
 bounds [0x000001d09d1b0000, 0x000001d09d910000, 0x000001d0a4600000]
CodeHeap 'non-nmethods': size=7488Kb used=3032Kb max_used=3082Kb free=4455Kb
 bounds [0x000001d0a4600000, 0x000001d0a4910000, 0x000001d0a4d50000]
CodeCache: size=245760Kb, used=12285Kb, max_used=12335Kb, free=233472Kb
 total_blobs=4358, nmethods=3721, adapters=540, full_count=0
Compilation: enabled, stopped_count=0, restarted_count=0

Compilation events (20 events):
Event: 2.508 Thread 0x000001d0b0a5a420 3676       3       com.google.gson.internal.reflect.ReflectionHelper::isStatic (8 bytes)
Event: 2.508 Thread 0x000001d0b0a5a420 nmethod 3676 0x000001d09d8ea310 code [0x000001d09d8ea4c0, 0x000001d09d8ea690]
Event: 2.508 Thread 0x000001d0f2f62720 nmethod 3675 0x000001d09d8ea790 code [0x000001d09d8eaa00, 0x000001d09d8eb278]
Event: 2.508 Thread 0x000001d0f2fd9080 nmethod 3674 0x000001d0a4efd490 code [0x000001d0a4efd640, 0x000001d0a4efd7b8]
Event: 2.509 Thread 0x000001d0b0a5a420 3677       3       java.lang.invoke.LambdaForm$MH/0x000001d0b20b4800::invoke (53 bytes)
Event: 2.509 Thread 0x000001d0b0a5a420 nmethod 3677 0x000001d09d8eb510 code [0x000001d09d8eb720, 0x000001d09d8ebf38]
Event: 2.509 Thread 0x000001d0b0a5a420 3678       3       com.google.gson.internal.GsonTypes::resolve (14 bytes)
Event: 2.509 Thread 0x000001d0b0a5a420 nmethod 3678 0x000001d09d8ec110 code [0x000001d09d8ec2e0, 0x000001d09d8ec588]
Event: 2.510 Thread 0x000001d0f2f62720 3679       3       java.util.Collections$SingletonList::iterator (8 bytes)
Event: 2.510 Thread 0x000001d0f2f6bc30 3680       3       java.util.Collections$SingletonList::get (41 bytes)
Event: 2.510 Thread 0x000001d0f2f62720 nmethod 3679 0x000001d09d8ec710 code [0x000001d09d8ec8c0, 0x000001d09d8ecb60]
Event: 2.510 Thread 0x000001d0f2f6bc30 nmethod 3680 0x000001d09d8ecc90 code [0x000001d09d8ecee0, 0x000001d09d8ed598]
Event: 2.513 Thread 0x000001d0b0a54640 3681       4       java.util.LinkedHashMap::afterNodeInsertion (40 bytes)
Event: 2.514 Thread 0x000001d0b0a54640 nmethod 3681 0x000001d0a4efd990 code [0x000001d0a4efdb20, 0x000001d0a4efdbc8]
Event: 2.514 Thread 0x000001d0b0a5a420 3683       3       java.lang.invoke.MethodHandles$Lookup::restrictProtectedReceiver (51 bytes)
Event: 2.515 Thread 0x000001d0f2f6bc30 3684       3       java.lang.Integer::hashCode (8 bytes)
Event: 2.515 Thread 0x000001d0b0a5a420 nmethod 3683 0x000001d09d8ed890 code [0x000001d09d8eda80, 0x000001d09d8edf58]
Event: 2.515 Thread 0x000001d0b0a5a420 3685       3       java.lang.Integer::hashCode (2 bytes)
Event: 2.515 Thread 0x000001d0f2f6bc30 nmethod 3684 0x000001d09d8ee110 code [0x000001d09d8ee2c0, 0x000001d09d8ee428]
Event: 2.515 Thread 0x000001d0b0a5a420 nmethod 3685 0x000001d09d8ee510 code [0x000001d09d8ee6a0, 0x000001d09d8ee790]

GC Heap History (18 events):
Event: 0.504 GC heap before
{Heap before GC invocations=1 (full 0):
 PSYoungGen      total 29696K, used 25600K [0x00000000d5580000, 0x00000000d7680000, 0x0000000100000000)
  eden space 25600K, 100% used [0x00000000d5580000,0x00000000d6e80000,0x00000000d6e80000)
  from space 4096K, 0% used [0x00000000d7280000,0x00000000d7280000,0x00000000d7680000)
  to   space 4096K, 0% used [0x00000000d6e80000,0x00000000d6e80000,0x00000000d7280000)
 ParOldGen       total 68608K, used 0K [0x0000000080000000, 0x0000000084300000, 0x00000000d5580000)
  object space 68608K, 0% used [0x0000000080000000,0x0000000080000000,0x0000000084300000)
 Metaspace       used 4140K, committed 4416K, reserved 1114112K
  class space    used 452K, committed 576K, reserved 1048576K
}
Event: 0.514 GC heap after
{Heap after GC invocations=1 (full 0):
 PSYoungGen      total 29696K, used 3707K [0x00000000d5580000, 0x00000000d7680000, 0x0000000100000000)
  eden space 25600K, 0% used [0x00000000d5580000,0x00000000d5580000,0x00000000d6e80000)
  from space 4096K, 90% used [0x00000000d6e80000,0x00000000d721eff8,0x00000000d7280000)
  to   space 4096K, 0% used [0x00000000d7280000,0x00000000d7280000,0x00000000d7680000)
 ParOldGen       total 68608K, used 16K [0x0000000080000000, 0x0000000084300000, 0x00000000d5580000)
  object space 68608K, 0% used [0x0000000080000000,0x0000000080004000,0x0000000084300000)
 Metaspace       used 4140K, committed 4416K, reserved 1114112K
  class space    used 452K, committed 576K, reserved 1048576K
}
Event: 0.851 GC heap before
{Heap before GC invocations=2 (full 0):
 PSYoungGen      total 29696K, used 29307K [0x00000000d5580000, 0x00000000d7680000, 0x0000000100000000)
  eden space 25600K, 100% used [0x00000000d5580000,0x00000000d6e80000,0x00000000d6e80000)
  from space 4096K, 90% used [0x00000000d6e80000,0x00000000d721eff8,0x00000000d7280000)
  to   space 4096K, 0% used [0x00000000d7280000,0x00000000d7280000,0x00000000d7680000)
 ParOldGen       total 68608K, used 16K [0x0000000080000000, 0x0000000084300000, 0x00000000d5580000)
  object space 68608K, 0% used [0x0000000080000000,0x0000000080004000,0x0000000084300000)
 Metaspace       used 7987K, committed 8320K, reserved 1114112K
  class space    used 832K, committed 960K, reserved 1048576K
}
Event: 0.854 GC heap after
{Heap after GC invocations=2 (full 0):
 PSYoungGen      total 29696K, used 4086K [0x00000000d5580000, 0x00000000d7680000, 0x0000000100000000)
  eden space 25600K, 0% used [0x00000000d5580000,0x00000000d5580000,0x00000000d6e80000)
  from space 4096K, 99% used [0x00000000d7280000,0x00000000d767d810,0x00000000d7680000)
  to   space 4096K, 0% used [0x00000000d6e80000,0x00000000d6e80000,0x00000000d7280000)
 ParOldGen       total 68608K, used 793K [0x0000000080000000, 0x0000000084300000, 0x00000000d5580000)
  object space 68608K, 1% used [0x0000000080000000,0x00000000800c66a8,0x0000000084300000)
 Metaspace       used 7987K, committed 8320K, reserved 1114112K
  class space    used 832K, committed 960K, reserved 1048576K
}
Event: 1.188 GC heap before
{Heap before GC invocations=3 (full 0):
 PSYoungGen      total 29696K, used 29686K [0x00000000d5580000, 0x00000000d7680000, 0x0000000100000000)
  eden space 25600K, 100% used [0x00000000d5580000,0x00000000d6e80000,0x00000000d6e80000)
  from space 4096K, 99% used [0x00000000d7280000,0x00000000d767d810,0x00000000d7680000)
  to   space 4096K, 0% used [0x00000000d6e80000,0x00000000d6e80000,0x00000000d7280000)
 ParOldGen       total 68608K, used 793K [0x0000000080000000, 0x0000000084300000, 0x00000000d5580000)
  object space 68608K, 1% used [0x0000000080000000,0x00000000800c66a8,0x0000000084300000)
 Metaspace       used 12780K, committed 13312K, reserved 1114112K
  class space    used 1352K, committed 1600K, reserved 1048576K
}
Event: 1.190 GC heap after
{Heap after GC invocations=3 (full 0):
 PSYoungGen      total 29696K, used 4095K [0x00000000d5580000, 0x00000000d7680000, 0x0000000100000000)
  eden space 25600K, 0% used [0x00000000d5580000,0x00000000d5580000,0x00000000d6e80000)
  from space 4096K, 99% used [0x00000000d6e80000,0x00000000d727fe60,0x00000000d7280000)
  to   space 4096K, 0% used [0x00000000d7280000,0x00000000d7280000,0x00000000d7680000)
 ParOldGen       total 68608K, used 2521K [0x0000000080000000, 0x0000000084300000, 0x00000000d5580000)
  object space 68608K, 3% used [0x0000000080000000,0x0000000080276728,0x0000000084300000)
 Metaspace       used 12780K, committed 13312K, reserved 1114112K
  class space    used 1352K, committed 1600K, reserved 1048576K
}
Event: 1.552 GC heap before
{Heap before GC invocations=4 (full 0):
 PSYoungGen      total 29696K, used 29688K [0x00000000d5580000, 0x00000000d7680000, 0x0000000100000000)
  eden space 25600K, 99% used [0x00000000d5580000,0x00000000d6e7e440,0x00000000d6e80000)
  from space 4096K, 99% used [0x00000000d6e80000,0x00000000d727fe60,0x00000000d7280000)
  to   space 4096K, 0% used [0x00000000d7280000,0x00000000d7280000,0x00000000d7680000)
 ParOldGen       total 68608K, used 2521K [0x0000000080000000, 0x0000000084300000, 0x00000000d5580000)
  object space 68608K, 3% used [0x0000000080000000,0x0000000080276728,0x0000000084300000)
 Metaspace       used 16681K, committed 17344K, reserved 1114112K
  class space    used 1748K, committed 2048K, reserved 1048576K
}
Event: 1.554 GC heap after
{Heap after GC invocations=4 (full 0):
 PSYoungGen      total 29696K, used 4087K [0x00000000d5580000, 0x00000000d7680000, 0x0000000100000000)
  eden space 25600K, 0% used [0x00000000d5580000,0x00000000d5580000,0x00000000d6e80000)
  from space 4096K, 99% used [0x00000000d7280000,0x00000000d767dfd8,0x00000000d7680000)
  to   space 4096K, 0% used [0x00000000d6e80000,0x00000000d6e80000,0x00000000d7280000)
 ParOldGen       total 68608K, used 5179K [0x0000000080000000, 0x0000000084300000, 0x00000000d5580000)
  object space 68608K, 7% used [0x0000000080000000,0x000000008050ec18,0x0000000084300000)
 Metaspace       used 16681K, committed 17344K, reserved 1114112K
  class space    used 1748K, committed 2048K, reserved 1048576K
}
Event: 1.782 GC heap before
{Heap before GC invocations=5 (full 0):
 PSYoungGen      total 29696K, used 29687K [0x00000000d5580000, 0x00000000d7680000, 0x0000000100000000)
  eden space 25600K, 100% used [0x00000000d5580000,0x00000000d6e80000,0x00000000d6e80000)
  from space 4096K, 99% used [0x00000000d7280000,0x00000000d767dfd8,0x00000000d7680000)
  to   space 4096K, 0% used [0x00000000d6e80000,0x00000000d6e80000,0x00000000d7280000)
 ParOldGen       total 68608K, used 5179K [0x0000000080000000, 0x0000000084300000, 0x00000000d5580000)
  object space 68608K, 7% used [0x0000000080000000,0x000000008050ec18,0x0000000084300000)
 Metaspace       used 19968K, committed 20672K, reserved 1114112K
  class space    used 1982K, committed 2304K, reserved 1048576K
}
Event: 1.784 GC heap after
{Heap after GC invocations=5 (full 0):
 PSYoungGen      total 29184K, used 4075K [0x00000000d5580000, 0x00000000d7900000, 0x0000000100000000)
  eden space 25088K, 0% used [0x00000000d5580000,0x00000000d5580000,0x00000000d6e00000)
  from space 4096K, 99% used [0x00000000d6e80000,0x00000000d727ae98,0x00000000d7280000)
  to   space 5632K, 0% used [0x00000000d7380000,0x00000000d7380000,0x00000000d7900000)
 ParOldGen       total 68608K, used 5448K [0x0000000080000000, 0x0000000084300000, 0x00000000d5580000)
  object space 68608K, 7% used [0x0000000080000000,0x0000000080552370,0x0000000084300000)
 Metaspace       used 19968K, committed 20672K, reserved 1114112K
  class space    used 1982K, committed 2304K, reserved 1048576K
}
Event: 1.843 GC heap before
{Heap before GC invocations=6 (full 0):
 PSYoungGen      total 29184K, used 11478K [0x00000000d5580000, 0x00000000d7900000, 0x0000000100000000)
  eden space 25088K, 29% used [0x00000000d5580000,0x00000000d5cba978,0x00000000d6e00000)
  from space 4096K, 99% used [0x00000000d6e80000,0x00000000d727ae98,0x00000000d7280000)
  to   space 5632K, 0% used [0x00000000d7380000,0x00000000d7380000,0x00000000d7900000)
 ParOldGen       total 68608K, used 5448K [0x0000000080000000, 0x0000000084300000, 0x00000000d5580000)
  object space 68608K, 7% used [0x0000000080000000,0x0000000080552370,0x0000000084300000)
 Metaspace       used 20810K, committed 21504K, reserved 1114112K
  class space    used 2050K, committed 2368K, reserved 1048576K
}
Event: 1.844 GC heap after
{Heap after GC invocations=6 (full 0):
 PSYoungGen      total 30208K, used 4817K [0x00000000d5580000, 0x00000000d7880000, 0x0000000100000000)
  eden space 25088K, 0% used [0x00000000d5580000,0x00000000d5580000,0x00000000d6e00000)
  from space 5120K, 94% used [0x00000000d7380000,0x00000000d7834638,0x00000000d7880000)
  to   space 5120K, 0% used [0x00000000d6e80000,0x00000000d6e80000,0x00000000d7380000)
 ParOldGen       total 68608K, used 5448K [0x0000000080000000, 0x0000000084300000, 0x00000000d5580000)
  object space 68608K, 7% used [0x0000000080000000,0x0000000080552370,0x0000000084300000)
 Metaspace       used 20810K, committed 21504K, reserved 1114112K
  class space    used 2050K, committed 2368K, reserved 1048576K
}
Event: 1.845 GC heap before
{Heap before GC invocations=7 (full 1):
 PSYoungGen      total 30208K, used 4817K [0x00000000d5580000, 0x00000000d7880000, 0x0000000100000000)
  eden space 25088K, 0% used [0x00000000d5580000,0x00000000d5580000,0x00000000d6e00000)
  from space 5120K, 94% used [0x00000000d7380000,0x00000000d7834638,0x00000000d7880000)
  to   space 5120K, 0% used [0x00000000d6e80000,0x00000000d6e80000,0x00000000d7380000)
 ParOldGen       total 68608K, used 5448K [0x0000000080000000, 0x0000000084300000, 0x00000000d5580000)
  object space 68608K, 7% used [0x0000000080000000,0x0000000080552370,0x0000000084300000)
 Metaspace       used 20810K, committed 21504K, reserved 1114112K
  class space    used 2050K, committed 2368K, reserved 1048576K
}
Event: 1.859 GC heap after
{Heap after GC invocations=7 (full 1):
 PSYoungGen      total 30208K, used 0K [0x00000000d5580000, 0x00000000d7880000, 0x0000000100000000)
  eden space 25088K, 0% used [0x00000000d5580000,0x00000000d5580000,0x00000000d6e00000)
  from space 5120K, 0% used [0x00000000d7380000,0x00000000d7380000,0x00000000d7880000)
  to   space 5120K, 0% used [0x00000000d6e80000,0x00000000d6e80000,0x00000000d7380000)
 ParOldGen       total 68608K, used 8972K [0x0000000080000000, 0x0000000084300000, 0x00000000d5580000)
  object space 68608K, 13% used [0x0000000080000000,0x00000000808c3360,0x0000000084300000)
 Metaspace       used 20797K, committed 21504K, reserved 1114112K
  class space    used 2046K, committed 2368K, reserved 1048576K
}
Event: 2.045 GC heap before
{Heap before GC invocations=8 (full 1):
 PSYoungGen      total 30208K, used 25088K [0x00000000d5580000, 0x00000000d7880000, 0x0000000100000000)
  eden space 25088K, 100% used [0x00000000d5580000,0x00000000d6e00000,0x00000000d6e00000)
  from space 5120K, 0% used [0x00000000d7380000,0x00000000d7380000,0x00000000d7880000)
  to   space 5120K, 0% used [0x00000000d6e80000,0x00000000d6e80000,0x00000000d7380000)
 ParOldGen       total 68608K, used 8972K [0x0000000080000000, 0x0000000084300000, 0x00000000d5580000)
  object space 68608K, 13% used [0x0000000080000000,0x00000000808c3360,0x0000000084300000)
 Metaspace       used 23037K, committed 23744K, reserved 1114112K
  class space    used 2227K, committed 2560K, reserved 1048576K
}
Event: 2.046 GC heap after
{Heap after GC invocations=8 (full 1):
 PSYoungGen      total 27136K, used 2451K [0x00000000d5580000, 0x00000000d7480000, 0x0000000100000000)
  eden space 24576K, 0% used [0x00000000d5580000,0x00000000d5580000,0x00000000d6d80000)
  from space 2560K, 95% used [0x00000000d6e80000,0x00000000d70e4ed0,0x00000000d7100000)
  to   space 3584K, 0% used [0x00000000d7100000,0x00000000d7100000,0x00000000d7480000)
 ParOldGen       total 68608K, used 8980K [0x0000000080000000, 0x0000000084300000, 0x00000000d5580000)
  object space 68608K, 13% used [0x0000000080000000,0x00000000808c5360,0x0000000084300000)
 Metaspace       used 23037K, committed 23744K, reserved 1114112K
  class space    used 2227K, committed 2560K, reserved 1048576K
}
Event: 2.353 GC heap before
{Heap before GC invocations=9 (full 1):
 PSYoungGen      total 27136K, used 27027K [0x00000000d5580000, 0x00000000d7480000, 0x0000000100000000)
  eden space 24576K, 100% used [0x00000000d5580000,0x00000000d6d80000,0x00000000d6d80000)
  from space 2560K, 95% used [0x00000000d6e80000,0x00000000d70e4ed0,0x00000000d7100000)
  to   space 3584K, 0% used [0x00000000d7100000,0x00000000d7100000,0x00000000d7480000)
 ParOldGen       total 68608K, used 8980K [0x0000000080000000, 0x0000000084300000, 0x00000000d5580000)
  object space 68608K, 13% used [0x0000000080000000,0x00000000808c5360,0x0000000084300000)
 Metaspace       used 26631K, committed 27456K, reserved 1114112K
  class space    used 2615K, committed 3008K, reserved 1048576K
}
Event: 2.355 GC heap after
{Heap after GC invocations=9 (full 1):
 PSYoungGen      total 26624K, used 3564K [0x00000000d5580000, 0x00000000d7700000, 0x0000000100000000)
  eden space 23040K, 0% used [0x00000000d5580000,0x00000000d5580000,0x00000000d6c00000)
  from space 3584K, 99% used [0x00000000d7100000,0x00000000d747b0c8,0x00000000d7480000)
  to   space 5120K, 0% used [0x00000000d6c00000,0x00000000d6c00000,0x00000000d7100000)
 ParOldGen       total 68608K, used 9930K [0x0000000080000000, 0x0000000084300000, 0x00000000d5580000)
  object space 68608K, 14% used [0x0000000080000000,0x00000000809b2880,0x0000000084300000)
 Metaspace       used 26631K, committed 27456K, reserved 1114112K
  class space    used 2615K, committed 3008K, reserved 1048576K
}

Dll operation events (10 events):
Event: 0.010 Loaded shared library c:\Users\G4lih\.antigravity\extensions\redhat.java-1.50.0-win32-x64\jre\21.0.9-win32-x86_64\bin\java.dll
Event: 0.089 Loaded shared library c:\Users\G4lih\.antigravity\extensions\redhat.java-1.50.0-win32-x64\jre\21.0.9-win32-x86_64\bin\zip.dll
Event: 0.105 Loaded shared library C:\Users\G4lih\.antigravity\extensions\redhat.java-1.50.0-win32-x64\jre\21.0.9-win32-x86_64\bin\instrument.dll
Event: 0.110 Loaded shared library C:\Users\G4lih\.antigravity\extensions\redhat.java-1.50.0-win32-x64\jre\21.0.9-win32-x86_64\bin\net.dll
Event: 0.112 Loaded shared library C:\Users\G4lih\.antigravity\extensions\redhat.java-1.50.0-win32-x64\jre\21.0.9-win32-x86_64\bin\nio.dll
Event: 0.115 Loaded shared library C:\Users\G4lih\.antigravity\extensions\redhat.java-1.50.0-win32-x64\jre\21.0.9-win32-x86_64\bin\zip.dll
Event: 0.127 Loaded shared library C:\Users\G4lih\.antigravity\extensions\redhat.java-1.50.0-win32-x64\jre\21.0.9-win32-x86_64\bin\jimage.dll
Event: 0.170 Loaded shared library c:\Users\G4lih\.antigravity\extensions\redhat.java-1.50.0-win32-x64\jre\21.0.9-win32-x86_64\bin\verify.dll
Event: 0.860 Loaded shared library C:\Users\G4lih\AppData\Roaming\Antigravity\User\globalStorage\redhat.java\1.50.0\config_ss_win\org.eclipse.equinox.launcher\org.eclipse.equinox.launcher.win32.win32.x86_64_1.2.1400.v20250801-0854\eclipse_11916.dll
Event: 1.439 Loaded shared library C:\Users\G4lih\AppData\Local\Temp\jna-67226270\jna14570035722349260768.dll

Deoptimization events (20 events):
Event: 2.448 Thread 0x000001d097d352f0 Uncommon trap: trap_request=0xffffffde fr.pc=0x000001d0a4e5aff0 relative=0x0000000000000050
Event: 2.448 Thread 0x000001d097d352f0 Uncommon trap: reason=class_check action=maybe_recompile pc=0x000001d0a4e5aff0 method=java.lang.invoke.DirectMethodHandle.internalMemberName(Ljava/lang/Object;)Ljava/lang/Object; @ 1 c2
Event: 2.448 Thread 0x000001d097d352f0 DEOPT PACKING pc=0x000001d0a4e5aff0 sp=0x000000c2781fe330
Event: 2.448 Thread 0x000001d097d352f0 DEOPT UNPACKING pc=0x000001d0a4653aa2 sp=0x000000c2781fe2c0 mode 2
Event: 2.465 Thread 0x000001d097d352f0 Uncommon trap: trap_request=0xffffff45 fr.pc=0x000001d0a4e57124 relative=0x00000000000000e4
Event: 2.465 Thread 0x000001d097d352f0 Uncommon trap: reason=unstable_if action=reinterpret pc=0x000001d0a4e57124 method=java.lang.CharacterDataLatin1.digit(II)I @ 7 c2
Event: 2.465 Thread 0x000001d097d352f0 DEOPT PACKING pc=0x000001d0a4e57124 sp=0x000000c2781fe4e0
Event: 2.465 Thread 0x000001d097d352f0 DEOPT UNPACKING pc=0x000001d0a4653aa2 sp=0x000000c2781fe3a0 mode 2
Event: 2.465 Thread 0x000001d097d352f0 Uncommon trap: trap_request=0xffffff45 fr.pc=0x000001d0a4d8c0c8 relative=0x00000000000000a8
Event: 2.465 Thread 0x000001d097d352f0 Uncommon trap: reason=unstable_if action=reinterpret pc=0x000001d0a4d8c0c8 method=java.lang.CharacterDataLatin1.digit(II)I @ 7 c2
Event: 2.465 Thread 0x000001d097d352f0 DEOPT PACKING pc=0x000001d0a4d8c0c8 sp=0x000000c2781fe440
Event: 2.465 Thread 0x000001d097d352f0 DEOPT UNPACKING pc=0x000001d0a4653aa2 sp=0x000000c2781fe3c0 mode 2
Event: 2.467 Thread 0x000001d097d352f0 Uncommon trap: trap_request=0xffffff76 fr.pc=0x000001d0a4ebf180 relative=0x0000000000000940
Event: 2.467 Thread 0x000001d097d352f0 Uncommon trap: reason=predicate action=maybe_recompile pc=0x000001d0a4ebf180 method=java.util.TreeMap.put(Ljava/lang/Object;Ljava/lang/Object;Z)Ljava/lang/Object; @ 27 c2
Event: 2.467 Thread 0x000001d097d352f0 DEOPT PACKING pc=0x000001d0a4ebf180 sp=0x000000c2781fe150
Event: 2.467 Thread 0x000001d097d352f0 DEOPT UNPACKING pc=0x000001d0a4653aa2 sp=0x000000c2781fe0f0 mode 2
Event: 2.471 Thread 0x000001d097d352f0 Uncommon trap: trap_request=0xffffff45 fr.pc=0x000001d0a4d84944 relative=0x00000000000002a4
Event: 2.471 Thread 0x000001d097d352f0 Uncommon trap: reason=unstable_if action=reinterpret pc=0x000001d0a4d84944 method=java.util.HashMap$HashIterator.<init>(Ljava/util/HashMap;)V @ 45 c2
Event: 2.471 Thread 0x000001d097d352f0 DEOPT PACKING pc=0x000001d0a4d84944 sp=0x000000c2781fe5d0
Event: 2.471 Thread 0x000001d097d352f0 DEOPT UNPACKING pc=0x000001d0a4653aa2 sp=0x000000c2781fe568 mode 2

Classes loaded (20 events):
Event: 2.465 Loading class sun/nio/ch/Iocp$ResultHandler done
Event: 2.465 Loading class sun/nio/ch/WindowsAsynchronousFileChannelImpl$ReadTask done
Event: 2.465 Loading class sun/util/locale/provider/CalendarDataUtility$CalendarFieldValueNamesMapGetter
Event: 2.466 Loading class sun/util/locale/provider/CalendarDataUtility$CalendarFieldValueNamesMapGetter done
Event: 2.466 Loading class sun/util/cldr/CLDRCalendarNameProviderImpl
Event: 2.466 Loading class sun/util/locale/provider/CalendarNameProviderImpl
Event: 2.466 Loading class sun/util/locale/provider/CalendarNameProviderImpl done
Event: 2.466 Loading class sun/util/cldr/CLDRCalendarNameProviderImpl done
Event: 2.467 Loading class sun/util/locale/provider/CalendarNameProviderImpl$LengthBasedComparator
Event: 2.467 Loading class sun/util/locale/provider/CalendarNameProviderImpl$LengthBasedComparator done
Event: 2.469 Loading class java/io/PrintWriter$1
Event: 2.469 Loading class jdk/internal/access/JavaIOPrintWriterAccess
Event: 2.469 Loading class jdk/internal/access/JavaIOPrintWriterAccess done
Event: 2.469 Loading class java/io/PrintWriter$1 done
Event: 2.470 Loading class java/time/format/DateTimeParseContext
Event: 2.470 Loading class java/time/format/DateTimeParseContext done
Event: 2.470 Loading class java/time/format/Parsed
Event: 2.470 Loading class java/time/format/Parsed done
Event: 2.484 Loading class sun/reflect/generics/repository/FieldRepository
Event: 2.484 Loading class sun/reflect/generics/repository/FieldRepository done

Classes unloaded (7 events):
Event: 1.847 Thread 0x000001d097deaf90 Unloading class 0x000001d0b2190c00 'java/lang/invoke/LambdaForm$MH+0x000001d0b2190c00'
Event: 1.847 Thread 0x000001d097deaf90 Unloading class 0x000001d0b2190800 'java/lang/invoke/LambdaForm$MH+0x000001d0b2190800'
Event: 1.847 Thread 0x000001d097deaf90 Unloading class 0x000001d0b2190400 'java/lang/invoke/LambdaForm$MH+0x000001d0b2190400'
Event: 1.847 Thread 0x000001d097deaf90 Unloading class 0x000001d0b2190000 'java/lang/invoke/LambdaForm$MH+0x000001d0b2190000'
Event: 1.847 Thread 0x000001d097deaf90 Unloading class 0x000001d0b218fc00 'java/lang/invoke/LambdaForm$BMH+0x000001d0b218fc00'
Event: 1.847 Thread 0x000001d097deaf90 Unloading class 0x000001d0b218f800 'java/lang/invoke/LambdaForm$DMH+0x000001d0b218f800'
Event: 1.847 Thread 0x000001d097deaf90 Unloading class 0x000001d0b218e400 'java/lang/invoke/LambdaForm$DMH+0x000001d0b218e400'

Classes redefined (0 events):
No events

Internal exceptions (20 events):
Event: 2.357 Thread 0x000001d0f961eed0 Exception <a 'sun/nio/fs/WindowsException'{0x00000000d55eea50}> (0x00000000d55eea50) 
thrown [s\src\hotspot\share\prims\jni.cpp, line 520]
Event: 2.357 Thread 0x000001d0f961eed0 Exception <a 'sun/nio/fs/WindowsException'{0x00000000d55ef2e0}> (0x00000000d55ef2e0) 
thrown [s\src\hotspot\share\prims\jni.cpp, line 520]
Event: 2.358 Thread 0x000001d0f961eed0 Exception <a 'sun/nio/fs/WindowsException'{0x00000000d55f08d8}> (0x00000000d55f08d8) 
thrown [s\src\hotspot\share\prims\jni.cpp, line 520]
Event: 2.358 Thread 0x000001d0f961eed0 Exception <a 'sun/nio/fs/WindowsException'{0x00000000d55f0f08}> (0x00000000d55f0f08) 
thrown [s\src\hotspot\share\prims\jni.cpp, line 520]
Event: 2.358 Thread 0x000001d0f961eed0 Exception <a 'sun/nio/fs/WindowsException'{0x00000000d55f1828}> (0x00000000d55f1828) 
thrown [s\src\hotspot\share\prims\jni.cpp, line 520]
Event: 2.358 Thread 0x000001d0f961eed0 Exception <a 'sun/nio/fs/WindowsException'{0x00000000d55f1e58}> (0x00000000d55f1e58) 
thrown [s\src\hotspot\share\prims\jni.cpp, line 520]
Event: 2.358 Thread 0x000001d0f961eed0 Exception <a 'sun/nio/fs/WindowsException'{0x00000000d55f27d8}> (0x00000000d55f27d8) 
thrown [s\src\hotspot\share\prims\jni.cpp, line 520]
Event: 2.358 Thread 0x000001d0f961eed0 Exception <a 'sun/nio/fs/WindowsException'{0x00000000d55f2e08}> (0x00000000d55f2e08) 
thrown [s\src\hotspot\share\prims\jni.cpp, line 520]
Event: 2.359 Thread 0x000001d0f961eed0 Exception <a 'sun/nio/fs/WindowsException'{0x00000000d55f44f8}> (0x00000000d55f44f8) 
thrown [s\src\hotspot\share\prims\jni.cpp, line 520]
Event: 2.359 Thread 0x000001d0f961eed0 Exception <a 'sun/nio/fs/WindowsException'{0x00000000d55f4b28}> (0x00000000d55f4b28) 
thrown [s\src\hotspot\share\prims\jni.cpp, line 520]
Event: 2.360 Thread 0x000001d0f961eed0 Exception <a 'java/lang/NoSuchMethodError'{0x00000000d562fff0}: 'void java.lang.invoke.DirectMethodHandle$Holder.invokeVirtual(java.lang.Object, java.lang.Object, java.lang.Object, java.lang.Object)'> (0x00000000d562fff0) 
thrown [s\src\hotspot\share\interpreter\linkResolver.cpp, line 773]
Event: 2.399 Thread 0x000001d0f961eed0 Exception <a 'java/io/FileNotFoundException'{0x00000000d5d55a18}> (0x00000000d5d55a18) 
thrown [s\src\hotspot\share\prims\jni.cpp, line 520]
Event: 2.400 Thread 0x000001d0f961eed0 Exception <a 'java/io/FileNotFoundException'{0x00000000d5d56cc8}> (0x00000000d5d56cc8) 
thrown [s\src\hotspot\share\prims\jni.cpp, line 520]
Event: 2.401 Thread 0x000001d0f961eed0 Exception <a 'java/lang/NoSuchMethodError'{0x00000000d5db35d8}: 'java.lang.Object java.lang.invoke.DirectMethodHandle$Holder.newInvokeSpecial(java.lang.Object, java.lang.Object, java.lang.Object, int)'> (0x00000000d5db35d8) 
thrown [s\src\hotspot\share\interpreter\linkResolver.cpp, line 773]
Event: 2.401 Thread 0x000001d0f961eed0 Exception <a 'java/lang/NoSuchMethodError'{0x00000000d5db71b0}: 'java.lang.Object java.lang.invoke.DirectMethodHandle$Holder.invokeSpecial(java.lang.Object, java.lang.Object, java.lang.Object, java.lang.Object, int)'> (0x00000000d5db71b0) 
thrown [s\src\hotspot\share\interpreter\linkResolver.cpp, line 773]
Event: 2.401 Thread 0x000001d0f961eed0 Exception <a 'java/lang/NoSuchMethodError'{0x00000000d5dba648}: 'java.lang.Object java.lang.invoke.Invokers$Holder.linkToTargetMethod(java.lang.Object, java.lang.Object, int, java.lang.Object)'> (0x00000000d5dba648) 
thrown [s\src\hotspot\share\interpreter\linkResolver.cpp, line 773]
Event: 2.402 Thread 0x000001d0f961eed0 Exception <a 'java/lang/NoSuchMethodError'{0x00000000d5dc5e98}: 'void java.lang.invoke.DirectMethodHandle$Holder.invokeStaticInit(java.lang.Object, java.lang.Object, java.lang.Object)'> (0x00000000d5dc5e98) 
thrown [s\src\hotspot\share\interpreter\linkResolver.cpp, line 773]
Event: 2.447 Thread 0x000001d097d352f0 Exception <a 'java/lang/NoSuchMethodError'{0x00000000d6194428}: 'void java.lang.invoke.DirectMethodHandle$Holder.invokeSpecial(java.lang.Object, java.lang.Object, java.lang.Object, java.lang.Object, java.lang.Object, java.lang.Object)'> (0x00000000d6194428) 
thrown [s\src\hotspot\share\interpreter\linkResolver.cpp, line 773]
Event: 2.448 Thread 0x000001d097d352f0 Exception <a 'java/lang/IncompatibleClassChangeError'{0x00000000d619caf8}: Found class java.lang.Object, but interface was expected> (0x00000000d619caf8) 
thrown [s\src\hotspot\share\interpreter\linkResolver.cpp, line 840]
Event: 2.449 Thread 0x000001d097d352f0 Exception <a 'java/lang/IncompatibleClassChangeError'{0x00000000d619e8a8}: Found class java.lang.Object, but interface was expected> (0x00000000d619e8a8) 
thrown [s\src\hotspot\share\interpreter\linkResolver.cpp, line 840]

ZGC Phase Switch (0 events):
No events

VM Operations (20 events):
Event: 1.420 Executing VM operation: HandshakeAllThreads (Deoptimize)
Event: 1.420 Executing VM operation: HandshakeAllThreads (Deoptimize) done
Event: 1.444 Executing VM operation: HandshakeAllThreads (Deoptimize)
Event: 1.444 Executing VM operation: HandshakeAllThreads (Deoptimize) done
Event: 1.552 Executing VM operation: ParallelGCFailedAllocation (Allocation Failure)
Event: 1.554 Executing VM operation: ParallelGCFailedAllocation (Allocation Failure) done
Event: 1.782 Executing VM operation: ParallelGCFailedAllocation (Allocation Failure)
Event: 1.784 Executing VM operation: ParallelGCFailedAllocation (Allocation Failure) done
Event: 1.843 Executing VM operation: CollectForMetadataAllocation (Metadata GC Threshold)
Event: 1.859 Executing VM operation: CollectForMetadataAllocation (Metadata GC Threshold) done
Event: 2.045 Executing VM operation: ParallelGCFailedAllocation (Allocation Failure)
Event: 2.046 Executing VM operation: ParallelGCFailedAllocation (Allocation Failure) done
Event: 2.072 Executing VM operation: HandshakeAllThreads (Deoptimize)
Event: 2.072 Executing VM operation: HandshakeAllThreads (Deoptimize) done
Event: 2.109 Executing VM operation: HandshakeAllThreads (Deoptimize)
Event: 2.109 Executing VM operation: HandshakeAllThreads (Deoptimize) done
Event: 2.184 Executing VM operation: HandshakeAllThreads (Deoptimize)
Event: 2.184 Executing VM operation: HandshakeAllThreads (Deoptimize) done
Event: 2.353 Executing VM operation: ParallelGCFailedAllocation (Allocation Failure)
Event: 2.355 Executing VM operation: ParallelGCFailedAllocation (Allocation Failure) done

Memory protections (0 events):
No events

Nmethod flushes (0 events):
No events

Events (20 events):
Event: 2.284 Thread 0x000001d097d352f0 Thread added: 0x000001d0f976c0f0
Event: 2.284 Thread 0x000001d097d352f0 Thread added: 0x000001d0f976ce10
Event: 2.284 Thread 0x000001d097d352f0 Thread added: 0x000001d0f976db30
Event: 2.284 Thread 0x000001d097d352f0 Thread added: 0x000001d0f976eee0
Event: 2.284 Thread 0x000001d097d352f0 Thread added: 0x000001d0f976e850
Event: 2.284 Thread 0x000001d097d352f0 Thread added: 0x000001d0f976ba60
Event: 2.284 Thread 0x000001d097d352f0 Thread added: 0x000001d0f976e1c0
Event: 2.284 Thread 0x000001d097d352f0 Thread added: 0x000001d0f976c780
Event: 2.285 Thread 0x000001d097d352f0 Thread added: 0x000001d0fb726190
Event: 2.285 Thread 0x000001d097d352f0 Thread added: 0x000001d0fb726eb0
Event: 2.285 Thread 0x000001d097d352f0 Thread added: 0x000001d0fb729610
Event: 2.285 Thread 0x000001d097d352f0 Thread added: 0x000001d0fb727540
Event: 2.285 Thread 0x000001d097d352f0 Thread added: 0x000001d0fb72a9c0
Event: 2.285 Thread 0x000001d097d352f0 Thread added: 0x000001d0fb72bd70
Event: 2.285 Thread 0x000001d097d352f0 Thread added: 0x000001d0fb72d120
Event: 2.285 Thread 0x000001d097d352f0 Thread added: 0x000001d0fb72d7b0
Event: 2.304 Thread 0x000001d097d352f0 Thread added: 0x000001d0fb727bd0
Event: 2.408 Thread 0x000001d0f9682200 Thread added: 0x000001d0fb728260
Event: 2.463 Thread 0x000001d097d352f0 Thread added: 0x000001d0fb7288f0
Event: 2.463 Thread 0x000001d097d352f0 Thread added: 0x000001d0fb729ca0


Dynamic libraries:
0x00007ff74e690000 - 0x00007ff74e69e000 	c:\Users\G4lih\.antigravity\extensions\redhat.java-1.50.0-win32-x64\jre\21.0.9-win32-x86_64\bin\java.exe
0x00007ffdba610000 - 0x00007ffdba827000 	C:\Windows\SYSTEM32\ntdll.dll
0x00007ffdb8fe0000 - 0x00007ffdb90a4000 	C:\Windows\System32\KERNEL32.DLL
0x00007ffdb77a0000 - 0x00007ffdb7b72000 	C:\Windows\System32\KERNELBASE.dll
0x00007ffdb2720000 - 0x00007ffdb27b7000 	C:\Windows\SYSTEM32\apphelp.dll
0x00007ffdb7cb0000 - 0x00007ffdb7dc1000 	C:\Windows\System32\ucrtbase.dll
0x00007ffdb0350000 - 0x00007ffdb0368000 	c:\Users\G4lih\.antigravity\extensions\redhat.java-1.50.0-win32-x64\jre\21.0.9-win32-x86_64\bin\jli.dll
0x00007ffda3fd0000 - 0x00007ffda3fee000 	c:\Users\G4lih\.antigravity\extensions\redhat.java-1.50.0-win32-x64\jre\21.0.9-win32-x86_64\bin\VCRUNTIME140.dll
0x00007ffdb8640000 - 0x00007ffdb87f1000 	C:\Windows\System32\USER32.dll
0x00007ffdb81b0000 - 0x00007ffdb81d6000 	C:\Windows\System32\win32u.dll
0x00007ffdaedb0000 - 0x00007ffdaf04b000 	C:\Windows\WinSxS\amd64_microsoft.windows.common-controls_6595b64144ccf1df_6.0.22621.5547_none_27104afb73855772\COMCTL32.dll
0x00007ffdb95e0000 - 0x00007ffdb9609000 	C:\Windows\System32\GDI32.dll
0x00007ffdb7b80000 - 0x00007ffdb7ca3000 	C:\Windows\System32\gdi32full.dll
0x00007ffdb9b10000 - 0x00007ffdb9bb7000 	C:\Windows\System32\msvcrt.dll
0x00007ffdb7700000 - 0x00007ffdb779a000 	C:\Windows\System32\msvcp_win.dll
0x00007ffdb9620000 - 0x00007ffdb9651000 	C:\Windows\System32\IMM32.DLL
0x00007ffdb0340000 - 0x00007ffdb034c000 	c:\Users\G4lih\.antigravity\extensions\redhat.java-1.50.0-win32-x64\jre\21.0.9-win32-x86_64\bin\vcruntime140_1.dll
0x00007ffd5e6e0000 - 0x00007ffd5e76d000 	c:\Users\G4lih\.antigravity\extensions\redhat.java-1.50.0-win32-x64\jre\21.0.9-win32-x86_64\bin\msvcp140.dll
0x00007ffd26e00000 - 0x00007ffd27ba0000 	c:\Users\G4lih\.antigravity\extensions\redhat.java-1.50.0-win32-x64\jre\21.0.9-win32-x86_64\bin\server\jvm.dll
0x00007ffdb8b50000 - 0x00007ffdb8c01000 	C:\Windows\System32\ADVAPI32.dll
0x00007ffdb90b0000 - 0x00007ffdb9158000 	C:\Windows\System32\sechost.dll
0x00007ffdb8180000 - 0x00007ffdb81a8000 	C:\Windows\System32\bcrypt.dll
0x00007ffdb8a30000 - 0x00007ffdb8b44000 	C:\Windows\System32\RPCRT4.dll
0x00007ffdba550000 - 0x00007ffdba5c1000 	C:\Windows\System32\WS2_32.dll
0x00007ffdb6580000 - 0x00007ffdb65cd000 	C:\Windows\SYSTEM32\POWRPROF.dll
0x00007ffdb2810000 - 0x00007ffdb2844000 	C:\Windows\SYSTEM32\WINMM.dll
0x00007ffdb27d0000 - 0x00007ffdb27da000 	C:\Windows\SYSTEM32\VERSION.dll
0x00007ffdb6560000 - 0x00007ffdb6573000 	C:\Windows\SYSTEM32\UMPDC.dll
0x00007ffdb6820000 - 0x00007ffdb6838000 	C:\Windows\SYSTEM32\kernel.appcore.dll
0x00007ffdaf5a0000 - 0x00007ffdaf5aa000 	c:\Users\G4lih\.antigravity\extensions\redhat.java-1.50.0-win32-x64\jre\21.0.9-win32-x86_64\bin\jimage.dll
0x00007ffdb4b40000 - 0x00007ffdb4d73000 	C:\Windows\SYSTEM32\DBGHELP.DLL
0x00007ffdb82a0000 - 0x00007ffdb8633000 	C:\Windows\System32\combase.dll
0x00007ffdb9800000 - 0x00007ffdb98d7000 	C:\Windows\System32\OLEAUT32.dll
0x00007ffdaf420000 - 0x00007ffdaf452000 	C:\Windows\SYSTEM32\dbgcore.DLL
0x00007ffdb7f90000 - 0x00007ffdb800b000 	C:\Windows\System32\bcryptPrimitives.dll
0x00007ffda4a70000 - 0x00007ffda4a7f000 	c:\Users\G4lih\.antigravity\extensions\redhat.java-1.50.0-win32-x64\jre\21.0.9-win32-x86_64\bin\instrument.dll
0x00007ffd9f3c0000 - 0x00007ffd9f3e0000 	c:\Users\G4lih\.antigravity\extensions\redhat.java-1.50.0-win32-x64\jre\21.0.9-win32-x86_64\bin\java.dll
0x00007ffdb9ca0000 - 0x00007ffdba542000 	C:\Windows\System32\SHELL32.dll
0x00007ffdb7dd0000 - 0x00007ffdb7f0f000 	C:\Windows\System32\wintypes.dll
0x00007ffdb5640000 - 0x00007ffdb5f5d000 	C:\Windows\SYSTEM32\windows.storage.dll
0x00007ffdb8c40000 - 0x00007ffdb8d4c000 	C:\Windows\System32\SHCORE.dll
0x00007ffdb9c30000 - 0x00007ffdb9c99000 	C:\Windows\System32\shlwapi.dll
0x00007ffdb7630000 - 0x00007ffdb765b000 	C:\Windows\SYSTEM32\profapi.dll
0x00007ffd92a60000 - 0x00007ffd92a78000 	c:\Users\G4lih\.antigravity\extensions\redhat.java-1.50.0-win32-x64\jre\21.0.9-win32-x86_64\bin\zip.dll
0x00007ffda49f0000 - 0x00007ffda4a00000 	C:\Users\G4lih\.antigravity\extensions\redhat.java-1.50.0-win32-x64\jre\21.0.9-win32-x86_64\bin\net.dll
0x00007ffdb3d40000 - 0x00007ffdb3e6c000 	C:\Windows\SYSTEM32\WINHTTP.dll
0x00007ffdb6ca0000 - 0x00007ffdb6d09000 	C:\Windows\system32\mswsock.dll
0x00007ffd77d80000 - 0x00007ffd77d96000 	C:\Users\G4lih\.antigravity\extensions\redhat.java-1.50.0-win32-x64\jre\21.0.9-win32-x86_64\bin\nio.dll
0x00007ffda48a0000 - 0x00007ffda48b0000 	c:\Users\G4lih\.antigravity\extensions\redhat.java-1.50.0-win32-x64\jre\21.0.9-win32-x86_64\bin\verify.dll
0x00007ffd38ae0000 - 0x00007ffd38b24000 	C:\Users\G4lih\AppData\Roaming\Antigravity\User\globalStorage\redhat.java\1.50.0\config_ss_win\org.eclipse.equinox.launcher\org.eclipse.equinox.launcher.win32.win32.x86_64_1.2.1400.v20250801-0854\eclipse_11916.dll
0x00007ffdb9660000 - 0x00007ffdb9800000 	C:\Windows\System32\ole32.dll
0x00007ffdb6ef0000 - 0x00007ffdb6f0b000 	C:\Windows\SYSTEM32\CRYPTSP.dll
0x00007ffdb6780000 - 0x00007ffdb67b7000 	C:\Windows\system32\rsaenh.dll
0x00007ffdb6d90000 - 0x00007ffdb6db8000 	C:\Windows\SYSTEM32\USERENV.dll
0x00007ffdb6f10000 - 0x00007ffdb6f1c000 	C:\Windows\SYSTEM32\CRYPTBASE.dll
0x00007ffdb6230000 - 0x00007ffdb625d000 	C:\Windows\SYSTEM32\IPHLPAPI.DLL
0x00007ffdb9a30000 - 0x00007ffdb9a39000 	C:\Windows\System32\NSI.dll
0x00007ffd30490000 - 0x00007ffd304d9000 	C:\Users\G4lih\AppData\Local\Temp\jna-67226270\jna14570035722349260768.dll
0x00007ffdb9a20000 - 0x00007ffdb9a28000 	C:\Windows\System32\PSAPI.DLL
0x00007ffdb3010000 - 0x00007ffdb3029000 	C:\Windows\SYSTEM32\dhcpcsvc6.DLL
0x00007ffdb2ff0000 - 0x00007ffdb300f000 	C:\Windows\SYSTEM32\dhcpcsvc.DLL

JVMTI agents:
c:\Users\G4lih\.antigravity\extensions\redhat.java-1.50.0-win32-x64\lombok\lombok-1.18.39-4050.jar path:c:\Users\G4lih\.antigravity\extensions\redhat.java-1.50.0-win32-x64\jre\21.0.9-win32-x86_64\bin\instrument.dll, loaded, initialized, instrumentlib options:none

dbghelp: loaded successfully - version: 4.0.5 - missing functions: none
symbol engine: initialized successfully - sym options: 0x614 - pdb path: .;c:\Users\G4lih\.antigravity\extensions\redhat.java-1.50.0-win32-x64\jre\21.0.9-win32-x86_64\bin;C:\Windows\SYSTEM32;C:\Windows\WinSxS\amd64_microsoft.windows.common-controls_6595b64144ccf1df_6.0.22621.5547_none_27104afb73855772;c:\Users\G4lih\.antigravity\extensions\redhat.java-1.50.0-win32-x64\jre\21.0.9-win32-x86_64\bin\server;C:\Users\G4lih\AppData\Roaming\Antigravity\User\globalStorage\redhat.java\1.50.0\config_ss_win\org.eclipse.equinox.launcher\org.eclipse.equinox.launcher.win32.win32.x86_64_1.2.1400.v20250801-0854;C:\Users\G4lih\AppData\Local\Temp\jna-67226270

VM Arguments:
jvm_args: --add-modules=ALL-SYSTEM --add-opens=java.base/java.util=ALL-UNNAMED --add-opens=java.base/java.lang=ALL-UNNAMED --add-opens=java.base/sun.nio.fs=ALL-UNNAMED -Declipse.application=org.eclipse.jdt.ls.core.id1 -Dosgi.bundles.defaultStartLevel=4 -Declipse.product=org.eclipse.jdt.ls.core.product -Djava.import.generatesMetadataFilesAtProjectRoot=false -DDetectVMInstallationsJob.disabled=true -Dfile.encoding=utf8 -XX:+UseParallelGC -XX:GCTimeRatio=4 -XX:AdaptiveSizePolicyWeight=90 -Dsun.zip.disableMemoryMapping=true -Xmx2G -Xms100m -Xlog:disable -javaagent:c:\Users\G4lih\.antigravity\extensions\redhat.java-1.50.0-win32-x64\lombok\lombok-1.18.39-4050.jar 
java_command: c:\Users\G4lih\.antigravity\extensions\redhat.java-1.50.0-win32-x64\server\plugins\org.eclipse.equinox.launcher_1.7.100.v20251111-0406.jar -configuration c:\Users\G4lih\AppData\Roaming\Antigravity\User\globalStorage\redhat.java\1.50.0\config_ss_win -data c:\Users\G4lih\AppData\Roaming\Antigravity\User\workspaceStorage\20f6df2d00a1858f44181e17d7a95fc8\redhat.java\ss_ws --pipe=\\.\pipe\lsp-680e8389f81153a26fab9d7bc926711e-sock
java_class_path (initial): c:\Users\G4lih\.antigravity\extensions\redhat.java-1.50.0-win32-x64\server\plugins\org.eclipse.equinox.launcher_1.7.100.v20251111-0406.jar
Launcher Type: SUN_STANDARD

[Global flags]
    uintx AdaptiveSizePolicyWeight                 = 90                                        {product} {command line}
     intx CICompilerCount                          = 12                                        {product} {ergonomic}
    uintx GCTimeRatio                              = 4                                         {product} {command line}
   size_t InitialHeapSize                          = 104857600                                 {product} {command line}
   size_t MaxHeapSize                              = 2147483648                                {product} {command line}
   size_t MaxNewSize                               = 715653120                                 {product} {ergonomic}
   size_t MinHeapDeltaBytes                        = 524288                                    {product} {ergonomic}
   size_t MinHeapSize                              = 104857600                                 {product} {command line}
   size_t NewSize                                  = 34603008                                  {product} {ergonomic}
    uintx NonNMethodCodeHeapSize                   = 7602480                                {pd product} {ergonomic}
    uintx NonProfiledCodeHeapSize                  = 122027880                              {pd product} {ergonomic}
   size_t OldSize                                  = 70254592                                  {product} {ergonomic}
    uintx ProfiledCodeHeapSize                     = 122027880                              {pd product} {ergonomic}
    uintx ReservedCodeCacheSize                    = 251658240                              {pd product} {ergonomic}
     bool SegmentedCodeCache                       = true                                      {product} {ergonomic}
   size_t SoftMaxHeapSize                          = 2147483648                             {manageable} {ergonomic}
     bool UseCompressedOops                        = true                           {product lp64_product} {ergonomic}
     bool UseLargePagesIndividualAllocation        = false                                  {pd product} {ergonomic}
     bool UseParallelGC                            = true                                      {product} {command line}

Logging:
Log output configuration:
 #0: stdout all=off uptime,level,tags foldmultilines=false
 #1: stderr all=off uptime,level,tags foldmultilines=false

Release file:
JAVA_VERSION="21.0.9" 
MODULES="java.base java.compiler java.datatransfer java.xml java.prefs java.desktop java.instrument java.logging java.management java.security.sasl java.naming java.rmi java.management.rmi java.net.http java.scripting java.security.jgss java.transaction.xa java.sql java.sql.rowset java.xml.crypto java.se java.smartcardio jdk.accessibility jdk.internal.jvmstat jdk.attach jdk.charsets jdk.internal.opt jdk.zipfs jdk.compiler jdk.crypto.ec jdk.crypto.cryptoki jdk.crypto.mscapi jdk.dynalink jdk.internal.ed jdk.editpad jdk.hotspot.agent jdk.httpserver jdk.internal.le jdk.internal.vm.ci jdk.internal.vm.compiler jdk.internal.vm.compiler.management jdk.jartool jdk.javadoc jdk.jcmd jdk.management jdk.management.agent jdk.jconsole jdk.jdeps jdk.jdwp.agent jdk.jdi jdk.jfr jdk.jshell jdk.jsobject jdk.jstatd jdk.localedata jdk.management.jfr jdk.naming.dns jdk.naming.rmi jdk.net jdk.nio.mapmode jdk.random jdk.sctp jdk.security.auth jdk.security.jgss jdk.unsupported jdk.unsupported.desktop jdk.xml.dom" 

Environment Variables:
PATH=C:\Python314\Scripts\;C:\Python314\;C:\Program Files\Common Files\Oracle\Java\javapath;C:\Windows\system32;C:\Windows;C:\Windows\System32\Wbem;C:\Windows\System32\WindowsPowerShell\v1.0\;C:\Windows\System32\OpenSSH\;C:\Program Files (x86)\NVIDIA Corporation\PhysX\Common;C:\Program Files\NVIDIA Corporation\NVIDIA NvDLISR;C:\Program Files\Git\cmd;C:\xampp\php;C:\ProgramData\ComposerSetup\bin;C:\Program Files\nodejs\;C:\ProgramData\chocolatey\bin;C:\Program Files\MySQL\MySQL Shell 8.0\bin\;C:\Users\G4lih\AppData\Local\Programs\Python\Launcher\;C:\Users\G4lih\AppData\Local\Microsoft\WindowsApps;C:\Users\G4lih\AppData\Local\Programs\Microsoft VS Code\bin;C:\Users\G4lih\AppData\Roaming\Composer\vendor\bin;C:\Users\G4lih\AppData\Roaming\npm;C:\Users\G4lih\AppData\Local\Programs\Antigravity\bin
USERNAME=G4lih
OS=Windows_NT
PROCESSOR_IDENTIFIER=Intel64 Family 6 Model 186 Stepping 2, GenuineIntel
TMP=C:\Users\G4lih\AppData\Local\Temp
TEMP=C:\Users\G4lih\AppData\Local\Temp




Periodic native trim disabled

---------------  S Y S T E M  ---------------

OS:
 Windows 11 , 64 bit Build 22621 (10.0.22621.5415)
OS uptime: 1 days 0:36 hours

CPU: total 16 (initial active 16) (16 cores per cpu, 1 threads per core) family 6 model 186 stepping 2 microcode 0x410e, cx8, cmov, fxsr, mmx, 3dnowpref, sse, sse2, sse3, ssse3, sse4.1, sse4.2, popcnt, lzcnt, tsc, tscinvbit, avx, avx2, aes, erms, clmul, bmi1, bmi2, adx, sha, fma, vzeroupper, clflush, clflushopt, clwb, serialize, rdtscp, rdpid, fsrm, f16c, pku, cet_ibt, cet_ss
Processor Information for the first 16 processors :
  Max Mhz: 2400, Current Mhz: 2400, Mhz Limit: 2400

Memory: 4k page, system-wide physical 16003M (525M free)
TotalPageFile size 24942M (AvailPageFile size 5M)
current process WorkingSet (physical memory assigned to process): 168M, peak: 168M
current process commit charge ("private bytes"): 319M, peak: 320M

vm_info: OpenJDK 64-Bit Server VM (21.0.9+10-LTS) for windows-amd64 JRE (21.0.9+10-LTS), built on 2025-10-21T00:00:00Z by "admin" with unknown MS VC++:1942

END.
