#
# There is insufficient memory for the Java Runtime Environment to continue.
# Native memory allocation (malloc) failed to allocate 1359968 bytes. Error detail: Chunk::new
# Possible reasons:
#   The system is out of physical RAM or swap space
#   This process is running with CompressedOops enabled, and the Java Heap may be blocking the growth of the native heap
# Possible solutions:
#   Reduce memory load on the system
#   Increase physical memory or swap space
#   Check if swap backing store is full
#   Decrease Java heap size (-Xmx/-Xms)
#   Decrease number of Java threads
#   Decrease Java thread stack sizes (-Xss)
#   Set larger code cache with -XX:ReservedCodeCacheSize=
#   JVM is running with Unscaled Compressed Oops mode in which the Java heap is
#     placed in the first 4GB address space. The Java Heap base address is the
#     maximum limit for the native heap growth. Please use -XX:HeapBaseMinAddress
#     to set the Java Heap base and to place the Java Heap above 4GB virtual address.
# This output file may be truncated or incomplete.
#
#  Out of Memory Error (arena.cpp:168), pid=37204, tid=13188
#
# JRE version: OpenJDK Runtime Environment Temurin-21.0.9+10 (21.0.9+10) (build 21.0.9+10-LTS)
# Java VM: OpenJDK 64-Bit Server VM Temurin-21.0.9+10 (21.0.9+10-LTS, mixed mode, sharing, tiered, compressed oops, compressed class ptrs, parallel gc, windows-amd64)
# No core dump will be written. Minidumps are not enabled by default on client versions of Windows
#

---------------  S U M M A R Y ------------

Command Line: --add-modules=ALL-SYSTEM --add-opens=java.base/java.util=ALL-UNNAMED --add-opens=java.base/java.lang=ALL-UNNAMED --add-opens=java.base/sun.nio.fs=ALL-UNNAMED -Declipse.application=org.eclipse.jdt.ls.core.id1 -Dosgi.bundles.defaultStartLevel=4 -Declipse.product=org.eclipse.jdt.ls.core.product -Djava.import.generatesMetadataFilesAtProjectRoot=false -DDetectVMInstallationsJob.disabled=true -Dfile.encoding=utf8 -XX:+UseParallelGC -XX:GCTimeRatio=4 -XX:AdaptiveSizePolicyWeight=90 -Dsun.zip.disableMemoryMapping=true -Xmx2G -Xms100m -Xlog:disable -javaagent:c:\Users\G4lih\.antigravity\extensions\redhat.java-1.50.0-win32-x64\lombok\lombok-1.18.39-4050.jar -XX:+HeapDumpOnOutOfMemoryError -XX:HeapDumpPath=c:\Users\G4lih\AppData\Roaming\Antigravity\User\workspaceStorage\20f6df2d00a1858f44181e17d7a95fc8\redhat.java -Daether.dependencyCollector.impl=bf c:\Users\G4lih\.antigravity\extensions\redhat.java-1.50.0-win32-x64\server\plugins\org.eclipse.equinox.launcher_1.7.100.v20251111-0406.jar -configuration c:\Users\G4lih\AppData\Roaming\Antigravity\User\globalStorage\redhat.java\1.50.0\config_win -data c:\Users\G4lih\AppData\Roaming\Antigravity\User\workspaceStorage\20f6df2d00a1858f44181e17d7a95fc8\redhat.java\jdt_ws --pipe=\\.\pipe\lsp-c1aeb059f2ec5029a018eb576575c9bd-sock

Host: 13th Gen Intel(R) Core(TM) i7-13620H, 16 cores, 15G,  Windows 11 , 64 bit Build 22621 (10.0.22621.5415)
Time: Mon Dec 22 00:30:53 2025 SE Asia Standard Time elapsed time: 4.926047 seconds (0d 0h 0m 4s)

---------------  T H R E A D  ---------------

Current thread (0x000002034a21bdc0):  JavaThread "C2 CompilerThread0" daemon [_thread_in_native, id=13188, stack(0x000000810e200000,0x000000810e300000) (1024K)]


Current CompileTask:
C2:4926 7241       4       java.lang.invoke.MethodType::makeImpl (109 bytes)

Stack: [0x000000810e200000,0x000000810e300000]
Native frames: (J=compiled Java code, j=interpreted, Vv=VM code, C=native code)
V  [jvm.dll+0x6d6e29]
V  [jvm.dll+0x8b4b76]
V  [jvm.dll+0x8b712e]
V  [jvm.dll+0x8b7813]
V  [jvm.dll+0x283d86]
V  [jvm.dll+0xc66ed]
V  [jvm.dll+0xc6c31]
V  [jvm.dll+0x3be53b]
V  [jvm.dll+0x1e3d59]
V  [jvm.dll+0x24c0f3]
V  [jvm.dll+0x24b580]
V  [jvm.dll+0x1cb13e]
V  [jvm.dll+0x25b29d]
V  [jvm.dll+0x25982a]
V  [jvm.dll+0x3f7ea6]
V  [jvm.dll+0x85e9ad]
V  [jvm.dll+0x6d565d]
C  [ucrtbase.dll+0x29333]
C  [KERNEL32.DLL+0x1259d]
C  [ntdll.dll+0x5af78]


---------------  P R O C E S S  ---------------

Threads class SMR info:
_java_thread_list=0x0000020396dc3c40, length=65, elements={
0x0000020333782360, 0x000002034a208fb0, 0x000002034a20a4b0, 0x000002034a20ea00,
0x000002034a20fac0, 0x000002034a213ff0, 0x000002034a215390, 0x000002034a21bdc0,
0x000002038c5f4f50, 0x000002038c6ea4c0, 0x000002038c6f33a0, 0x000002038c743ff0,
0x000002038c7edf90, 0x000002038c93d810, 0x0000020392851b00, 0x0000020392894460,
0x0000020392b42940, 0x0000020392b43370, 0x0000020392db66e0, 0x0000020392f19180,
0x0000020392e43b10, 0x00000203930c8180, 0x00000203928cf2e0, 0x00000203928cf970,
0x0000020393273080, 0x000002039334fda0, 0x00000203928cd8a0, 0x00000203928cdf30,
0x00000203928ce5c0, 0x00000203956ab2f0, 0x00000203956aac60, 0x00000203956a7e70,
0x00000203956a8b90, 0x00000203956ad3c0, 0x00000203956a77e0, 0x00000203956a9f40,
0x00000203956a8500, 0x00000203956ab980, 0x00000203956ae0e0, 0x00000203956a9220,
0x00000203956ac010, 0x00000203956acd30, 0x00000203956a98b0, 0x00000203956ada50,
0x00000203956ac6a0, 0x00000203956a7150, 0x00000203956ae770, 0x00000203952a1500,
0x00000203952a5d30, 0x00000203952a35d0, 0x00000203952a8b20, 0x00000203952a8490,
0x00000203952a4980, 0x00000203952a2f40, 0x00000203952a63c0, 0x00000203952a7e00,
0x00000203952a42f0, 0x00000203952a6a50, 0x00000203952a56a0, 0x00000203952a2220,
0x00000203952a70e0, 0x00000203952a7770, 0x00000203952a28b0, 0x00000203952a5010,
0x00000203952a1b90
}

Java Threads: ( => current thread )
  0x0000020333782360 JavaThread "main"                              [_thread_blocked, id=11100, stack(0x000000810d800000,0x000000810d900000) (1024K)]
  0x000002034a208fb0 JavaThread "Reference Handler"          daemon [_thread_blocked, id=20096, stack(0x000000810dc00000,0x000000810dd00000) (1024K)]
  0x000002034a20a4b0 JavaThread "Finalizer"                  daemon [_thread_blocked, id=5100, stack(0x000000810dd00000,0x000000810de00000) (1024K)]
  0x000002034a20ea00 JavaThread "Signal Dispatcher"          daemon [_thread_blocked, id=34960, stack(0x000000810de00000,0x000000810df00000) (1024K)]
  0x000002034a20fac0 JavaThread "Attach Listener"            daemon [_thread_blocked, id=23652, stack(0x000000810df00000,0x000000810e000000) (1024K)]
  0x000002034a213ff0 JavaThread "Service Thread"             daemon [_thread_blocked, id=34708, stack(0x000000810e000000,0x000000810e100000) (1024K)]
  0x000002034a215390 JavaThread "Monitor Deflation Thread"   daemon [_thread_blocked, id=27864, stack(0x000000810e100000,0x000000810e200000) (1024K)]
=>0x000002034a21bdc0 JavaThread "C2 CompilerThread0"         daemon [_thread_in_native, id=13188, stack(0x000000810e200000,0x000000810e300000) (1024K)]
  0x000002038c5f4f50 JavaThread "C1 CompilerThread0"         daemon [_thread_blocked, id=34272, stack(0x000000810e300000,0x000000810e400000) (1024K)]
  0x000002038c6ea4c0 JavaThread "C1 CompilerThread1"         daemon [_thread_blocked, id=20436, stack(0x000000810e400000,0x000000810e500000) (1024K)]
  0x000002038c6f33a0 JavaThread "C1 CompilerThread2"         daemon [_thread_blocked, id=21684, stack(0x000000810e500000,0x000000810e600000) (1024K)]
  0x000002038c743ff0 JavaThread "C2 CompilerThread1"         daemon [_thread_in_vm, id=21232, stack(0x000000810e600000,0x000000810e700000) (1024K)]
  0x000002038c7edf90 JavaThread "Common-Cleaner"             daemon [_thread_blocked, id=21216, stack(0x000000810e700000,0x000000810e800000) (1024K)]
  0x000002038c93d810 JavaThread "Notification Thread"        daemon [_thread_blocked, id=33832, stack(0x000000810e800000,0x000000810e900000) (1024K)]
  0x0000020392851b00 JavaThread "Active Thread: Equinox Container: bf9220e4-6f19-4f29-99cc-cedbee856649"        [_thread_blocked, id=6864, stack(0x000000810f000000,0x000000810f100000) (1024K)]
  0x0000020392894460 JavaThread "Refresh Thread: Equinox Container: bf9220e4-6f19-4f29-99cc-cedbee856649" daemon [_thread_blocked, id=36188, stack(0x000000810f200000,0x000000810f300000) (1024K)]
  0x0000020392b42940 JavaThread "Framework Event Dispatcher: Equinox Container: bf9220e4-6f19-4f29-99cc-cedbee856649" daemon [_thread_blocked, id=32012, stack(0x000000810f300000,0x000000810f400000) (1024K)]
  0x0000020392b43370 JavaThread "Start Level: Equinox Container: bf9220e4-6f19-4f29-99cc-cedbee856649" daemon [_thread_blocked, id=35028, stack(0x000000810f400000,0x000000810f500000) (1024K)]
  0x0000020392db66e0 JavaThread "Bundle File Closer"         daemon [_thread_blocked, id=14128, stack(0x000000810f800000,0x000000810f900000) (1024K)]
  0x0000020392f19180 JavaThread "SCR Component Actor"        daemon [_thread_blocked, id=18636, stack(0x000000810e900000,0x000000810ea00000) (1024K)]
  0x0000020392e43b10 JavaThread "Worker-JM"                         [_thread_blocked, id=33684, stack(0x000000810fa00000,0x000000810fb00000) (1024K)]
  0x00000203930c8180 JavaThread "JNA Cleaner"                daemon [_thread_blocked, id=13484, stack(0x000000810fc00000,0x000000810fd00000) (1024K)]
  0x00000203928cf2e0 JavaThread "Worker-0"                          [_thread_blocked, id=30056, stack(0x000000810fd00000,0x000000810fe00000) (1024K)]
  0x00000203928cf970 JavaThread "Worker-1: Initialize workspace"        [_thread_in_vm, id=30248, stack(0x000000810fe00000,0x000000810ff00000) (1024K)]
  0x0000020393273080 JavaThread "C1 CompilerThread3"         daemon [_thread_blocked, id=2112, stack(0x000000810ff00000,0x0000008110000000) (1024K)]
  0x000002039334fda0 JavaThread "C2 CompilerThread2"         daemon [_thread_in_native, id=8884, stack(0x0000008110000000,0x0000008110100000) (1024K)]
  0x00000203928cd8a0 JavaThread "Java indexing"              daemon [_thread_blocked, id=33828, stack(0x0000008110100000,0x0000008110200000) (1024K)]
  0x00000203928cdf30 JavaThread "Worker-2"                          [_thread_blocked, id=12532, stack(0x0000008110200000,0x0000008110300000) (1024K)]
  0x00000203928ce5c0 JavaThread "Worker-3"                          [_thread_blocked, id=34384, stack(0x0000008110300000,0x0000008110400000) (1024K)]
  0x00000203956ab2f0 JavaThread "Thread-1"                   daemon [_thread_in_native, id=28652, stack(0x0000008110400000,0x0000008110500000) (1024K)]
  0x00000203956aac60 JavaThread "Thread-2"                   daemon [_thread_in_native, id=33668, stack(0x0000008110500000,0x0000008110600000) (1024K)]
  0x00000203956a7e70 JavaThread "Thread-3"                   daemon [_thread_in_native, id=9948, stack(0x0000008110600000,0x0000008110700000) (1024K)]
  0x00000203956a8b90 JavaThread "Thread-4"                   daemon [_thread_in_native, id=30196, stack(0x0000008110700000,0x0000008110800000) (1024K)]
  0x00000203956ad3c0 JavaThread "Thread-5"                   daemon [_thread_in_native, id=34052, stack(0x0000008110800000,0x0000008110900000) (1024K)]
  0x00000203956a77e0 JavaThread "Thread-6"                   daemon [_thread_in_native, id=36264, stack(0x0000008110900000,0x0000008110a00000) (1024K)]
  0x00000203956a9f40 JavaThread "Thread-7"                   daemon [_thread_in_native, id=33264, stack(0x0000008110a00000,0x0000008110b00000) (1024K)]
  0x00000203956a8500 JavaThread "Thread-8"                   daemon [_thread_in_native, id=20676, stack(0x0000008110b00000,0x0000008110c00000) (1024K)]
  0x00000203956ab980 JavaThread "Thread-9"                   daemon [_thread_in_native, id=34824, stack(0x0000008110c00000,0x0000008110d00000) (1024K)]
  0x00000203956ae0e0 JavaThread "Thread-10"                  daemon [_thread_in_native, id=19056, stack(0x0000008110d00000,0x0000008110e00000) (1024K)]
  0x00000203956a9220 JavaThread "Thread-11"                  daemon [_thread_in_native, id=34364, stack(0x0000008110e00000,0x0000008110f00000) (1024K)]
  0x00000203956ac010 JavaThread "Thread-12"                  daemon [_thread_in_native, id=34580, stack(0x0000008110f00000,0x0000008111000000) (1024K)]
  0x00000203956acd30 JavaThread "Thread-13"                  daemon [_thread_in_native, id=30344, stack(0x0000008111000000,0x0000008111100000) (1024K)]
  0x00000203956a98b0 JavaThread "Thread-14"                  daemon [_thread_in_native, id=27608, stack(0x0000008111100000,0x0000008111200000) (1024K)]
  0x00000203956ada50 JavaThread "Thread-15"                  daemon [_thread_in_native, id=32944, stack(0x0000008111200000,0x0000008111300000) (1024K)]
  0x00000203956ac6a0 JavaThread "Thread-16"                  daemon [_thread_in_native, id=34216, stack(0x0000008111300000,0x0000008111400000) (1024K)]
  0x00000203956a7150 JavaThread "Thread-17"                  daemon [_thread_in_native, id=30580, stack(0x0000008111400000,0x0000008111500000) (1024K)]
  0x00000203956ae770 JavaThread "pool-2-thread-1"                   [_thread_blocked, id=31692, stack(0x0000008111500000,0x0000008111600000) (1024K)]
  0x00000203952a1500 JavaThread "WorkspaceEventsHandler"            [_thread_blocked, id=36196, stack(0x0000008111600000,0x0000008111700000) (1024K)]
  0x00000203952a5d30 JavaThread "pool-1-thread-1"                   [_thread_blocked, id=35540, stack(0x0000008111700000,0x0000008111800000) (1024K)]
  0x00000203952a35d0 JavaThread "ForkJoinPool.commonPool-worker-1" daemon [_thread_blocked, id=31316, stack(0x0000008111800000,0x0000008111900000) (1024K)]
  0x00000203952a8b20 JavaThread "ForkJoinPool.commonPool-worker-2" daemon [_thread_blocked, id=34904, stack(0x0000008111900000,0x0000008111a00000) (1024K)]
  0x00000203952a8490 JavaThread "ForkJoinPool.commonPool-worker-3" daemon [_thread_in_vm, id=35376, stack(0x0000008111a00000,0x0000008111b00000) (1024K)]
  0x00000203952a4980 JavaThread "ForkJoinPool.commonPool-worker-4" daemon [_thread_blocked, id=33704, stack(0x0000008111b00000,0x0000008111c00000) (1024K)]
  0x00000203952a2f40 JavaThread "ForkJoinPool.commonPool-worker-5" daemon [_thread_blocked, id=30440, stack(0x0000008111c00000,0x0000008111d00000) (1024K)]
  0x00000203952a63c0 JavaThread "ForkJoinPool.commonPool-worker-6" daemon [_thread_blocked, id=36460, stack(0x0000008111d00000,0x0000008111e00000) (1024K)]
  0x00000203952a7e00 JavaThread "ForkJoinPool.commonPool-worker-7" daemon [_thread_blocked, id=33728, stack(0x0000008111e00000,0x0000008111f00000) (1024K)]
  0x00000203952a42f0 JavaThread "ForkJoinPool.commonPool-worker-8" daemon [_thread_blocked, id=19692, stack(0x0000008111f00000,0x0000008112000000) (1024K)]
  0x00000203952a6a50 JavaThread "ForkJoinPool.commonPool-worker-9" daemon [_thread_blocked, id=35696, stack(0x0000008112000000,0x0000008112100000) (1024K)]
  0x00000203952a56a0 JavaThread "ForkJoinPool.commonPool-worker-10" daemon [_thread_blocked, id=19248, stack(0x0000008112100000,0x0000008112200000) (1024K)]
  0x00000203952a2220 JavaThread "ForkJoinPool.commonPool-worker-11" daemon [_thread_blocked, id=28264, stack(0x0000008112200000,0x0000008112300000) (1024K)]
  0x00000203952a70e0 JavaThread "ForkJoinPool.commonPool-worker-12" daemon [_thread_blocked, id=30020, stack(0x0000008112300000,0x0000008112400000) (1024K)]
  0x00000203952a7770 JavaThread "ForkJoinPool.commonPool-worker-13" daemon [_thread_blocked, id=12000, stack(0x0000008112400000,0x0000008112500000) (1024K)]
  0x00000203952a28b0 JavaThread "ForkJoinPool.commonPool-worker-14" daemon [_thread_blocked, id=31988, stack(0x0000008112500000,0x0000008112600000) (1024K)]
  0x00000203952a5010 JavaThread "ForkJoinPool.commonPool-worker-15" daemon [_thread_blocked, id=35680, stack(0x0000008112600000,0x0000008112700000) (1024K)]
  0x00000203952a1b90 JavaThread "Worker-4"                          [_thread_blocked, id=26772, stack(0x0000008112700000,0x0000008112800000) (1024K)]
Total: 65

Other Threads:
  0x000002038c5d4ba0 VMThread "VM Thread"                           [id=32716, stack(0x000000810db00000,0x000000810dc00000) (1024K)]
  0x000002034a0fca00 WatcherThread "VM Periodic Task Thread"        [id=37072, stack(0x000000810da00000,0x000000810db00000) (1024K)]
  0x000002033379ab40 WorkerThread "GC Thread#0"                     [id=37256, stack(0x000000810d900000,0x000000810da00000) (1024K)]
  0x0000020392101040 WorkerThread "GC Thread#1"                     [id=35800, stack(0x000000810ea00000,0x000000810eb00000) (1024K)]
  0x0000020392407fd0 WorkerThread "GC Thread#2"                     [id=33504, stack(0x000000810eb00000,0x000000810ec00000) (1024K)]
  0x000002039235b4c0 WorkerThread "GC Thread#3"                     [id=12568, stack(0x000000810ec00000,0x000000810ed00000) (1024K)]
  0x0000020392408370 WorkerThread "GC Thread#4"                     [id=34660, stack(0x000000810ed00000,0x000000810ee00000) (1024K)]
  0x0000020392840700 WorkerThread "GC Thread#5"                     [id=26976, stack(0x000000810ee00000,0x000000810ef00000) (1024K)]
  0x0000020392840aa0 WorkerThread "GC Thread#6"                     [id=20052, stack(0x000000810ef00000,0x000000810f000000) (1024K)]
  0x0000020392b40180 WorkerThread "GC Thread#7"                     [id=20964, stack(0x000000810f100000,0x000000810f200000) (1024K)]
  0x0000020392ae6c00 WorkerThread "GC Thread#8"                     [id=12372, stack(0x000000810f500000,0x000000810f600000) (1024K)]
  0x0000020392ae7340 WorkerThread "GC Thread#9"                     [id=30964, stack(0x000000810f600000,0x000000810f700000) (1024K)]
  0x0000020392ae7e20 WorkerThread "GC Thread#10"                    [id=15248, stack(0x000000810f700000,0x000000810f800000) (1024K)]
  0x0000020392ae76e0 WorkerThread "GC Thread#11"                    [id=31856, stack(0x000000810f900000,0x000000810fa00000) (1024K)]
  0x0000020392ae7a80 WorkerThread "GC Thread#12"                    [id=36008, stack(0x000000810fb00000,0x000000810fc00000) (1024K)]
Total: 15

Threads with active compile tasks:
C2 CompilerThread0  4943 7241       4       java.lang.invoke.MethodType::makeImpl (109 bytes)
C2 CompilerThread1  4943 7595       4       jdk.internal.jimage.ImageReader$SharedImageReader$$Lambda/0x000002034c5a4000::visit (13 bytes)
C2 CompilerThread2  4943 7598       4       jdk.internal.jimage.ImageReader$SharedImageReader::lambda$handleModulesSubTree$1 (58 bytes)
Total: 3

VM state: not at safepoint (normal execution)

VM Mutex/Monitor currently owned by a thread:  ([mutex/lock_event])
[0x00007ffd27abdbf0] SystemDictionary_lock - owner thread: 0x0000000000000000

Heap address: 0x0000000080000000, size: 2048 MB, Compressed Oops mode: 32-bit

CDS archive(s) mapped at: [0x000002034b000000-0x000002034bba0000-0x000002034bba0000), size 12189696, SharedBaseAddress: 0x000002034b000000, ArchiveRelocationMode: 1.
Compressed class space mapped at: 0x000002034c000000-0x000002038c000000, reserved size: 1073741824
Narrow klass base: 0x000002034b000000, Narrow klass shift: 0, Narrow klass range: 0x100000000

GC Precious Log:
 CardTable entry size: 512
 CPUs: 16 total, 16 available
 Memory: 16003M
 Large Page Support: Disabled
 NUMA Support: Disabled
 Compressed Oops: Enabled (32-bit)
 Alignments: Space 512K, Generation 512K, Heap 2M
 Heap Min Capacity: 100M
 Heap Initial Capacity: 100M
 Heap Max Capacity: 2G
 Pre-touch: Disabled
 Parallel Workers: 13

Heap:
 PSYoungGen      total 19456K, used 4315K [0x00000000d5580000, 0x00000000d6b00000, 0x0000000100000000)
  eden space 17920K, 15% used [0x00000000d5580000,0x00000000d5838b60,0x00000000d6700000)
  from space 1536K, 99% used [0x00000000d6980000,0x00000000d6afe200,0x00000000d6b00000)
  to   space 2048K, 0% used [0x00000000d6780000,0x00000000d6780000,0x00000000d6980000)
 ParOldGen       total 68608K, used 44660K [0x0000000080000000, 0x0000000084300000, 0x00000000d5580000)
  object space 68608K, 65% used [0x0000000080000000,0x0000000082b9d3f8,0x0000000084300000)
 Metaspace       used 50242K, committed 51584K, reserved 1114112K
  class space    used 5437K, committed 6016K, reserved 1048576K

Card table byte_map: [0x0000020333130000,0x0000020333540000] _byte_map_base: 0x0000020332d30000

Marking Bits: (ParMarkBitMap*) 0x00007ffd27ac2460
 Begin Bits: [0x0000020345c20000, 0x0000020347c20000)
 End Bits:   [0x0000020347c20000, 0x0000020349c20000)

Polling page: 0x00000203315f0000

Metaspace:

Usage:
  Non-class:     43.76 MB used.
      Class:      5.31 MB used.
       Both:     49.07 MB used.

Virtual space:
  Non-class space:       64.00 MB reserved,      44.50 MB ( 70%) committed,  1 nodes.
      Class space:        1.00 GB reserved,       5.88 MB ( <1%) committed,  1 nodes.
             Both:        1.06 GB reserved,      50.38 MB (  5%) committed. 

Chunk freelists:
   Non-Class:  3.23 MB
       Class:  9.95 MB
        Both:  13.19 MB

MaxMetaspaceSize: unlimited
CompressedClassSpaceSize: 1.00 GB
Initial GC threshold: 21.00 MB
Current GC threshold: 58.38 MB
CDS: on
 - commit_granule_bytes: 65536.
 - commit_granule_words: 8192.
 - virtual_space_node_default_size: 8388608.
 - enlarge_chunks_in_place: 1.
 - use_allocation_guard: 0.


Internal statistics:

num_allocs_failed_limit: 6.
num_arena_births: 1012.
num_arena_deaths: 14.
num_vsnodes_births: 2.
num_vsnodes_deaths: 0.
num_space_committed: 807.
num_space_uncommitted: 0.
num_chunks_returned_to_freelist: 20.
num_chunks_taken_from_freelist: 3309.
num_chunk_merges: 12.
num_chunk_splits: 2062.
num_chunks_enlarged: 1186.
num_inconsistent_stats: 0.

CodeHeap 'non-profiled nmethods': size=119168Kb used=3727Kb max_used=3727Kb free=115440Kb
 bounds [0x000002033e510000, 0x000002033e8c0000, 0x0000020345970000]
CodeHeap 'profiled nmethods': size=119104Kb used=15783Kb max_used=15783Kb free=103320Kb
 bounds [0x0000020336970000, 0x00000203378e0000, 0x000002033ddc0000]
CodeHeap 'non-nmethods': size=7488Kb used=3069Kb max_used=3114Kb free=4418Kb
 bounds [0x000002033ddc0000, 0x000002033e0e0000, 0x000002033e510000]
CodeCache: size=245760Kb, used=22579Kb, max_used=22624Kb, free=223178Kb
 total_blobs=7899, nmethods=7215, adapters=587, full_count=0
Compilation: enabled, stopped_count=0, restarted_count=0

Compilation events (20 events):
Event: 4.922 Thread 0x000002038c6f33a0 nmethod 7795 0x00000203378bc810 code [0x00000203378bca40, 0x00000203378bcf80]
Event: 4.922 Thread 0x000002038c6f33a0 7801   !   3       org.eclipse.jdt.internal.core.JavaProject$ModuleLookup::getModule (102 bytes)
Event: 4.922 Thread 0x000002038c5f4f50 nmethod 7797 0x00000203378bd190 code [0x00000203378bd3a0, 0x00000203378bd990]
Event: 4.922 Thread 0x0000020393273080 nmethod 7800 0x00000203378bdb90 code [0x00000203378bdda0, 0x00000203378be2f0]
Event: 4.922 Thread 0x000002038c5f4f50 7802       3       org.eclipse.jdt.internal.compiler.classfmt.ModuleInfo::hashCode (35 bytes)
Event: 4.922 Thread 0x0000020393273080 7803       3       java.net.URI::<init> (23 bytes)
Event: 4.924 Thread 0x000002038c6ea4c0 nmethod 7789 0x00000203378be590 code [0x00000203378bea80, 0x00000203378c13b8]
Event: 4.924 Thread 0x000002038c5f4f50 nmethod 7802 0x00000203378c2290 code [0x00000203378c2460, 0x00000203378c2658]
Event: 4.924 Thread 0x0000020393273080 nmethod 7803 0x00000203378c2790 code [0x00000203378c2960, 0x00000203378c2c78]
Event: 4.924 Thread 0x000002038c5f4f50 7804   !   3       org.eclipse.jdt.internal.core.JarPackageFragmentRoot::<init> (87 bytes)
Event: 4.924 Thread 0x0000020393273080 7805       3       org.eclipse.jdt.internal.compiler.util.ObjectVector::add (61 bytes)
Event: 4.924 Thread 0x000002038c6f33a0 nmethod 7801 0x00000203378c2d90 code [0x00000203378c3020, 0x00000203378c3cf8]
Event: 4.924 Thread 0x000002038c6ea4c0 7806       3       org.eclipse.jdt.internal.core.JavaModel::getTarget (11 bytes)
Event: 4.925 Thread 0x000002038c6f33a0 7807       3       org.eclipse.jdt.internal.core.JavaModel::isFile (13 bytes)
Event: 4.925 Thread 0x0000020393273080 nmethod 7805 0x00000203378c4190 code [0x00000203378c4360, 0x00000203378c4798]
Event: 4.925 Thread 0x000002038c6ea4c0 nmethod 7806 0x00000203378c4910 code [0x00000203378c4ae0, 0x00000203378c4d38]
Event: 4.925 Thread 0x0000020393273080 7808       3       org.eclipse.jdt.internal.core.JavaModel::isJmod (21 bytes)
Event: 4.925 Thread 0x000002038c6f33a0 nmethod 7807 0x00000203378c4e90 code [0x00000203378c5060, 0x00000203378c5358]
Event: 4.925 Thread 0x0000020393273080 nmethod 7808 0x00000203378c5510 code [0x00000203378c5700, 0x00000203378c5a50]
Event: 4.925 Thread 0x000002038c5f4f50 nmethod 7804 0x00000203378c5c10 code [0x00000203378c5e40, 0x00000203378c6860]

GC Heap History (20 events):
Event: 4.559 GC heap before
{Heap before GC invocations=23 (full 2):
 PSYoungGen      total 19456K, used 19255K [0x00000000d5580000, 0x00000000d6c80000, 0x0000000100000000)
  eden space 17920K, 100% used [0x00000000d5580000,0x00000000d6700000,0x00000000d6700000)
  from space 1536K, 86% used [0x00000000d6b00000,0x00000000d6c4dc10,0x00000000d6c80000)
  to   space 1536K, 0% used [0x00000000d6980000,0x00000000d6980000,0x00000000d6b00000)
 ParOldGen       total 68608K, used 30126K [0x0000000080000000, 0x0000000084300000, 0x00000000d5580000)
  object space 68608K, 43% used [0x0000000080000000,0x0000000081d6b928,0x0000000084300000)
 Metaspace       used 47457K, committed 48768K, reserved 1114112K
  class space    used 5177K, committed 5696K, reserved 1048576K
}
Event: 4.560 GC heap after
{Heap after GC invocations=23 (full 2):
 PSYoungGen      total 19456K, used 1080K [0x00000000d5580000, 0x00000000d6b80000, 0x0000000100000000)
  eden space 17920K, 0% used [0x00000000d5580000,0x00000000d5580000,0x00000000d6700000)
  from space 1536K, 70% used [0x00000000d6980000,0x00000000d6a8e1a8,0x00000000d6b00000)
  to   space 512K, 0% used [0x00000000d6b00000,0x00000000d6b00000,0x00000000d6b80000)
 ParOldGen       total 68608K, used 31067K [0x0000000080000000, 0x0000000084300000, 0x00000000d5580000)
  object space 68608K, 45% used [0x0000000080000000,0x0000000081e56d08,0x0000000084300000)
 Metaspace       used 47457K, committed 48768K, reserved 1114112K
  class space    used 5177K, committed 5696K, reserved 1048576K
}
Event: 4.681 GC heap before
{Heap before GC invocations=24 (full 2):
 PSYoungGen      total 19456K, used 19000K [0x00000000d5580000, 0x00000000d6b80000, 0x0000000100000000)
  eden space 17920K, 100% used [0x00000000d5580000,0x00000000d6700000,0x00000000d6700000)
  from space 1536K, 70% used [0x00000000d6980000,0x00000000d6a8e1a8,0x00000000d6b00000)
  to   space 512K, 0% used [0x00000000d6b00000,0x00000000d6b00000,0x00000000d6b80000)
 ParOldGen       total 68608K, used 31067K [0x0000000080000000, 0x0000000084300000, 0x00000000d5580000)
  object space 68608K, 45% used [0x0000000080000000,0x0000000081e56d08,0x0000000084300000)
 Metaspace       used 49009K, committed 50368K, reserved 1114112K
  class space    used 5313K, committed 5888K, reserved 1048576K
}
Event: 4.682 GC heap after
{Heap after GC invocations=24 (full 2):
 PSYoungGen      total 18432K, used 496K [0x00000000d5580000, 0x00000000d6c00000, 0x0000000100000000)
  eden space 17920K, 0% used [0x00000000d5580000,0x00000000d5580000,0x00000000d6700000)
  from space 512K, 96% used [0x00000000d6b00000,0x00000000d6b7c030,0x00000000d6b80000)
  to   space 2560K, 0% used [0x00000000d6700000,0x00000000d6700000,0x00000000d6980000)
 ParOldGen       total 68608K, used 32481K [0x0000000080000000, 0x0000000084300000, 0x00000000d5580000)
  object space 68608K, 47% used [0x0000000080000000,0x0000000081fb8730,0x0000000084300000)
 Metaspace       used 49009K, committed 50368K, reserved 1114112K
  class space    used 5313K, committed 5888K, reserved 1048576K
}
Event: 4.710 GC heap before
{Heap before GC invocations=25 (full 2):
 PSYoungGen      total 18432K, used 18416K [0x00000000d5580000, 0x00000000d6c00000, 0x0000000100000000)
  eden space 17920K, 100% used [0x00000000d5580000,0x00000000d6700000,0x00000000d6700000)
  from space 512K, 96% used [0x00000000d6b00000,0x00000000d6b7c030,0x00000000d6b80000)
  to   space 2560K, 0% used [0x00000000d6700000,0x00000000d6700000,0x00000000d6980000)
 ParOldGen       total 68608K, used 32481K [0x0000000080000000, 0x0000000084300000, 0x00000000d5580000)
  object space 68608K, 47% used [0x0000000080000000,0x0000000081fb8730,0x0000000084300000)
 Metaspace       used 49352K, committed 50752K, reserved 1114112K
  class space    used 5343K, committed 5952K, reserved 1048576K
}
Event: 4.711 GC heap after
{Heap after GC invocations=25 (full 2):
 PSYoungGen      total 20480K, used 1760K [0x00000000d5580000, 0x00000000d6b80000, 0x0000000100000000)
  eden space 17920K, 0% used [0x00000000d5580000,0x00000000d5580000,0x00000000d6700000)
  from space 2560K, 68% used [0x00000000d6700000,0x00000000d68b8030,0x00000000d6980000)
  to   space 2048K, 0% used [0x00000000d6980000,0x00000000d6980000,0x00000000d6b80000)
 ParOldGen       total 68608K, used 32985K [0x0000000080000000, 0x0000000084300000, 0x00000000d5580000)
  object space 68608K, 48% used [0x0000000080000000,0x0000000082036770,0x0000000084300000)
 Metaspace       used 49352K, committed 50752K, reserved 1114112K
  class space    used 5343K, committed 5952K, reserved 1048576K
}
Event: 4.746 GC heap before
{Heap before GC invocations=26 (full 2):
 PSYoungGen      total 20480K, used 19670K [0x00000000d5580000, 0x00000000d6b80000, 0x0000000100000000)
  eden space 17920K, 99% used [0x00000000d5580000,0x00000000d66fd920,0x00000000d6700000)
  from space 2560K, 68% used [0x00000000d6700000,0x00000000d68b8030,0x00000000d6980000)
  to   space 2048K, 0% used [0x00000000d6980000,0x00000000d6980000,0x00000000d6b80000)
 ParOldGen       total 68608K, used 32985K [0x0000000080000000, 0x0000000084300000, 0x00000000d5580000)
  object space 68608K, 48% used [0x0000000080000000,0x0000000082036770,0x0000000084300000)
 Metaspace       used 49505K, committed 50880K, reserved 1114112K
  class space    used 5367K, committed 5952K, reserved 1048576K
}
Event: 4.747 GC heap after
{Heap after GC invocations=26 (full 2):
 PSYoungGen      total 19968K, used 1986K [0x00000000d5580000, 0x00000000d6b80000, 0x0000000100000000)
  eden space 17920K, 0% used [0x00000000d5580000,0x00000000d5580000,0x00000000d6700000)
  from space 2048K, 96% used [0x00000000d6980000,0x00000000d6b70800,0x00000000d6b80000)
  to   space 2048K, 0% used [0x00000000d6780000,0x00000000d6780000,0x00000000d6980000)
 ParOldGen       total 68608K, used 34505K [0x0000000080000000, 0x0000000084300000, 0x00000000d5580000)
  object space 68608K, 50% used [0x0000000080000000,0x00000000821b27a0,0x0000000084300000)
 Metaspace       used 49505K, committed 50880K, reserved 1114112K
  class space    used 5367K, committed 5952K, reserved 1048576K
}
Event: 4.782 GC heap before
{Heap before GC invocations=27 (full 2):
 PSYoungGen      total 19968K, used 19906K [0x00000000d5580000, 0x00000000d6b80000, 0x0000000100000000)
  eden space 17920K, 100% used [0x00000000d5580000,0x00000000d6700000,0x00000000d6700000)
  from space 2048K, 96% used [0x00000000d6980000,0x00000000d6b70800,0x00000000d6b80000)
  to   space 2048K, 0% used [0x00000000d6780000,0x00000000d6780000,0x00000000d6980000)
 ParOldGen       total 68608K, used 34505K [0x0000000080000000, 0x0000000084300000, 0x00000000d5580000)
  object space 68608K, 50% used [0x0000000080000000,0x00000000821b27a0,0x0000000084300000)
 Metaspace       used 49753K, committed 51136K, reserved 1114112K
  class space    used 5402K, committed 6016K, reserved 1048576K
}
Event: 4.783 GC heap after
{Heap after GC invocations=27 (full 2):
 PSYoungGen      total 19968K, used 1888K [0x00000000d5580000, 0x00000000d6b00000, 0x0000000100000000)
  eden space 17920K, 0% used [0x00000000d5580000,0x00000000d5580000,0x00000000d6700000)
  from space 2048K, 92% used [0x00000000d6780000,0x00000000d6958020,0x00000000d6980000)
  to   space 1536K, 0% used [0x00000000d6980000,0x00000000d6980000,0x00000000d6b00000)
 ParOldGen       total 68608K, used 36299K [0x0000000080000000, 0x0000000084300000, 0x00000000d5580000)
  object space 68608K, 52% used [0x0000000080000000,0x0000000082372fa0,0x0000000084300000)
 Metaspace       used 49753K, committed 51136K, reserved 1114112K
  class space    used 5402K, committed 6016K, reserved 1048576K
}
Event: 4.809 GC heap before
{Heap before GC invocations=28 (full 2):
 PSYoungGen      total 19968K, used 19808K [0x00000000d5580000, 0x00000000d6b00000, 0x0000000100000000)
  eden space 17920K, 100% used [0x00000000d5580000,0x00000000d6700000,0x00000000d6700000)
  from space 2048K, 92% used [0x00000000d6780000,0x00000000d6958020,0x00000000d6980000)
  to   space 1536K, 0% used [0x00000000d6980000,0x00000000d6980000,0x00000000d6b00000)
 ParOldGen       total 68608K, used 36299K [0x0000000080000000, 0x0000000084300000, 0x00000000d5580000)
  object space 68608K, 52% used [0x0000000080000000,0x0000000082372fa0,0x0000000084300000)
 Metaspace       used 49765K, committed 51136K, reserved 1114112K
  class space    used 5402K, committed 6016K, reserved 1048576K
}
Event: 4.811 GC heap after
{Heap after GC invocations=28 (full 2):
 PSYoungGen      total 19456K, used 1536K [0x00000000d5580000, 0x00000000d6b00000, 0x0000000100000000)
  eden space 17920K, 0% used [0x00000000d5580000,0x00000000d5580000,0x00000000d6700000)
  from space 1536K, 100% used [0x00000000d6980000,0x00000000d6b00000,0x00000000d6b00000)
  to   space 2048K, 0% used [0x00000000d6780000,0x00000000d6780000,0x00000000d6980000)
 ParOldGen       total 68608K, used 38098K [0x0000000080000000, 0x0000000084300000, 0x00000000d5580000)
  object space 68608K, 55% used [0x0000000080000000,0x0000000082534a60,0x0000000084300000)
 Metaspace       used 49765K, committed 51136K, reserved 1114112K
  class space    used 5402K, committed 6016K, reserved 1048576K
}
Event: 4.832 GC heap before
{Heap before GC invocations=29 (full 2):
 PSYoungGen      total 19456K, used 19456K [0x00000000d5580000, 0x00000000d6b00000, 0x0000000100000000)
  eden space 17920K, 100% used [0x00000000d5580000,0x00000000d6700000,0x00000000d6700000)
  from space 1536K, 100% used [0x00000000d6980000,0x00000000d6b00000,0x00000000d6b00000)
  to   space 2048K, 0% used [0x00000000d6780000,0x00000000d6780000,0x00000000d6980000)
 ParOldGen       total 68608K, used 38098K [0x0000000080000000, 0x0000000084300000, 0x00000000d5580000)
  object space 68608K, 55% used [0x0000000080000000,0x0000000082534a60,0x0000000084300000)
 Metaspace       used 49774K, committed 51136K, reserved 1114112K
  class space    used 5403K, committed 6016K, reserved 1048576K
}
Event: 4.833 GC heap after
{Heap after GC invocations=29 (full 2):
 PSYoungGen      total 19968K, used 1828K [0x00000000d5580000, 0x00000000d6c00000, 0x0000000100000000)
  eden space 17920K, 0% used [0x00000000d5580000,0x00000000d5580000,0x00000000d6700000)
  from space 2048K, 89% used [0x00000000d6780000,0x00000000d6949000,0x00000000d6980000)
  to   space 2560K, 0% used [0x00000000d6980000,0x00000000d6980000,0x00000000d6c00000)
 ParOldGen       total 68608K, used 39655K [0x0000000080000000, 0x0000000084300000, 0x00000000d5580000)
  object space 68608K, 57% used [0x0000000080000000,0x00000000826b9dc0,0x0000000084300000)
 Metaspace       used 49774K, committed 51136K, reserved 1114112K
  class space    used 5403K, committed 6016K, reserved 1048576K
}
Event: 4.856 GC heap before
{Heap before GC invocations=30 (full 2):
 PSYoungGen      total 19968K, used 19748K [0x00000000d5580000, 0x00000000d6c00000, 0x0000000100000000)
  eden space 17920K, 100% used [0x00000000d5580000,0x00000000d6700000,0x00000000d6700000)
  from space 2048K, 89% used [0x00000000d6780000,0x00000000d6949000,0x00000000d6980000)
  to   space 2560K, 0% used [0x00000000d6980000,0x00000000d6980000,0x00000000d6c00000)
 ParOldGen       total 68608K, used 39655K [0x0000000080000000, 0x0000000084300000, 0x00000000d5580000)
  object space 68608K, 57% used [0x0000000080000000,0x00000000826b9dc0,0x0000000084300000)
 Metaspace       used 49777K, committed 51136K, reserved 1114112K
  class space    used 5403K, committed 6016K, reserved 1048576K
}
Event: 4.857 GC heap after
{Heap after GC invocations=30 (full 2):
 PSYoungGen      total 19968K, used 1984K [0x00000000d5580000, 0x00000000d6b80000, 0x0000000100000000)
  eden space 17920K, 0% used [0x00000000d5580000,0x00000000d5580000,0x00000000d6700000)
  from space 2048K, 96% used [0x00000000d6980000,0x00000000d6b70010,0x00000000d6b80000)
  to   space 2048K, 0% used [0x00000000d6780000,0x00000000d6780000,0x00000000d6980000)
 ParOldGen       total 68608K, used 41316K [0x0000000080000000, 0x0000000084300000, 0x00000000d5580000)
  object space 68608K, 60% used [0x0000000080000000,0x00000000828593e8,0x0000000084300000)
 Metaspace       used 49777K, committed 51136K, reserved 1114112K
  class space    used 5403K, committed 6016K, reserved 1048576K
}
Event: 4.890 GC heap before
{Heap before GC invocations=31 (full 2):
 PSYoungGen      total 19968K, used 19904K [0x00000000d5580000, 0x00000000d6b80000, 0x0000000100000000)
  eden space 17920K, 100% used [0x00000000d5580000,0x00000000d6700000,0x00000000d6700000)
  from space 2048K, 96% used [0x00000000d6980000,0x00000000d6b70010,0x00000000d6b80000)
  to   space 2048K, 0% used [0x00000000d6780000,0x00000000d6780000,0x00000000d6980000)
 ParOldGen       total 68608K, used 41316K [0x0000000080000000, 0x0000000084300000, 0x00000000d5580000)
  object space 68608K, 60% used [0x0000000080000000,0x00000000828593e8,0x0000000084300000)
 Metaspace       used 49826K, committed 51264K, reserved 1114112K
  class space    used 5403K, committed 6016K, reserved 1048576K
}
Event: 4.891 GC heap after
{Heap after GC invocations=31 (full 2):
 PSYoungGen      total 19968K, used 1632K [0x00000000d5580000, 0x00000000d6b00000, 0x0000000100000000)
  eden space 17920K, 0% used [0x00000000d5580000,0x00000000d5580000,0x00000000d6700000)
  from space 2048K, 79% used [0x00000000d6780000,0x00000000d6918000,0x00000000d6980000)
  to   space 1536K, 0% used [0x00000000d6980000,0x00000000d6980000,0x00000000d6b00000)
 ParOldGen       total 68608K, used 43124K [0x0000000080000000, 0x0000000084300000, 0x00000000d5580000)
  object space 68608K, 62% used [0x0000000080000000,0x0000000082a1d3f8,0x0000000084300000)
 Metaspace       used 49826K, committed 51264K, reserved 1114112K
  class space    used 5403K, committed 6016K, reserved 1048576K
}
Event: 4.922 GC heap before
{Heap before GC invocations=32 (full 2):
 PSYoungGen      total 19968K, used 19552K [0x00000000d5580000, 0x00000000d6b00000, 0x0000000100000000)
  eden space 17920K, 100% used [0x00000000d5580000,0x00000000d6700000,0x00000000d6700000)
  from space 2048K, 79% used [0x00000000d6780000,0x00000000d6918000,0x00000000d6980000)
  to   space 1536K, 0% used [0x00000000d6980000,0x00000000d6980000,0x00000000d6b00000)
 ParOldGen       total 68608K, used 43124K [0x0000000080000000, 0x0000000084300000, 0x00000000d5580000)
  object space 68608K, 62% used [0x0000000080000000,0x0000000082a1d3f8,0x0000000084300000)
 Metaspace       used 49911K, committed 51328K, reserved 1114112K
  class space    used 5404K, committed 6016K, reserved 1048576K
}
Event: 4.924 GC heap after
{Heap after GC invocations=32 (full 2):
 PSYoungGen      total 19456K, used 1528K [0x00000000d5580000, 0x00000000d6b00000, 0x0000000100000000)
  eden space 17920K, 0% used [0x00000000d5580000,0x00000000d5580000,0x00000000d6700000)
  from space 1536K, 99% used [0x00000000d6980000,0x00000000d6afe200,0x00000000d6b00000)
  to   space 2048K, 0% used [0x00000000d6780000,0x00000000d6780000,0x00000000d6980000)
 ParOldGen       total 68608K, used 44660K [0x0000000080000000, 0x0000000084300000, 0x00000000d5580000)
  object space 68608K, 65% used [0x0000000080000000,0x0000000082b9d3f8,0x0000000084300000)
 Metaspace       used 49911K, committed 51328K, reserved 1114112K
  class space    used 5404K, committed 6016K, reserved 1048576K
}

Dll operation events (10 events):
Event: 0.007 Loaded shared library c:\Users\G4lih\.antigravity\extensions\redhat.java-1.50.0-win32-x64\jre\21.0.9-win32-x86_64\bin\java.dll
Event: 0.084 Loaded shared library c:\Users\G4lih\.antigravity\extensions\redhat.java-1.50.0-win32-x64\jre\21.0.9-win32-x86_64\bin\zip.dll
Event: 0.104 Loaded shared library C:\Users\G4lih\.antigravity\extensions\redhat.java-1.50.0-win32-x64\jre\21.0.9-win32-x86_64\bin\instrument.dll
Event: 0.126 Loaded shared library C:\Users\G4lih\.antigravity\extensions\redhat.java-1.50.0-win32-x64\jre\21.0.9-win32-x86_64\bin\net.dll
Event: 0.128 Loaded shared library C:\Users\G4lih\.antigravity\extensions\redhat.java-1.50.0-win32-x64\jre\21.0.9-win32-x86_64\bin\nio.dll
Event: 0.131 Loaded shared library C:\Users\G4lih\.antigravity\extensions\redhat.java-1.50.0-win32-x64\jre\21.0.9-win32-x86_64\bin\zip.dll
Event: 0.144 Loaded shared library C:\Users\G4lih\.antigravity\extensions\redhat.java-1.50.0-win32-x64\jre\21.0.9-win32-x86_64\bin\jimage.dll
Event: 0.227 Loaded shared library c:\Users\G4lih\.antigravity\extensions\redhat.java-1.50.0-win32-x64\jre\21.0.9-win32-x86_64\bin\verify.dll
Event: 1.067 Loaded shared library C:\Users\G4lih\AppData\Roaming\Antigravity\User\globalStorage\redhat.java\1.50.0\config_win\org.eclipse.equinox.launcher\org.eclipse.equinox.launcher.win32.win32.x86_64_1.2.1400.v20250801-0854\eclipse_11916.dll
Event: 2.044 Loaded shared library C:\Users\G4lih\AppData\Local\Temp\jna-67226270\jna9595917086412228969.dll

Deoptimization events (20 events):
Event: 4.755 Thread 0x00000203928cf970 DEOPT PACKING pc=0x000002033e6c58cc sp=0x000000810fef92b0
Event: 4.755 Thread 0x00000203928cf970 DEOPT UNPACKING pc=0x000002033de13aa2 sp=0x000000810fef9238 mode 2
Event: 4.800 Thread 0x00000203928cf970 Uncommon trap: trap_request=0xffffff76 fr.pc=0x000002033e85e970 relative=0x0000000000001230
Event: 4.800 Thread 0x00000203928cf970 Uncommon trap: reason=predicate action=maybe_recompile pc=0x000002033e85e970 method=java.util.TimSort.countRunAndMakeAscending([Ljava/lang/Object;IILjava/util/Comparator;)I @ 54 c2
Event: 4.800 Thread 0x00000203928cf970 DEOPT PACKING pc=0x000002033e85e970 sp=0x000000810fefd9b0
Event: 4.800 Thread 0x00000203928cf970 DEOPT UNPACKING pc=0x000002033de13aa2 sp=0x000000810fefd8e8 mode 2
Event: 4.819 Thread 0x00000203928cf970 Uncommon trap: trap_request=0xffffff45 fr.pc=0x000002033e87a1bc relative=0x000000000000049c
Event: 4.819 Thread 0x00000203928cf970 Uncommon trap: reason=unstable_if action=reinterpret pc=0x000002033e87a1bc method=java.util.ArrayList.equalsRange(Ljava/util/List;II)Z @ 41 c2
Event: 4.819 Thread 0x00000203928cf970 DEOPT PACKING pc=0x000002033e87a1bc sp=0x000000810fefd740
Event: 4.819 Thread 0x00000203928cf970 DEOPT UNPACKING pc=0x000002033de13aa2 sp=0x000000810fefd6e0 mode 2
Event: 4.854 Thread 0x00000203928cf970 DEOPT PACKING pc=0x00000203377b374e sp=0x000000810fefd3b0
Event: 4.854 Thread 0x00000203952a8490 DEOPT PACKING pc=0x00000203377b374e sp=0x0000008111afd060
Event: 4.854 Thread 0x00000203928cf970 DEOPT UNPACKING pc=0x000002033de14242 sp=0x000000810fefc930 mode 0
Event: 4.854 Thread 0x00000203952a8490 DEOPT UNPACKING pc=0x000002033de14242 sp=0x0000008111afc5e0 mode 0
Event: 4.884 Thread 0x00000203952a8490 Uncommon trap: trap_request=0xffffff45 fr.pc=0x000002033e8917d4 relative=0x0000000000002414
Event: 4.884 Thread 0x00000203952a8490 Uncommon trap: reason=unstable_if action=reinterpret pc=0x000002033e8917d4 method=org.eclipse.jdt.internal.core.JarPackageFragmentRoot.initRawPackageInfo(Ljava/util/Map;Ljava/lang/String;Ljava/lang/String;ZLjava/lang/String;)V @ 151 c2
Event: 4.884 Thread 0x00000203952a8490 DEOPT PACKING pc=0x000002033e8917d4 sp=0x0000008111afd220
Event: 4.884 Thread 0x00000203952a8490 DEOPT UNPACKING pc=0x000002033de13aa2 sp=0x0000008111afd1e8 mode 2
Event: 4.895 Thread 0x00000203928cf970 DEOPT PACKING pc=0x00000203377b374e sp=0x000000810fefd380
Event: 4.895 Thread 0x00000203928cf970 DEOPT UNPACKING pc=0x000002033de14242 sp=0x000000810fefc900 mode 0

Classes loaded (20 events):
Event: 4.627 Loading class java/nio/file/ClosedDirectoryStreamException
Event: 4.627 Loading class java/nio/file/ClosedDirectoryStreamException done
Event: 4.627 Loading class jdk/internal/jrtfs/JrtFileSystem
Event: 4.628 Loading class jdk/internal/jrtfs/JrtFileSystem done
Event: 4.628 Loading class jdk/internal/jrtfs/JrtPath
Event: 4.628 Loading class jdk/internal/jrtfs/JrtPath done
Event: 4.628 Loading class jdk/internal/jimage/ImageReader$Node
Event: 4.629 Loading class jdk/internal/jimage/ImageReader$Node done
Event: 4.632 Loading class java/nio/ByteBufferAsIntBufferL
Event: 4.632 Loading class java/nio/ByteBufferAsIntBufferL done
Event: 4.636 Loading class jdk/internal/jimage/ImageReader$Directory
Event: 4.636 Loading class jdk/internal/jimage/ImageReader$Directory done
Event: 4.748 Loading class java/util/AbstractList$ListItr
Event: 4.748 Loading class java/util/AbstractList$ListItr done
Event: 4.757 Loading class java/nio/channels/Channels$ReadableByteChannelImpl
Event: 4.757 Loading class java/nio/channels/Channels$ReadableByteChannelImpl done
Event: 4.757 Loading class java/nio/channels/NonWritableChannelException
Event: 4.757 Loading class java/nio/channels/NonWritableChannelException done
Event: 4.867 Loading class java/lang/invoke/MethodHandleImpl$CountingWrapper$1
Event: 4.867 Loading class java/lang/invoke/MethodHandleImpl$CountingWrapper$1 done

Classes unloaded (7 events):
Event: 2.409 Thread 0x000002038c5d4ba0 Unloading class 0x000002034c1acc00 'java/lang/invoke/LambdaForm$MH+0x000002034c1acc00'
Event: 2.409 Thread 0x000002038c5d4ba0 Unloading class 0x000002034c1ac800 'java/lang/invoke/LambdaForm$MH+0x000002034c1ac800'
Event: 2.409 Thread 0x000002038c5d4ba0 Unloading class 0x000002034c1ac400 'java/lang/invoke/LambdaForm$MH+0x000002034c1ac400'
Event: 2.409 Thread 0x000002038c5d4ba0 Unloading class 0x000002034c1ac000 'java/lang/invoke/LambdaForm$MH+0x000002034c1ac000'
Event: 2.409 Thread 0x000002038c5d4ba0 Unloading class 0x000002034c1abc00 'java/lang/invoke/LambdaForm$BMH+0x000002034c1abc00'
Event: 2.409 Thread 0x000002038c5d4ba0 Unloading class 0x000002034c1ab800 'java/lang/invoke/LambdaForm$DMH+0x000002034c1ab800'
Event: 2.409 Thread 0x000002038c5d4ba0 Unloading class 0x000002034c1aa400 'java/lang/invoke/LambdaForm$DMH+0x000002034c1aa400'

Classes redefined (0 events):
No events

Internal exceptions (20 events):
Event: 4.557 Thread 0x00000203952a5d30 Exception <a 'java/lang/IncompatibleClassChangeError'{0x00000000d6642678}: Found class java.lang.Object, but interface was expected> (0x00000000d6642678) 
thrown [s\src\hotspot\share\interpreter\linkResolver.cpp, line 840]
Event: 4.579 Thread 0x00000203928cf970 Exception <a 'java/io/FileNotFoundException'{0x00000000d58b9668}> (0x00000000d58b9668) 
thrown [s\src\hotspot\share\prims\jni.cpp, line 520]
Event: 4.579 Thread 0x00000203928cf970 Exception <a 'java/io/FileNotFoundException'{0x00000000d58ba950}> (0x00000000d58ba950) 
thrown [s\src\hotspot\share\prims\jni.cpp, line 520]
Event: 4.579 Thread 0x00000203928cf970 Exception <a 'java/io/FileNotFoundException'{0x00000000d58d3d08}> (0x00000000d58d3d08) 
thrown [s\src\hotspot\share\prims\jni.cpp, line 520]
Event: 4.590 Thread 0x00000203952a8490 Implicit null exception at 0x000002033e843803 to 0x000002033e84449c
Event: 4.593 Thread 0x00000203928cf970 Exception <a 'sun/nio/fs/WindowsException'{0x00000000d5c0b790}> (0x00000000d5c0b790) 
thrown [s\src\hotspot\share\prims\jni.cpp, line 520]
Event: 4.594 Thread 0x00000203928cf970 Exception <a 'sun/nio/fs/WindowsException'{0x00000000d5c0c2d0}> (0x00000000d5c0c2d0) 
thrown [s\src\hotspot\share\prims\jni.cpp, line 520]
Event: 4.594 Thread 0x00000203928cf970 Exception <a 'sun/nio/fs/WindowsException'{0x00000000d5c0e310}> (0x00000000d5c0e310) 
thrown [s\src\hotspot\share\prims\jni.cpp, line 520]
Event: 4.594 Thread 0x00000203928cf970 Exception <a 'sun/nio/fs/WindowsException'{0x00000000d5c0ebf0}> (0x00000000d5c0ebf0) 
thrown [s\src\hotspot\share\prims\jni.cpp, line 520]
Event: 4.594 Thread 0x00000203928cf970 Exception <a 'sun/nio/fs/WindowsException'{0x00000000d5c0ff98}> (0x00000000d5c0ff98) 
thrown [s\src\hotspot\share\prims\jni.cpp, line 520]
Event: 4.594 Thread 0x00000203928cf970 Exception <a 'sun/nio/fs/WindowsException'{0x00000000d5c10828}> (0x00000000d5c10828) 
thrown [s\src\hotspot\share\prims\jni.cpp, line 520]
Event: 4.594 Thread 0x00000203928cf970 Exception <a 'sun/nio/fs/WindowsException'{0x00000000d5c11af8}> (0x00000000d5c11af8) 
thrown [s\src\hotspot\share\prims\jni.cpp, line 520]
Event: 4.594 Thread 0x00000203928cf970 Exception <a 'sun/nio/fs/WindowsException'{0x00000000d5c12638}> (0x00000000d5c12638) 
thrown [s\src\hotspot\share\prims\jni.cpp, line 520]
Event: 4.595 Thread 0x00000203928cf970 Exception <a 'sun/nio/fs/WindowsException'{0x00000000d5c139d0}> (0x00000000d5c139d0) 
thrown [s\src\hotspot\share\prims\jni.cpp, line 520]
Event: 4.595 Thread 0x00000203928cf970 Exception <a 'sun/nio/fs/WindowsException'{0x00000000d5c14500}> (0x00000000d5c14500) 
thrown [s\src\hotspot\share\prims\jni.cpp, line 520]
Event: 4.595 Thread 0x00000203928cf970 Exception <a 'sun/nio/fs/WindowsException'{0x00000000d5c158a8}> (0x00000000d5c158a8) 
thrown [s\src\hotspot\share\prims\jni.cpp, line 520]
Event: 4.595 Thread 0x00000203928cf970 Exception <a 'sun/nio/fs/WindowsException'{0x00000000d5c16138}> (0x00000000d5c16138) 
thrown [s\src\hotspot\share\prims\jni.cpp, line 520]
Event: 4.622 Thread 0x00000203928cf970 Implicit null exception at 0x000002033e7e3503 to 0x000002033e7e3784
Event: 4.623 Thread 0x00000203928cf970 Exception <a 'java/lang/NoSuchMethodError'{0x00000000d5e3ede0}: 'java.lang.Object java.lang.invoke.DelegatingMethodHandle$Holder.reinvoke_L(java.lang.Object, int, long, java.lang.Object, java.lang.Object, int, java.lang.Object)'> (0x00000000d5e3ede0) 
thrown [s\src\hotspot\share\interpreter\linkResolver.cpp, line 773]
Event: 4.655 Thread 0x00000203952a7770 Exception <a 'java/lang/NoSuchMethodError'{0x00000000d62742d0}: 'java.lang.Object java.lang.invoke.DirectMethodHandle$Holder.invokeStaticInit(java.lang.Object, java.lang.Object, java.lang.Object)'> (0x00000000d62742d0) 
thrown [s\src\hotspot\share\interpreter\linkResolver.cpp, line 773]

ZGC Phase Switch (0 events):
No events

VM Operations (20 events):
Event: 4.681 Executing VM operation: ParallelGCFailedAllocation (Allocation Failure)
Event: 4.682 Executing VM operation: ParallelGCFailedAllocation (Allocation Failure) done
Event: 4.710 Executing VM operation: ParallelGCFailedAllocation (Allocation Failure)
Event: 4.711 Executing VM operation: ParallelGCFailedAllocation (Allocation Failure) done
Event: 4.746 Executing VM operation: ParallelGCFailedAllocation (Allocation Failure)
Event: 4.747 Executing VM operation: ParallelGCFailedAllocation (Allocation Failure) done
Event: 4.749 Executing VM operation: HandshakeAllThreads (Deoptimize)
Event: 4.749 Executing VM operation: HandshakeAllThreads (Deoptimize) done
Event: 4.782 Executing VM operation: ParallelGCFailedAllocation (Allocation Failure)
Event: 4.783 Executing VM operation: ParallelGCFailedAllocation (Allocation Failure) done
Event: 4.809 Executing VM operation: ParallelGCFailedAllocation (Allocation Failure)
Event: 4.811 Executing VM operation: ParallelGCFailedAllocation (Allocation Failure) done
Event: 4.832 Executing VM operation: ParallelGCFailedAllocation (Allocation Failure)
Event: 4.833 Executing VM operation: ParallelGCFailedAllocation (Allocation Failure) done
Event: 4.856 Executing VM operation: ParallelGCFailedAllocation (Allocation Failure)
Event: 4.857 Executing VM operation: ParallelGCFailedAllocation (Allocation Failure) done
Event: 4.890 Executing VM operation: ParallelGCFailedAllocation (Allocation Failure)
Event: 4.891 Executing VM operation: ParallelGCFailedAllocation (Allocation Failure) done
Event: 4.922 Executing VM operation: ParallelGCFailedAllocation (Allocation Failure)
Event: 4.924 Executing VM operation: ParallelGCFailedAllocation (Allocation Failure) done

Memory protections (0 events):
No events

Nmethod flushes (20 events):
Event: 3.163 Thread 0x000002038c5d4ba0 flushing  nmethod 0x0000020337029610
Event: 3.163 Thread 0x000002038c5d4ba0 flushing  nmethod 0x000002033702ba90
Event: 3.163 Thread 0x000002038c5d4ba0 flushing  nmethod 0x000002033702c390
Event: 3.163 Thread 0x000002038c5d4ba0 flushing  nmethod 0x000002033702d590
Event: 3.163 Thread 0x000002038c5d4ba0 flushing  nmethod 0x000002033702dd90
Event: 3.163 Thread 0x000002038c5d4ba0 flushing  nmethod 0x000002033702e290
Event: 3.163 Thread 0x000002038c5d4ba0 flushing  nmethod 0x000002033702fa90
Event: 3.163 Thread 0x000002038c5d4ba0 flushing  nmethod 0x000002033702ff90
Event: 3.163 Thread 0x000002038c5d4ba0 flushing  nmethod 0x0000020337030890
Event: 3.163 Thread 0x000002038c5d4ba0 flushing  nmethod 0x0000020337032210
Event: 3.163 Thread 0x000002038c5d4ba0 flushing  nmethod 0x0000020337033c90
Event: 3.163 Thread 0x000002038c5d4ba0 flushing  nmethod 0x0000020337035710
Event: 3.163 Thread 0x000002038c5d4ba0 flushing  nmethod 0x000002033707a490
Event: 3.163 Thread 0x000002038c5d4ba0 flushing  nmethod 0x0000020337080810
Event: 3.163 Thread 0x000002038c5d4ba0 flushing  nmethod 0x00000203370a1d10
Event: 3.163 Thread 0x000002038c5d4ba0 flushing  nmethod 0x0000020337139f10
Event: 3.163 Thread 0x000002038c5d4ba0 flushing  nmethod 0x000002033713b810
Event: 3.163 Thread 0x000002038c5d4ba0 flushing  nmethod 0x0000020337167390
Event: 3.163 Thread 0x000002038c5d4ba0 flushing  nmethod 0x0000020337193710
Event: 3.163 Thread 0x000002038c5d4ba0 flushing  nmethod 0x0000020337193b90

Events (20 events):
Event: 3.033 Thread 0x0000020333782360 Thread added: 0x00000203956a7150
Event: 3.057 Thread 0x0000020333782360 Thread added: 0x00000203956ae770
Event: 3.192 Thread 0x0000020333782360 Thread added: 0x00000203952a1500
Event: 3.192 Thread 0x0000020333782360 Thread added: 0x00000203952a5d30
Event: 3.272 Thread 0x00000203928cf970 Thread added: 0x00000203952a35d0
Event: 3.272 Thread 0x00000203928cf970 Thread added: 0x00000203952a8b20
Event: 3.272 Thread 0x00000203952a35d0 Thread added: 0x00000203952a8490
Event: 3.272 Thread 0x00000203952a8b20 Thread added: 0x00000203952a4980
Event: 3.273 Thread 0x00000203952a8490 Thread added: 0x00000203952a2f40
Event: 3.273 Thread 0x00000203952a4980 Thread added: 0x00000203952a63c0
Event: 3.273 Thread 0x00000203952a2f40 Thread added: 0x00000203952a7e00
Event: 3.273 Thread 0x00000203952a63c0 Thread added: 0x00000203952a42f0
Event: 3.273 Thread 0x00000203952a7e00 Thread added: 0x00000203952a6a50
Event: 3.273 Thread 0x00000203952a42f0 Thread added: 0x00000203952a56a0
Event: 3.274 Thread 0x00000203952a6a50 Thread added: 0x00000203952a2220
Event: 3.275 Thread 0x00000203952a2220 Thread added: 0x00000203952a70e0
Event: 3.275 Thread 0x00000203952a70e0 Thread added: 0x00000203952a7770
Event: 3.277 Thread 0x00000203952a56a0 Thread added: 0x00000203952a28b0
Event: 3.277 Thread 0x00000203952a7770 Thread added: 0x00000203952a5010
Event: 3.492 Thread 0x00000203928cdf30 Thread added: 0x00000203952a1b90


Dynamic libraries:
0x00007ff74e690000 - 0x00007ff74e69e000 	c:\Users\G4lih\.antigravity\extensions\redhat.java-1.50.0-win32-x64\jre\21.0.9-win32-x86_64\bin\java.exe
0x00007ffdba610000 - 0x00007ffdba827000 	C:\Windows\SYSTEM32\ntdll.dll
0x00007ffdb8fe0000 - 0x00007ffdb90a4000 	C:\Windows\System32\KERNEL32.DLL
0x00007ffdb77a0000 - 0x00007ffdb7b72000 	C:\Windows\System32\KERNELBASE.dll
0x00007ffdb2720000 - 0x00007ffdb27b7000 	C:\Windows\SYSTEM32\apphelp.dll
0x00007ffdb7cb0000 - 0x00007ffdb7dc1000 	C:\Windows\System32\ucrtbase.dll
0x00007ffda3fd0000 - 0x00007ffda3fee000 	c:\Users\G4lih\.antigravity\extensions\redhat.java-1.50.0-win32-x64\jre\21.0.9-win32-x86_64\bin\VCRUNTIME140.dll
0x00007ffdb0350000 - 0x00007ffdb0368000 	c:\Users\G4lih\.antigravity\extensions\redhat.java-1.50.0-win32-x64\jre\21.0.9-win32-x86_64\bin\jli.dll
0x00007ffdb8640000 - 0x00007ffdb87f1000 	C:\Windows\System32\USER32.dll
0x00007ffdb81b0000 - 0x00007ffdb81d6000 	C:\Windows\System32\win32u.dll
0x00007ffdaedb0000 - 0x00007ffdaf04b000 	C:\Windows\WinSxS\amd64_microsoft.windows.common-controls_6595b64144ccf1df_6.0.22621.5547_none_27104afb73855772\COMCTL32.dll
0x00007ffdb95e0000 - 0x00007ffdb9609000 	C:\Windows\System32\GDI32.dll
0x00007ffdb9b10000 - 0x00007ffdb9bb7000 	C:\Windows\System32\msvcrt.dll
0x00007ffdb7b80000 - 0x00007ffdb7ca3000 	C:\Windows\System32\gdi32full.dll
0x00007ffdb7700000 - 0x00007ffdb779a000 	C:\Windows\System32\msvcp_win.dll
0x00007ffdb9620000 - 0x00007ffdb9651000 	C:\Windows\System32\IMM32.DLL
0x00007ffdb0340000 - 0x00007ffdb034c000 	c:\Users\G4lih\.antigravity\extensions\redhat.java-1.50.0-win32-x64\jre\21.0.9-win32-x86_64\bin\vcruntime140_1.dll
0x00007ffd5e6e0000 - 0x00007ffd5e76d000 	c:\Users\G4lih\.antigravity\extensions\redhat.java-1.50.0-win32-x64\jre\21.0.9-win32-x86_64\bin\msvcp140.dll
0x00007ffd26e00000 - 0x00007ffd27ba0000 	c:\Users\G4lih\.antigravity\extensions\redhat.java-1.50.0-win32-x64\jre\21.0.9-win32-x86_64\bin\server\jvm.dll
0x00007ffdb8b50000 - 0x00007ffdb8c01000 	C:\Windows\System32\ADVAPI32.dll
0x00007ffdb90b0000 - 0x00007ffdb9158000 	C:\Windows\System32\sechost.dll
0x00007ffdb8180000 - 0x00007ffdb81a8000 	C:\Windows\System32\bcrypt.dll
0x00007ffdb8a30000 - 0x00007ffdb8b44000 	C:\Windows\System32\RPCRT4.dll
0x00007ffdba550000 - 0x00007ffdba5c1000 	C:\Windows\System32\WS2_32.dll
0x00007ffdb6580000 - 0x00007ffdb65cd000 	C:\Windows\SYSTEM32\POWRPROF.dll
0x00007ffdb27d0000 - 0x00007ffdb27da000 	C:\Windows\SYSTEM32\VERSION.dll
0x00007ffdb2810000 - 0x00007ffdb2844000 	C:\Windows\SYSTEM32\WINMM.dll
0x00007ffdb6560000 - 0x00007ffdb6573000 	C:\Windows\SYSTEM32\UMPDC.dll
0x00007ffdb6820000 - 0x00007ffdb6838000 	C:\Windows\SYSTEM32\kernel.appcore.dll
0x00007ffdaf5a0000 - 0x00007ffdaf5aa000 	c:\Users\G4lih\.antigravity\extensions\redhat.java-1.50.0-win32-x64\jre\21.0.9-win32-x86_64\bin\jimage.dll
0x00007ffdb4b40000 - 0x00007ffdb4d73000 	C:\Windows\SYSTEM32\DBGHELP.DLL
0x00007ffdb82a0000 - 0x00007ffdb8633000 	C:\Windows\System32\combase.dll
0x00007ffdb9800000 - 0x00007ffdb98d7000 	C:\Windows\System32\OLEAUT32.dll
0x00007ffdaf420000 - 0x00007ffdaf452000 	C:\Windows\SYSTEM32\dbgcore.DLL
0x00007ffdb7f90000 - 0x00007ffdb800b000 	C:\Windows\System32\bcryptPrimitives.dll
0x00007ffda4a70000 - 0x00007ffda4a7f000 	c:\Users\G4lih\.antigravity\extensions\redhat.java-1.50.0-win32-x64\jre\21.0.9-win32-x86_64\bin\instrument.dll
0x00007ffd9f3c0000 - 0x00007ffd9f3e0000 	c:\Users\G4lih\.antigravity\extensions\redhat.java-1.50.0-win32-x64\jre\21.0.9-win32-x86_64\bin\java.dll
0x00007ffdb9ca0000 - 0x00007ffdba542000 	C:\Windows\System32\SHELL32.dll
0x00007ffdb7dd0000 - 0x00007ffdb7f0f000 	C:\Windows\System32\wintypes.dll
0x00007ffdb5640000 - 0x00007ffdb5f5d000 	C:\Windows\SYSTEM32\windows.storage.dll
0x00007ffdb8c40000 - 0x00007ffdb8d4c000 	C:\Windows\System32\SHCORE.dll
0x00007ffdb9c30000 - 0x00007ffdb9c99000 	C:\Windows\System32\shlwapi.dll
0x00007ffdb7630000 - 0x00007ffdb765b000 	C:\Windows\SYSTEM32\profapi.dll
0x00007ffd92a60000 - 0x00007ffd92a78000 	c:\Users\G4lih\.antigravity\extensions\redhat.java-1.50.0-win32-x64\jre\21.0.9-win32-x86_64\bin\zip.dll
0x00007ffda49f0000 - 0x00007ffda4a00000 	C:\Users\G4lih\.antigravity\extensions\redhat.java-1.50.0-win32-x64\jre\21.0.9-win32-x86_64\bin\net.dll
0x00007ffdb3d40000 - 0x00007ffdb3e6c000 	C:\Windows\SYSTEM32\WINHTTP.dll
0x00007ffdb6ca0000 - 0x00007ffdb6d09000 	C:\Windows\system32\mswsock.dll
0x00007ffd77d80000 - 0x00007ffd77d96000 	C:\Users\G4lih\.antigravity\extensions\redhat.java-1.50.0-win32-x64\jre\21.0.9-win32-x86_64\bin\nio.dll
0x00007ffda48a0000 - 0x00007ffda48b0000 	c:\Users\G4lih\.antigravity\extensions\redhat.java-1.50.0-win32-x64\jre\21.0.9-win32-x86_64\bin\verify.dll
0x00007ffd30440000 - 0x00007ffd30484000 	C:\Users\G4lih\AppData\Roaming\Antigravity\User\globalStorage\redhat.java\1.50.0\config_win\org.eclipse.equinox.launcher\org.eclipse.equinox.launcher.win32.win32.x86_64_1.2.1400.v20250801-0854\eclipse_11916.dll
0x00007ffdb9660000 - 0x00007ffdb9800000 	C:\Windows\System32\ole32.dll
0x00007ffdb6ef0000 - 0x00007ffdb6f0b000 	C:\Windows\SYSTEM32\CRYPTSP.dll
0x00007ffdb6780000 - 0x00007ffdb67b7000 	C:\Windows\system32\rsaenh.dll
0x00007ffdb6d90000 - 0x00007ffdb6db8000 	C:\Windows\SYSTEM32\USERENV.dll
0x00007ffdb6f10000 - 0x00007ffdb6f1c000 	C:\Windows\SYSTEM32\CRYPTBASE.dll
0x00007ffdb6230000 - 0x00007ffdb625d000 	C:\Windows\SYSTEM32\IPHLPAPI.DLL
0x00007ffdb9a30000 - 0x00007ffdb9a39000 	C:\Windows\System32\NSI.dll
0x00007ffd38ae0000 - 0x00007ffd38b29000 	C:\Users\G4lih\AppData\Local\Temp\jna-67226270\jna9595917086412228969.dll
0x00007ffdb9a20000 - 0x00007ffdb9a28000 	C:\Windows\System32\PSAPI.DLL
0x00007ffdb3010000 - 0x00007ffdb3029000 	C:\Windows\SYSTEM32\dhcpcsvc6.DLL
0x00007ffdb2ff0000 - 0x00007ffdb300f000 	C:\Windows\SYSTEM32\dhcpcsvc.DLL

JVMTI agents:
c:\Users\G4lih\.antigravity\extensions\redhat.java-1.50.0-win32-x64\lombok\lombok-1.18.39-4050.jar path:c:\Users\G4lih\.antigravity\extensions\redhat.java-1.50.0-win32-x64\jre\21.0.9-win32-x86_64\bin\instrument.dll, loaded, initialized, instrumentlib options:none

dbghelp: loaded successfully - version: 4.0.5 - missing functions: none
symbol engine: initialized successfully - sym options: 0x614 - pdb path: .;c:\Users\G4lih\.antigravity\extensions\redhat.java-1.50.0-win32-x64\jre\21.0.9-win32-x86_64\bin;C:\Windows\SYSTEM32;C:\Windows\WinSxS\amd64_microsoft.windows.common-controls_6595b64144ccf1df_6.0.22621.5547_none_27104afb73855772;c:\Users\G4lih\.antigravity\extensions\redhat.java-1.50.0-win32-x64\jre\21.0.9-win32-x86_64\bin\server;C:\Users\G4lih\AppData\Roaming\Antigravity\User\globalStorage\redhat.java\1.50.0\config_win\org.eclipse.equinox.launcher\org.eclipse.equinox.launcher.win32.win32.x86_64_1.2.1400.v20250801-0854;C:\Users\G4lih\AppData\Local\Temp\jna-67226270

VM Arguments:
jvm_args: --add-modules=ALL-SYSTEM --add-opens=java.base/java.util=ALL-UNNAMED --add-opens=java.base/java.lang=ALL-UNNAMED --add-opens=java.base/sun.nio.fs=ALL-UNNAMED -Declipse.application=org.eclipse.jdt.ls.core.id1 -Dosgi.bundles.defaultStartLevel=4 -Declipse.product=org.eclipse.jdt.ls.core.product -Djava.import.generatesMetadataFilesAtProjectRoot=false -DDetectVMInstallationsJob.disabled=true -Dfile.encoding=utf8 -XX:+UseParallelGC -XX:GCTimeRatio=4 -XX:AdaptiveSizePolicyWeight=90 -Dsun.zip.disableMemoryMapping=true -Xmx2G -Xms100m -Xlog:disable -javaagent:c:\Users\G4lih\.antigravity\extensions\redhat.java-1.50.0-win32-x64\lombok\lombok-1.18.39-4050.jar -XX:+HeapDumpOnOutOfMemoryError -XX:HeapDumpPath=c:\Users\G4lih\AppData\Roaming\Antigravity\User\workspaceStorage\20f6df2d00a1858f44181e17d7a95fc8\redhat.java -Daether.dependencyCollector.impl=bf 
java_command: c:\Users\G4lih\.antigravity\extensions\redhat.java-1.50.0-win32-x64\server\plugins\org.eclipse.equinox.launcher_1.7.100.v20251111-0406.jar -configuration c:\Users\G4lih\AppData\Roaming\Antigravity\User\globalStorage\redhat.java\1.50.0\config_win -data c:\Users\G4lih\AppData\Roaming\Antigravity\User\workspaceStorage\20f6df2d00a1858f44181e17d7a95fc8\redhat.java\jdt_ws --pipe=\\.\pipe\lsp-c1aeb059f2ec5029a018eb576575c9bd-sock
java_class_path (initial): c:\Users\G4lih\.antigravity\extensions\redhat.java-1.50.0-win32-x64\server\plugins\org.eclipse.equinox.launcher_1.7.100.v20251111-0406.jar
Launcher Type: SUN_STANDARD

[Global flags]
    uintx AdaptiveSizePolicyWeight                 = 90                                        {product} {command line}
     intx CICompilerCount                          = 12                                        {product} {ergonomic}
    uintx GCTimeRatio                              = 4                                         {product} {command line}
     bool HeapDumpOnOutOfMemoryError               = true                                   {manageable} {command line}
    ccstr HeapDumpPath                             = c:\Users\G4lih\AppData\Roaming\Antigravity\User\workspaceStorage\20f6df2d00a1858f44181e17d7a95fc8\redhat.java         {manageable} {command line}
   size_t InitialHeapSize                          = 104857600                                 {product} {command line}
   size_t MaxHeapSize                              = 2147483648                                {product} {command line}
   size_t MaxNewSize                               = 715653120                                 {product} {ergonomic}
   size_t MinHeapDeltaBytes                        = 524288                                    {product} {ergonomic}
   size_t MinHeapSize                              = 104857600                                 {product} {command line}
   size_t NewSize                                  = 34603008                                  {product} {ergonomic}
    uintx NonNMethodCodeHeapSize                   = 7602480                                {pd product} {ergonomic}
    uintx NonProfiledCodeHeapSize                  = 122027880                              {pd product} {ergonomic}
   size_t OldSize                                  = 70254592                                  {product} {ergonomic}
    uintx ProfiledCodeHeapSize                     = 122027880                              {pd product} {ergonomic}
    uintx ReservedCodeCacheSize                    = 251658240                              {pd product} {ergonomic}
     bool SegmentedCodeCache                       = true                                      {product} {ergonomic}
   size_t SoftMaxHeapSize                          = 2147483648                             {manageable} {ergonomic}
     bool UseCompressedOops                        = true                           {product lp64_product} {ergonomic}
     bool UseLargePagesIndividualAllocation        = false                                  {pd product} {ergonomic}
     bool UseParallelGC                            = true                                      {product} {command line}

Logging:
Log output configuration:
 #0: stdout all=off uptime,level,tags foldmultilines=false
 #1: stderr all=off uptime,level,tags foldmultilines=false

Release file:
JAVA_VERSION="21.0.9" 
MODULES="java.base java.compiler java.datatransfer java.xml java.prefs java.desktop java.instrument java.logging java.management java.security.sasl java.naming java.rmi java.management.rmi java.net.http java.scripting java.security.jgss java.transaction.xa java.sql java.sql.rowset java.xml.crypto java.se java.smartcardio jdk.accessibility jdk.internal.jvmstat jdk.attach jdk.charsets jdk.internal.opt jdk.zipfs jdk.compiler jdk.crypto.ec jdk.crypto.cryptoki jdk.crypto.mscapi jdk.dynalink jdk.internal.ed jdk.editpad jdk.hotspot.agent jdk.httpserver jdk.internal.le jdk.internal.vm.ci jdk.internal.vm.compiler jdk.internal.vm.compiler.management jdk.jartool jdk.javadoc jdk.jcmd jdk.management jdk.management.agent jdk.jconsole jdk.jdeps jdk.jdwp.agent jdk.jdi jdk.jfr jdk.jshell jdk.jsobject jdk.jstatd jdk.localedata jdk.management.jfr jdk.naming.dns jdk.naming.rmi jdk.net jdk.nio.mapmode jdk.random jdk.sctp jdk.security.auth jdk.security.jgss jdk.unsupported jdk.unsupported.desktop jdk.xml.dom" 

Environment Variables:
PATH=C:\Python314\Scripts\;C:\Python314\;C:\Program Files\Common Files\Oracle\Java\javapath;C:\Windows\system32;C:\Windows;C:\Windows\System32\Wbem;C:\Windows\System32\WindowsPowerShell\v1.0\;C:\Windows\System32\OpenSSH\;C:\Program Files (x86)\NVIDIA Corporation\PhysX\Common;C:\Program Files\NVIDIA Corporation\NVIDIA NvDLISR;C:\Program Files\Git\cmd;C:\xampp\php;C:\ProgramData\ComposerSetup\bin;C:\Program Files\nodejs\;C:\ProgramData\chocolatey\bin;C:\Program Files\MySQL\MySQL Shell 8.0\bin\;C:\Users\G4lih\AppData\Local\Programs\Python\Launcher\;C:\Users\G4lih\AppData\Local\Microsoft\WindowsApps;C:\Users\G4lih\AppData\Local\Programs\Microsoft VS Code\bin;C:\Users\G4lih\AppData\Roaming\Composer\vendor\bin;C:\Users\G4lih\AppData\Roaming\npm;C:\Users\G4lih\AppData\Local\Programs\Antigravity\bin
USERNAME=G4lih
OS=Windows_NT
PROCESSOR_IDENTIFIER=Intel64 Family 6 Model 186 Stepping 2, GenuineIntel
TMP=C:\Users\G4lih\AppData\Local\Temp
TEMP=C:\Users\G4lih\AppData\Local\Temp




Periodic native trim disabled

---------------  S Y S T E M  ---------------

OS:
 Windows 11 , 64 bit Build 22621 (10.0.22621.5415)
OS uptime: 1 days 0:36 hours

CPU: total 16 (initial active 16) (8 cores per cpu, 2 threads per core) family 6 model 186 stepping 2 microcode 0x410e, cx8, cmov, fxsr, ht, mmx, 3dnowpref, sse, sse2, sse3, ssse3, sse4.1, sse4.2, popcnt, lzcnt, tsc, tscinvbit, avx, avx2, aes, erms, clmul, bmi1, bmi2, adx, sha, fma, vzeroupper, clflush, clflushopt, clwb, serialize, rdtscp, rdpid, fsrm, f16c, pku, cet_ibt, cet_ss
Processor Information for the first 16 processors :
  Max Mhz: 2400, Current Mhz: 2400, Mhz Limit: 2400

Memory: 4k page, system-wide physical 16003M (409M free)
TotalPageFile size 24942M (AvailPageFile size 9M)
current process WorkingSet (physical memory assigned to process): 260M, peak: 262M
current process commit charge ("private bytes"): 374M, peak: 378M

vm_info: OpenJDK 64-Bit Server VM (21.0.9+10-LTS) for windows-amd64 JRE (21.0.9+10-LTS), built on 2025-10-21T00:00:00Z by "admin" with unknown MS VC++:1942

END.
