#
# There is insufficient memory for the Java Runtime Environment to continue.
# Native memory allocation (malloc) failed to allocate 32784 bytes. Error detail: Chunk::new
# Possible reasons:
#   The system is out of physical RAM or swap space
#   This process is running with CompressedOops enabled, and the Java Heap may be blocking the growth of the native heap
# Possible solutions:
#   Reduce memory load on the system
#   Increase physical memory or swap space
#   Check if swap backing store is full
#   Decrease Java heap size (-Xmx/-Xms)
#   Decrease number of Java threads
#   Decrease Java thread stack sizes (-Xss)
#   Set larger code cache with -XX:ReservedCodeCacheSize=
#   JVM is running with Unscaled Compressed Oops mode in which the Java heap is
#     placed in the first 4GB address space. The Java Heap base address is the
#     maximum limit for the native heap growth. Please use -XX:HeapBaseMinAddress
#     to set the Java Heap base and to place the Java Heap above 4GB virtual address.
# This output file may be truncated or incomplete.
#
#  Out of Memory Error (arena.cpp:168), pid=31196, tid=37464
#
# JRE version: OpenJDK Runtime Environment Temurin-21.0.9+10 (21.0.9+10) (build 21.0.9+10-LTS)
# Java VM: OpenJDK 64-Bit Server VM Temurin-21.0.9+10 (21.0.9+10-LTS, mixed mode, sharing, tiered, compressed oops, compressed class ptrs, parallel gc, windows-amd64)
# No core dump will be written. Minidumps are not enabled by default on client versions of Windows
#

---------------  S U M M A R Y ------------

Command Line: --add-modules=ALL-SYSTEM --add-opens=java.base/java.util=ALL-UNNAMED --add-opens=java.base/java.lang=ALL-UNNAMED --add-opens=java.base/sun.nio.fs=ALL-UNNAMED -Declipse.application=org.eclipse.jdt.ls.core.id1 -Dosgi.bundles.defaultStartLevel=4 -Declipse.product=org.eclipse.jdt.ls.core.product -Djava.import.generatesMetadataFilesAtProjectRoot=false -DDetectVMInstallationsJob.disabled=true -Dfile.encoding=utf8 -XX:+UseParallelGC -XX:GCTimeRatio=4 -XX:AdaptiveSizePolicyWeight=90 -Dsun.zip.disableMemoryMapping=true -Xmx2G -Xms100m -Xlog:disable -javaagent:c:\Users\G4lih\.antigravity\extensions\redhat.java-1.50.0-win32-x64\lombok\lombok-1.18.39-4050.jar -XX:+HeapDumpOnOutOfMemoryError -XX:HeapDumpPath=c:\Users\G4lih\AppData\Roaming\Antigravity\User\workspaceStorage\20f6df2d00a1858f44181e17d7a95fc8\redhat.java -Daether.dependencyCollector.impl=bf c:\Users\G4lih\.antigravity\extensions\redhat.java-1.50.0-win32-x64\server\plugins\org.eclipse.equinox.launcher_1.7.100.v20251111-0406.jar -configuration c:\Users\G4lih\AppData\Roaming\Antigravity\User\globalStorage\redhat.java\1.50.0\config_win -data c:\Users\G4lih\AppData\Roaming\Antigravity\User\workspaceStorage\20f6df2d00a1858f44181e17d7a95fc8\redhat.java\jdt_ws --pipe=\\.\pipe\lsp-eca0a2d0fadf1f3954d76e48d9be2932-sock

Host: 13th Gen Intel(R) Core(TM) i7-13620H, 16 cores, 15G,  Windows 11 , 64 bit Build 22621 (10.0.22621.5415)
Time: Mon Dec 22 00:30:54 2025 SE Asia Standard Time elapsed time: 0.482770 seconds (0d 0h 0m 0s)

---------------  T H R E A D  ---------------

Current thread (0x00000201f95e5720):  JavaThread "C2 CompilerThread0" daemon [_thread_in_native, id=37464, stack(0x000000f003e00000,0x000000f003f00000) (1024K)]


Current CompileTask:
C2:482 1378       4       java.io.DataInputStream::readUTF (501 bytes)

Stack: [0x000000f003e00000,0x000000f003f00000]
Native frames: (J=compiled Java code, j=interpreted, Vv=VM code, C=native code)
V  [jvm.dll+0x6d6e29]
V  [jvm.dll+0x8b4b76]
V  [jvm.dll+0x8b712e]
V  [jvm.dll+0x8b7813]
V  [jvm.dll+0x283d86]
V  [jvm.dll+0xc66ed]
V  [jvm.dll+0xc6c31]
V  [jvm.dll+0xc6815]
V  [jvm.dll+0x6b1f8c]
V  [jvm.dll+0x253bd9]
V  [jvm.dll+0x6652c3]
V  [jvm.dll+0x6640ef]
V  [jvm.dll+0x24be1b]
V  [jvm.dll+0x24b580]
V  [jvm.dll+0x1cb13e]
V  [jvm.dll+0x25b29d]
V  [jvm.dll+0x25982a]
V  [jvm.dll+0x3f7ea6]
V  [jvm.dll+0x85e9ad]
V  [jvm.dll+0x6d565d]
C  [ucrtbase.dll+0x29333]
C  [KERNEL32.DLL+0x1259d]
C  [ntdll.dll+0x5af78]


---------------  P R O C E S S  ---------------

Threads class SMR info:
_java_thread_list=0x00000201ff033dd0, length=16, elements={
0x00000201f0795770, 0x00000201f82193a0, 0x00000201f083db30, 0x00000201f821ccb0,
0x00000201f821fad0, 0x00000201f8221fb0, 0x00000201f8224600, 0x00000201f95e5720,
0x00000201f95eb730, 0x00000201f96adc80, 0x00000201f971d300, 0x00000201f8226040,
0x00000201f9850720, 0x00000201f9850dc0, 0x00000201f8224c90, 0x00000201ff0843c0
}

Java Threads: ( => current thread )
  0x00000201f0795770 JavaThread "main"                              [_thread_in_Java, id=32628, stack(0x000000f003400000,0x000000f003500000) (1024K)]
  0x00000201f82193a0 JavaThread "Reference Handler"          daemon [_thread_blocked, id=31040, stack(0x000000f003800000,0x000000f003900000) (1024K)]
  0x00000201f083db30 JavaThread "Finalizer"                  daemon [_thread_blocked, id=36016, stack(0x000000f003900000,0x000000f003a00000) (1024K)]
  0x00000201f821ccb0 JavaThread "Signal Dispatcher"          daemon [_thread_blocked, id=36828, stack(0x000000f003a00000,0x000000f003b00000) (1024K)]
  0x00000201f821fad0 JavaThread "Attach Listener"            daemon [_thread_blocked, id=29352, stack(0x000000f003b00000,0x000000f003c00000) (1024K)]
  0x00000201f8221fb0 JavaThread "Service Thread"             daemon [_thread_blocked, id=33216, stack(0x000000f003c00000,0x000000f003d00000) (1024K)]
  0x00000201f8224600 JavaThread "Monitor Deflation Thread"   daemon [_thread_blocked, id=16220, stack(0x000000f003d00000,0x000000f003e00000) (1024K)]
=>0x00000201f95e5720 JavaThread "C2 CompilerThread0"         daemon [_thread_in_native, id=37464, stack(0x000000f003e00000,0x000000f003f00000) (1024K)]
  0x00000201f95eb730 JavaThread "C1 CompilerThread0"         daemon [_thread_blocked, id=30364, stack(0x000000f003f00000,0x000000f004000000) (1024K)]
  0x00000201f96adc80 JavaThread "C1 CompilerThread1"         daemon [_thread_blocked, id=32504, stack(0x000000f004000000,0x000000f004100000) (1024K)]
  0x00000201f971d300 JavaThread "C2 CompilerThread1"         daemon [_thread_in_native, id=10704, stack(0x000000f004100000,0x000000f004200000) (1024K)]
  0x00000201f8226040 JavaThread "Common-Cleaner"             daemon [_thread_blocked, id=12272, stack(0x000000f004200000,0x000000f004300000) (1024K)]
  0x00000201f9850720 JavaThread "C1 CompilerThread2"         daemon [_thread_blocked, id=32684, stack(0x000000f004300000,0x000000f004400000) (1024K)]
  0x00000201f9850dc0 JavaThread "C1 CompilerThread3"         daemon [_thread_in_native, id=21896, stack(0x000000f004400000,0x000000f004500000) (1024K)]
  0x00000201f8224c90 JavaThread "Notification Thread"        daemon [_thread_blocked, id=35836, stack(0x000000f004500000,0x000000f004600000) (1024K)]
  0x00000201ff0843c0 JavaThread "C2 CompilerThread2"         daemon [_thread_in_native, id=15032, stack(0x000000f004600000,0x000000f004700000) (1024K)]
Total: 16

Other Threads:
  0x00000201f082a890 VMThread "VM Thread"                           [id=34564, stack(0x000000f003700000,0x000000f003800000) (1024K)]
  0x00000201f810ca00 WatcherThread "VM Periodic Task Thread"        [id=10828, stack(0x000000f003600000,0x000000f003700000) (1024K)]
  0x00000201f07aee50 WorkerThread "GC Thread#0"                     [id=31028, stack(0x000000f003500000,0x000000f003600000) (1024K)]
  0x00000201ff749f70 WorkerThread "GC Thread#1"                     [id=7820, stack(0x000000f004700000,0x000000f004800000) (1024K)]
  0x00000201ff74a310 WorkerThread "GC Thread#2"                     [id=20704, stack(0x000000f004800000,0x000000f004900000) (1024K)]
  0x00000201d0087600 WorkerThread "GC Thread#3"                     [id=32884, stack(0x000000f004900000,0x000000f004a00000) (1024K)]
  0x00000201ff467080 WorkerThread "GC Thread#4"                     [id=33276, stack(0x000000f004a00000,0x000000f004b00000) (1024K)]
  0x00000201ff467420 WorkerThread "GC Thread#5"                     [id=34484, stack(0x000000f004b00000,0x000000f004c00000) (1024K)]
  0x00000201ff5de2b0 WorkerThread "GC Thread#6"                     [id=16124, stack(0x000000f004c00000,0x000000f004d00000) (1024K)]
Total: 9

Threads with active compile tasks:
C2 CompilerThread0  493 1378       4       java.io.DataInputStream::readUTF (501 bytes)
C2 CompilerThread1  493 1428       4       lombok.launch.PackageShader::apply (252 bytes)
C1 CompilerThread3  493 1439       3       java.net.URI::quote (214 bytes)
C2 CompilerThread2  493 1437       4       java.net.URI::match (56 bytes)
Total: 4

VM state: not at safepoint (normal execution)

VM Mutex/Monitor currently owned by a thread: None

Heap address: 0x0000000080000000, size: 2048 MB, Compressed Oops mode: 32-bit

CDS archive(s) mapped at: [0x000002018f000000-0x000002018fba0000-0x000002018fba0000), size 12189696, SharedBaseAddress: 0x000002018f000000, ArchiveRelocationMode: 1.
Compressed class space mapped at: 0x0000020190000000-0x00000201d0000000, reserved size: 1073741824
Narrow klass base: 0x000002018f000000, Narrow klass shift: 0, Narrow klass range: 0x100000000

GC Precious Log:
 CardTable entry size: 512
 CPUs: 16 total, 16 available
 Memory: 16003M
 Large Page Support: Disabled
 NUMA Support: Disabled
 Compressed Oops: Enabled (32-bit)
 Alignments: Space 512K, Generation 512K, Heap 2M
 Heap Min Capacity: 100M
 Heap Initial Capacity: 100M
 Heap Max Capacity: 2G
 Pre-touch: Disabled
 Parallel Workers: 13

Heap:
 PSYoungGen      total 29696K, used 15655K [0x00000000d5580000, 0x00000000d7680000, 0x0000000100000000)
  eden space 25600K, 46% used [0x00000000d5580000,0x00000000d612ad68,0x00000000d6e80000)
  from space 4096K, 90% used [0x00000000d6e80000,0x00000000d721eff8,0x00000000d7280000)
  to   space 4096K, 0% used [0x00000000d7280000,0x00000000d7280000,0x00000000d7680000)
 ParOldGen       total 68608K, used 16K [0x0000000080000000, 0x0000000084300000, 0x00000000d5580000)
  object space 68608K, 0% used [0x0000000080000000,0x0000000080004000,0x0000000084300000)
 Metaspace       used 6135K, committed 6400K, reserved 1114112K
  class space    used 624K, committed 768K, reserved 1048576K

Card table byte_map: [0x00000201f0120000,0x00000201f0530000] _byte_map_base: 0x00000201efd20000

Marking Bits: (ParMarkBitMap*) 0x00007ffd27ac2460
 Begin Bits: [0x00000201f3c30000, 0x00000201f5c30000)
 End Bits:   [0x00000201f5c30000, 0x00000201f7c30000)

Polling page: 0x00000201ee5e0000

Metaspace:

Usage:
  Non-class:      5.38 MB used.
      Class:    625.30 KB used.
       Both:      5.99 MB used.

Virtual space:
  Non-class space:       64.00 MB reserved,       5.50 MB (  9%) committed,  1 nodes.
      Class space:        1.00 GB reserved,     768.00 KB ( <1%) committed,  1 nodes.
             Both:        1.06 GB reserved,       6.25 MB ( <1%) committed. 

Chunk freelists:
   Non-Class:  10.00 MB
       Class:  15.08 MB
        Both:  25.08 MB

MaxMetaspaceSize: unlimited
CompressedClassSpaceSize: 1.00 GB
Initial GC threshold: 21.00 MB
Current GC threshold: 21.00 MB
CDS: on
 - commit_granule_bytes: 65536.
 - commit_granule_words: 8192.
 - virtual_space_node_default_size: 8388608.
 - enlarge_chunks_in_place: 1.
 - use_allocation_guard: 0.


Internal statistics:

num_allocs_failed_limit: 0.
num_arena_births: 190.
num_arena_deaths: 0.
num_vsnodes_births: 2.
num_vsnodes_deaths: 0.
num_space_committed: 100.
num_space_uncommitted: 0.
num_chunks_returned_to_freelist: 0.
num_chunks_taken_from_freelist: 315.
num_chunk_merges: 0.
num_chunk_splits: 202.
num_chunks_enlarged: 128.
num_inconsistent_stats: 0.

CodeHeap 'non-profiled nmethods': size=119168Kb used=534Kb max_used=534Kb free=118633Kb
 bounds [0x0000020187ba0000, 0x0000020187e10000, 0x000002018f000000]
CodeHeap 'profiled nmethods': size=119104Kb used=2495Kb max_used=2495Kb free=116608Kb
 bounds [0x0000020180000000, 0x0000020180270000, 0x0000020187450000]
CodeHeap 'non-nmethods': size=7488Kb used=2896Kb max_used=2915Kb free=4591Kb
 bounds [0x0000020187450000, 0x0000020187730000, 0x0000020187ba0000]
CodeCache: size=245760Kb, used=5925Kb, max_used=5944Kb, free=239832Kb
 total_blobs=1902, nmethods=1428, adapters=378, full_count=0
Compilation: enabled, stopped_count=0, restarted_count=0

Compilation events (20 events):
Event: 0.477 Thread 0x00000201f96adc80 nmethod 1418 0x0000020180260510 code [0x0000020180260700, 0x0000020180260b38]
Event: 0.477 Thread 0x00000201f96adc80 1416       3       java.util.Collections$UnmodifiableMap::size (10 bytes)
Event: 0.477 Thread 0x00000201f9850720 nmethod 1420 0x0000020180260c90 code [0x0000020180260e40, 0x00000201802610e0]
Event: 0.477 Thread 0x00000201f95eb730 nmethod 1419 0x0000020180261210 code [0x0000020180261400, 0x00000201802618b8]
Event: 0.477 Thread 0x00000201f96adc80 nmethod 1416 0x0000020180261a90 code [0x0000020180261c40, 0x0000020180261e18]
Event: 0.477 Thread 0x00000201f9850dc0 nmethod 1413 0x0000020180261f10 code [0x0000020180262280, 0x00000201802636d0]
Event: 0.477 Thread 0x00000201f95eb730 1422       1       java.util.LinkedHashMap::removeEldestEntry (2 bytes)
Event: 0.477 Thread 0x00000201f95eb730 nmethod 1422 0x0000020187c1e410 code [0x0000020187c1e5a0, 0x0000020187c1e668]
Event: 0.477 Thread 0x00000201f9850720 1423       3       sun.net.www.protocol.jar.Handler::parseURL (173 bytes)
Event: 0.477 Thread 0x00000201f96adc80 1424       3       sun.net.www.protocol.jar.Handler::indexOfBangSlash (52 bytes)
Event: 0.477 Thread 0x00000201f95eb730 1425       3       java.net.URLStreamHandler::setURL (159 bytes)
Event: 0.477 Thread 0x00000201f9850720 nmethod 1423 0x0000020180263e90 code [0x0000020180264140, 0x0000020180264b00]
Event: 0.478 Thread 0x00000201f96adc80 nmethod 1424 0x0000020180264f90 code [0x0000020180265200, 0x0000020180265ca8]
Event: 0.478 Thread 0x00000201f95eb730 nmethod 1425 0x0000020180266110 code [0x00000201802664a0, 0x0000020180267908]
Event: 0.478 Thread 0x00000201f96adc80 1426       3       java.util.Base64$Decoder::decodeBlock (186 bytes)
Event: 0.478 Thread 0x00000201f96adc80 nmethod 1426 0x0000020180268210 code [0x00000201802683e0, 0x0000020180268850]
Event: 0.480 Thread 0x00000201f971d300 nmethod 1383 0x0000020187c1e710 code [0x0000020187c1e9c0, 0x0000020187c201c0]
Event: 0.480 Thread 0x00000201ff0843c0 nmethod 1405 0x0000020187c20f90 code [0x0000020187c211c0, 0x0000020187c21bd8]
Event: 0.480 Thread 0x00000201f971d300 1428       4       lombok.launch.PackageShader::apply (252 bytes)
Event: 0.481 Thread 0x00000201ff0843c0 1386   !   4       java.io.BufferedInputStream::read (69 bytes)

GC Heap History (2 events):
Event: 0.362 GC heap before
{Heap before GC invocations=1 (full 0):
 PSYoungGen      total 29696K, used 25600K [0x00000000d5580000, 0x00000000d7680000, 0x0000000100000000)
  eden space 25600K, 100% used [0x00000000d5580000,0x00000000d6e80000,0x00000000d6e80000)
  from space 4096K, 0% used [0x00000000d7280000,0x00000000d7280000,0x00000000d7680000)
  to   space 4096K, 0% used [0x00000000d6e80000,0x00000000d6e80000,0x00000000d7280000)
 ParOldGen       total 68608K, used 0K [0x0000000080000000, 0x0000000084300000, 0x00000000d5580000)
  object space 68608K, 0% used [0x0000000080000000,0x0000000080000000,0x0000000084300000)
 Metaspace       used 4134K, committed 4416K, reserved 1114112K
  class space    used 452K, committed 576K, reserved 1048576K
}
Event: 0.368 GC heap after
{Heap after GC invocations=1 (full 0):
 PSYoungGen      total 29696K, used 3707K [0x00000000d5580000, 0x00000000d7680000, 0x0000000100000000)
  eden space 25600K, 0% used [0x00000000d5580000,0x00000000d5580000,0x00000000d6e80000)
  from space 4096K, 90% used [0x00000000d6e80000,0x00000000d721eff8,0x00000000d7280000)
  to   space 4096K, 0% used [0x00000000d7280000,0x00000000d7280000,0x00000000d7680000)
 ParOldGen       total 68608K, used 16K [0x0000000080000000, 0x0000000084300000, 0x00000000d5580000)
  object space 68608K, 0% used [0x0000000080000000,0x0000000080004000,0x0000000084300000)
 Metaspace       used 4134K, committed 4416K, reserved 1114112K
  class space    used 452K, committed 576K, reserved 1048576K
}

Dll operation events (8 events):
Event: 0.007 Loaded shared library c:\Users\G4lih\.antigravity\extensions\redhat.java-1.50.0-win32-x64\jre\21.0.9-win32-x86_64\bin\java.dll
Event: 0.050 Loaded shared library c:\Users\G4lih\.antigravity\extensions\redhat.java-1.50.0-win32-x64\jre\21.0.9-win32-x86_64\bin\zip.dll
Event: 0.061 Loaded shared library C:\Users\G4lih\.antigravity\extensions\redhat.java-1.50.0-win32-x64\jre\21.0.9-win32-x86_64\bin\instrument.dll
Event: 0.064 Loaded shared library C:\Users\G4lih\.antigravity\extensions\redhat.java-1.50.0-win32-x64\jre\21.0.9-win32-x86_64\bin\net.dll
Event: 0.066 Loaded shared library C:\Users\G4lih\.antigravity\extensions\redhat.java-1.50.0-win32-x64\jre\21.0.9-win32-x86_64\bin\nio.dll
Event: 0.067 Loaded shared library C:\Users\G4lih\.antigravity\extensions\redhat.java-1.50.0-win32-x64\jre\21.0.9-win32-x86_64\bin\zip.dll
Event: 0.077 Loaded shared library C:\Users\G4lih\.antigravity\extensions\redhat.java-1.50.0-win32-x64\jre\21.0.9-win32-x86_64\bin\jimage.dll
Event: 0.113 Loaded shared library c:\Users\G4lih\.antigravity\extensions\redhat.java-1.50.0-win32-x64\jre\21.0.9-win32-x86_64\bin\verify.dll

Deoptimization events (20 events):
Event: 0.410 Thread 0x00000201f0795770 DEOPT PACKING pc=0x0000020187bfcf50 sp=0x000000f0034fe6c0
Event: 0.410 Thread 0x00000201f0795770 DEOPT UNPACKING pc=0x00000201874a3aa2 sp=0x000000f0034fe658 mode 2
Event: 0.410 Thread 0x00000201f0795770 Uncommon trap: trap_request=0xffffffde fr.pc=0x0000020187be2a70 relative=0x0000000000000550
Event: 0.410 Thread 0x00000201f0795770 Uncommon trap: reason=class_check action=maybe_recompile pc=0x0000020187be2a70 method=java.util.Collections$UnmodifiableCollection$1.<init>(Ljava/util/Collections$UnmodifiableCollection;)V @ 17 c2
Event: 0.410 Thread 0x00000201f0795770 DEOPT PACKING pc=0x0000020187be2a70 sp=0x000000f0034fe6f0
Event: 0.410 Thread 0x00000201f0795770 DEOPT UNPACKING pc=0x00000201874a3aa2 sp=0x000000f0034fe638 mode 2
Event: 0.437 Thread 0x00000201f0795770 Uncommon trap: trap_request=0xffffff45 fr.pc=0x0000020187be4678 relative=0x0000000000000198
Event: 0.437 Thread 0x00000201f0795770 Uncommon trap: reason=unstable_if action=reinterpret pc=0x0000020187be4678 method=java.lang.invoke.VarHandle.checkAccessModeThenIsDirect(Ljava/lang/invoke/VarHandle$AccessDescriptor;)Z @ 4 c2
Event: 0.437 Thread 0x00000201f0795770 DEOPT PACKING pc=0x0000020187be4678 sp=0x000000f0034fe6a0
Event: 0.437 Thread 0x00000201f0795770 DEOPT UNPACKING pc=0x00000201874a3aa2 sp=0x000000f0034fe5f8 mode 2
Event: 0.455 Thread 0x00000201f0795770 Uncommon trap: trap_request=0xffffffde fr.pc=0x0000020187bec514 relative=0x00000000000004f4
Event: 0.455 Thread 0x00000201f0795770 Uncommon trap: reason=class_check action=maybe_recompile pc=0x0000020187bec514 method=java.util.Collections$UnmodifiableCollection$1.<init>(Ljava/util/Collections$UnmodifiableCollection;)V @ 17 c2
Event: 0.455 Thread 0x00000201f0795770 DEOPT PACKING pc=0x0000020187bec514 sp=0x000000f0034fe720
Event: 0.455 Thread 0x00000201f0795770 DEOPT UNPACKING pc=0x00000201874a3aa2 sp=0x000000f0034fe6d8 mode 2
Event: 0.479 Thread 0x00000201f0795770 Uncommon trap: trap_request=0xffffff45 fr.pc=0x0000020187bf905c relative=0x000000000000109c
Event: 0.479 Thread 0x00000201f0795770 Uncommon trap: reason=unstable_if action=reinterpret pc=0x0000020187bf905c method=lombok.patcher.PatchScript.classMatches(Ljava/lang/String;Ljava/util/Collection;)Z @ 25 c2
Event: 0.479 Thread 0x00000201f0795770 DEOPT PACKING pc=0x0000020187bf905c sp=0x000000f0034f89c0
Event: 0.479 Thread 0x00000201f0795770 DEOPT UNPACKING pc=0x00000201874a3aa2 sp=0x000000f0034f8928 mode 2
Event: 0.480 Thread 0x00000201f0795770 DEOPT PACKING pc=0x00000201800acb0d sp=0x000000f0034f7e10
Event: 0.480 Thread 0x00000201f0795770 DEOPT UNPACKING pc=0x00000201874a4242 sp=0x000000f0034f72c0 mode 0

Classes loaded (20 events):
Event: 0.455 Loading class java/util/AbstractQueue done
Event: 0.455 Loading class java/util/concurrent/SynchronousQueue done
Event: 0.455 Loading class java/util/concurrent/SynchronousQueue$Transferer
Event: 0.455 Loading class java/util/concurrent/LinkedTransferQueue
Event: 0.455 Loading class java/util/concurrent/TransferQueue
Event: 0.455 Loading class java/util/concurrent/TransferQueue done
Event: 0.456 Loading class java/util/concurrent/LinkedTransferQueue done
Event: 0.456 Loading class java/util/concurrent/SynchronousQueue$Transferer done
Event: 0.456 Loading class java/util/concurrent/LinkedTransferQueue$DualNode
Event: 0.456 Loading class java/util/concurrent/LinkedTransferQueue$DualNode done
Event: 0.456 Loading class java/util/concurrent/RejectedExecutionHandler
Event: 0.456 Loading class java/util/concurrent/RejectedExecutionHandler done
Event: 0.456 Loading class java/util/concurrent/LinkedBlockingQueue
Event: 0.456 Loading class java/util/concurrent/LinkedBlockingQueue done
Event: 0.456 Loading class java/util/concurrent/LinkedBlockingQueue$Node
Event: 0.456 Loading class java/util/concurrent/LinkedBlockingQueue$Node done
Event: 0.462 Loading class java/util/concurrent/Semaphore$NonfairSync
Event: 0.462 Loading class java/util/concurrent/Semaphore$Sync
Event: 0.462 Loading class java/util/concurrent/Semaphore$Sync done
Event: 0.462 Loading class java/util/concurrent/Semaphore$NonfairSync done

Classes unloaded (0 events):
No events

Classes redefined (0 events):
No events

Internal exceptions (20 events):
Event: 0.256 Thread 0x00000201f0795770 Exception <a 'java/io/FileNotFoundException'{0x00000000d6649580}> (0x00000000d6649580) 
thrown [s\src\hotspot\share\prims\jni.cpp, line 520]
Event: 0.256 Thread 0x00000201f0795770 Exception <a 'java/io/FileNotFoundException'{0x00000000d664a208}> (0x00000000d664a208) 
thrown [s\src\hotspot\share\prims\jni.cpp, line 520]
Event: 0.256 Thread 0x00000201f0795770 Exception <a 'java/io/FileNotFoundException'{0x00000000d664ad78}> (0x00000000d664ad78) 
thrown [s\src\hotspot\share\prims\jni.cpp, line 520]
Event: 0.258 Thread 0x00000201f0795770 Implicit null exception at 0x0000020187bcc124 to 0x0000020187bcc6c8
Event: 0.259 Thread 0x00000201f0795770 Exception <a 'java/io/FileNotFoundException'{0x00000000d6684f48}> (0x00000000d6684f48) 
thrown [s\src\hotspot\share\prims\jni.cpp, line 520]
Event: 0.265 Thread 0x00000201f0795770 Exception <a 'java/lang/NoSuchMethodError'{0x00000000d66c05e0}: 'java.lang.Object java.lang.invoke.DirectMethodHandle$Holder.invokeInterface(java.lang.Object, java.lang.Object)'> (0x00000000d66c05e0) 
thrown [s\src\hotspot\share\interpreter\linkResolver.cpp, line 773]
Event: 0.267 Thread 0x00000201f0795770 Exception <a 'java/lang/NoSuchMethodError'{0x00000000d66d4078}: 'java.lang.Object java.lang.invoke.Invokers$Holder.invokeExact_MT(java.lang.Object, java.lang.Object, java.lang.Object, java.lang.Object, java.lang.Object, java.lang.Object)'> (0x00000000d66d4078) 
thrown [s\src\hotspot\share\interpreter\linkResolver.cpp, line 773]
Event: 0.269 Thread 0x00000201f0795770 Exception <a 'java/lang/NoSuchMethodError'{0x00000000d66eb150}: 'int java.lang.invoke.DirectMethodHandle$Holder.invokeStatic(java.lang.Object, java.lang.Object, java.lang.Object, java.lang.Object, java.lang.Object)'> (0x00000000d66eb150) 
thrown [s\src\hotspot\share\interpreter\linkResolver.cpp, line 773]
Event: 0.283 Thread 0x00000201f0795770 Exception <a 'java/lang/NoSuchMethodError'{0x00000000d6780d30}: 'java.lang.Object java.lang.invoke.DirectMethodHandle$Holder.invokeInterface(java.lang.Object, java.lang.Object, int)'> (0x00000000d6780d30) 
thrown [s\src\hotspot\share\interpreter\linkResolver.cpp, line 773]
Event: 0.349 Thread 0x00000201f0795770 Exception <a 'java/lang/NoSuchMethodError'{0x00000000d6bec670}: 'java.lang.ClassLoader java.lang.ClassLoader.getPlatformClassLoader(java.lang.Class)'> (0x00000000d6bec670) 
thrown [s\src\hotspot\share\interpreter\linkResolver.cpp, line 773]
Event: 0.385 Thread 0x00000201f0795770 Exception <a 'java/lang/ClassNotFoundException'{0x00000000d5749e48}: sun/net/www/protocol/c/Handler> (0x00000000d5749e48) 
thrown [s\src\hotspot\share\classfile\systemDictionary.cpp, line 312]
Event: 0.385 Thread 0x00000201f0795770 Exception <a 'java/lang/ClassNotFoundException'{0x00000000d574b218}: sun/net/www/protocol/d/Handler> (0x00000000d574b218) 
thrown [s\src\hotspot\share\classfile\systemDictionary.cpp, line 312]
Event: 0.385 Thread 0x00000201f0795770 Exception <a 'java/lang/ClassNotFoundException'{0x00000000d574c450}: sun/net/www/protocol/c/Handler> (0x00000000d574c450) 
thrown [s\src\hotspot\share\classfile\systemDictionary.cpp, line 312]
Event: 0.389 Thread 0x00000201f0795770 Exception <a 'java/io/FileNotFoundException'{0x00000000d5774f30}> (0x00000000d5774f30) 
thrown [s\src\hotspot\share\prims\jni.cpp, line 520]
Event: 0.409 Thread 0x00000201f0795770 Implicit null exception at 0x0000020187bfd729 to 0x0000020187bfdf9c
Event: 0.409 Thread 0x00000201f0795770 Implicit null exception at 0x0000020187c0bf9a to 0x0000020187c0c1a0
Event: 0.409 Thread 0x00000201f0795770 Exception <a 'java/lang/NoSuchMethodError'{0x00000000d58e6118}: 'void java.lang.invoke.DirectMethodHandle$Holder.invokeStatic(java.lang.Object, java.lang.Object, java.lang.Object, java.lang.Object)'> (0x00000000d58e6118) 
thrown [s\src\hotspot\share\interpreter\linkResolver.cpp, line 773]
Event: 0.410 Thread 0x00000201f0795770 Implicit null exception at 0x0000020187c01e9a to 0x0000020187c020a4
Event: 0.410 Thread 0x00000201f0795770 Implicit null exception at 0x0000020187bfcebd to 0x0000020187bfcf41
Event: 0.445 Thread 0x00000201f0795770 Exception <a 'java/lang/NoSuchMethodError'{0x00000000d5bff950}: 'void java.lang.invoke.DirectMethodHandle$Holder.invokeSpecial(java.lang.Object, java.lang.Object, java.lang.Object)'> (0x00000000d5bff950) 
thrown [s\src\hotspot\share\interpreter\linkResolver.cpp, line 773]

ZGC Phase Switch (0 events):
No events

VM Operations (12 events):
Event: 0.049 Executing VM operation: HandshakeAllThreads (Deoptimize)
Event: 0.049 Executing VM operation: HandshakeAllThreads (Deoptimize) done
Event: 0.083 Executing VM operation: HandshakeAllThreads (Deoptimize)
Event: 0.084 Executing VM operation: HandshakeAllThreads (Deoptimize) done
Event: 0.234 Executing VM operation: HandshakeAllThreads (Deoptimize)
Event: 0.234 Executing VM operation: HandshakeAllThreads (Deoptimize) done
Event: 0.242 Executing VM operation: HandshakeAllThreads (Deoptimize)
Event: 0.242 Executing VM operation: HandshakeAllThreads (Deoptimize) done
Event: 0.362 Executing VM operation: ParallelGCFailedAllocation (Allocation Failure)
Event: 0.368 Executing VM operation: ParallelGCFailedAllocation (Allocation Failure) done
Event: 0.377 Executing VM operation: HandshakeAllThreads (Deoptimize)
Event: 0.377 Executing VM operation: HandshakeAllThreads (Deoptimize) done

Memory protections (0 events):
No events

Nmethod flushes (0 events):
No events

Events (16 events):
Event: 0.020 Thread 0x00000201f0795770 Thread added: 0x00000201f0795770
Event: 0.032 Thread 0x00000201f0795770 Thread added: 0x00000201f82193a0
Event: 0.032 Thread 0x00000201f0795770 Thread added: 0x00000201f083db30
Event: 0.033 Thread 0x00000201f0795770 Thread added: 0x00000201f821ccb0
Event: 0.033 Thread 0x00000201f0795770 Thread added: 0x00000201f821fad0
Event: 0.033 Thread 0x00000201f0795770 Thread added: 0x00000201f8221fb0
Event: 0.033 Thread 0x00000201f0795770 Thread added: 0x00000201f8224600
Event: 0.033 Thread 0x00000201f0795770 Thread added: 0x00000201f95e5720
Event: 0.033 Thread 0x00000201f0795770 Thread added: 0x00000201f95eb730
Event: 0.037 Thread 0x00000201f95eb730 Thread added: 0x00000201f96adc80
Event: 0.053 Thread 0x00000201f96adc80 Thread added: 0x00000201f971d300
Event: 0.062 Thread 0x00000201f0795770 Thread added: 0x00000201f8226040
Event: 0.083 Thread 0x00000201f96adc80 Thread added: 0x00000201f9850720
Event: 0.084 Thread 0x00000201f96adc80 Thread added: 0x00000201f9850dc0
Event: 0.154 Thread 0x00000201f0795770 Thread added: 0x00000201f8224c90
Event: 0.204 Thread 0x00000201f9850720 Thread added: 0x00000201ff0843c0


Dynamic libraries:
0x00007ff74e690000 - 0x00007ff74e69e000 	c:\Users\G4lih\.antigravity\extensions\redhat.java-1.50.0-win32-x64\jre\21.0.9-win32-x86_64\bin\java.exe
0x00007ffdba610000 - 0x00007ffdba827000 	C:\Windows\SYSTEM32\ntdll.dll
0x00007ffdb8fe0000 - 0x00007ffdb90a4000 	C:\Windows\System32\KERNEL32.DLL
0x00007ffdb77a0000 - 0x00007ffdb7b72000 	C:\Windows\System32\KERNELBASE.dll
0x00007ffdb2720000 - 0x00007ffdb27b7000 	C:\Windows\SYSTEM32\apphelp.dll
0x00007ffdb7cb0000 - 0x00007ffdb7dc1000 	C:\Windows\System32\ucrtbase.dll
0x00007ffdb0350000 - 0x00007ffdb0368000 	c:\Users\G4lih\.antigravity\extensions\redhat.java-1.50.0-win32-x64\jre\21.0.9-win32-x86_64\bin\jli.dll
0x00007ffda3fd0000 - 0x00007ffda3fee000 	c:\Users\G4lih\.antigravity\extensions\redhat.java-1.50.0-win32-x64\jre\21.0.9-win32-x86_64\bin\VCRUNTIME140.dll
0x00007ffdb8640000 - 0x00007ffdb87f1000 	C:\Windows\System32\USER32.dll
0x00007ffdb81b0000 - 0x00007ffdb81d6000 	C:\Windows\System32\win32u.dll
0x00007ffdb95e0000 - 0x00007ffdb9609000 	C:\Windows\System32\GDI32.dll
0x00007ffdb7b80000 - 0x00007ffdb7ca3000 	C:\Windows\System32\gdi32full.dll
0x00007ffdaedb0000 - 0x00007ffdaf04b000 	C:\Windows\WinSxS\amd64_microsoft.windows.common-controls_6595b64144ccf1df_6.0.22621.5547_none_27104afb73855772\COMCTL32.dll
0x00007ffdb7700000 - 0x00007ffdb779a000 	C:\Windows\System32\msvcp_win.dll
0x00007ffdb9b10000 - 0x00007ffdb9bb7000 	C:\Windows\System32\msvcrt.dll
0x00007ffdb9620000 - 0x00007ffdb9651000 	C:\Windows\System32\IMM32.DLL
0x00007ffdb0340000 - 0x00007ffdb034c000 	c:\Users\G4lih\.antigravity\extensions\redhat.java-1.50.0-win32-x64\jre\21.0.9-win32-x86_64\bin\vcruntime140_1.dll
0x00007ffd5e6e0000 - 0x00007ffd5e76d000 	c:\Users\G4lih\.antigravity\extensions\redhat.java-1.50.0-win32-x64\jre\21.0.9-win32-x86_64\bin\msvcp140.dll
0x00007ffd26e00000 - 0x00007ffd27ba0000 	c:\Users\G4lih\.antigravity\extensions\redhat.java-1.50.0-win32-x64\jre\21.0.9-win32-x86_64\bin\server\jvm.dll
0x00007ffdb8b50000 - 0x00007ffdb8c01000 	C:\Windows\System32\ADVAPI32.dll
0x00007ffdb90b0000 - 0x00007ffdb9158000 	C:\Windows\System32\sechost.dll
0x00007ffdb8180000 - 0x00007ffdb81a8000 	C:\Windows\System32\bcrypt.dll
0x00007ffdb8a30000 - 0x00007ffdb8b44000 	C:\Windows\System32\RPCRT4.dll
0x00007ffdba550000 - 0x00007ffdba5c1000 	C:\Windows\System32\WS2_32.dll
0x00007ffdb6580000 - 0x00007ffdb65cd000 	C:\Windows\SYSTEM32\POWRPROF.dll
0x00007ffdb2810000 - 0x00007ffdb2844000 	C:\Windows\SYSTEM32\WINMM.dll
0x00007ffdb27d0000 - 0x00007ffdb27da000 	C:\Windows\SYSTEM32\VERSION.dll
0x00007ffdb6560000 - 0x00007ffdb6573000 	C:\Windows\SYSTEM32\UMPDC.dll
0x00007ffdb6820000 - 0x00007ffdb6838000 	C:\Windows\SYSTEM32\kernel.appcore.dll
0x00007ffdaf5a0000 - 0x00007ffdaf5aa000 	c:\Users\G4lih\.antigravity\extensions\redhat.java-1.50.0-win32-x64\jre\21.0.9-win32-x86_64\bin\jimage.dll
0x00007ffdb4b40000 - 0x00007ffdb4d73000 	C:\Windows\SYSTEM32\DBGHELP.DLL
0x00007ffdb82a0000 - 0x00007ffdb8633000 	C:\Windows\System32\combase.dll
0x00007ffdb9800000 - 0x00007ffdb98d7000 	C:\Windows\System32\OLEAUT32.dll
0x00007ffdaf420000 - 0x00007ffdaf452000 	C:\Windows\SYSTEM32\dbgcore.DLL
0x00007ffdb7f90000 - 0x00007ffdb800b000 	C:\Windows\System32\bcryptPrimitives.dll
0x00007ffda4a70000 - 0x00007ffda4a7f000 	c:\Users\G4lih\.antigravity\extensions\redhat.java-1.50.0-win32-x64\jre\21.0.9-win32-x86_64\bin\instrument.dll
0x00007ffd9f3c0000 - 0x00007ffd9f3e0000 	c:\Users\G4lih\.antigravity\extensions\redhat.java-1.50.0-win32-x64\jre\21.0.9-win32-x86_64\bin\java.dll
0x00007ffdb9ca0000 - 0x00007ffdba542000 	C:\Windows\System32\SHELL32.dll
0x00007ffdb7dd0000 - 0x00007ffdb7f0f000 	C:\Windows\System32\wintypes.dll
0x00007ffdb5640000 - 0x00007ffdb5f5d000 	C:\Windows\SYSTEM32\windows.storage.dll
0x00007ffdb8c40000 - 0x00007ffdb8d4c000 	C:\Windows\System32\SHCORE.dll
0x00007ffdb9c30000 - 0x00007ffdb9c99000 	C:\Windows\System32\shlwapi.dll
0x00007ffdb7630000 - 0x00007ffdb765b000 	C:\Windows\SYSTEM32\profapi.dll
0x00007ffd92a60000 - 0x00007ffd92a78000 	c:\Users\G4lih\.antigravity\extensions\redhat.java-1.50.0-win32-x64\jre\21.0.9-win32-x86_64\bin\zip.dll
0x00007ffda49f0000 - 0x00007ffda4a00000 	C:\Users\G4lih\.antigravity\extensions\redhat.java-1.50.0-win32-x64\jre\21.0.9-win32-x86_64\bin\net.dll
0x00007ffdb3d40000 - 0x00007ffdb3e6c000 	C:\Windows\SYSTEM32\WINHTTP.dll
0x00007ffdb6ca0000 - 0x00007ffdb6d09000 	C:\Windows\system32\mswsock.dll
0x00007ffd77d80000 - 0x00007ffd77d96000 	C:\Users\G4lih\.antigravity\extensions\redhat.java-1.50.0-win32-x64\jre\21.0.9-win32-x86_64\bin\nio.dll
0x00007ffda48a0000 - 0x00007ffda48b0000 	c:\Users\G4lih\.antigravity\extensions\redhat.java-1.50.0-win32-x64\jre\21.0.9-win32-x86_64\bin\verify.dll

JVMTI agents:
c:\Users\G4lih\.antigravity\extensions\redhat.java-1.50.0-win32-x64\lombok\lombok-1.18.39-4050.jar path:c:\Users\G4lih\.antigravity\extensions\redhat.java-1.50.0-win32-x64\jre\21.0.9-win32-x86_64\bin\instrument.dll, loaded, initialized, instrumentlib options:none

dbghelp: loaded successfully - version: 4.0.5 - missing functions: none
symbol engine: initialized successfully - sym options: 0x614 - pdb path: .;c:\Users\G4lih\.antigravity\extensions\redhat.java-1.50.0-win32-x64\jre\21.0.9-win32-x86_64\bin;C:\Windows\SYSTEM32;C:\Windows\WinSxS\amd64_microsoft.windows.common-controls_6595b64144ccf1df_6.0.22621.5547_none_27104afb73855772;c:\Users\G4lih\.antigravity\extensions\redhat.java-1.50.0-win32-x64\jre\21.0.9-win32-x86_64\bin\server

VM Arguments:
jvm_args: --add-modules=ALL-SYSTEM --add-opens=java.base/java.util=ALL-UNNAMED --add-opens=java.base/java.lang=ALL-UNNAMED --add-opens=java.base/sun.nio.fs=ALL-UNNAMED -Declipse.application=org.eclipse.jdt.ls.core.id1 -Dosgi.bundles.defaultStartLevel=4 -Declipse.product=org.eclipse.jdt.ls.core.product -Djava.import.generatesMetadataFilesAtProjectRoot=false -DDetectVMInstallationsJob.disabled=true -Dfile.encoding=utf8 -XX:+UseParallelGC -XX:GCTimeRatio=4 -XX:AdaptiveSizePolicyWeight=90 -Dsun.zip.disableMemoryMapping=true -Xmx2G -Xms100m -Xlog:disable -javaagent:c:\Users\G4lih\.antigravity\extensions\redhat.java-1.50.0-win32-x64\lombok\lombok-1.18.39-4050.jar -XX:+HeapDumpOnOutOfMemoryError -XX:HeapDumpPath=c:\Users\G4lih\AppData\Roaming\Antigravity\User\workspaceStorage\20f6df2d00a1858f44181e17d7a95fc8\redhat.java -Daether.dependencyCollector.impl=bf 
java_command: c:\Users\G4lih\.antigravity\extensions\redhat.java-1.50.0-win32-x64\server\plugins\org.eclipse.equinox.launcher_1.7.100.v20251111-0406.jar -configuration c:\Users\G4lih\AppData\Roaming\Antigravity\User\globalStorage\redhat.java\1.50.0\config_win -data c:\Users\G4lih\AppData\Roaming\Antigravity\User\workspaceStorage\20f6df2d00a1858f44181e17d7a95fc8\redhat.java\jdt_ws --pipe=\\.\pipe\lsp-eca0a2d0fadf1f3954d76e48d9be2932-sock
java_class_path (initial): c:\Users\G4lih\.antigravity\extensions\redhat.java-1.50.0-win32-x64\server\plugins\org.eclipse.equinox.launcher_1.7.100.v20251111-0406.jar
Launcher Type: SUN_STANDARD

[Global flags]
    uintx AdaptiveSizePolicyWeight                 = 90                                        {product} {command line}
     intx CICompilerCount                          = 12                                        {product} {ergonomic}
    uintx GCTimeRatio                              = 4                                         {product} {command line}
     bool HeapDumpOnOutOfMemoryError               = true                                   {manageable} {command line}
    ccstr HeapDumpPath                             = c:\Users\G4lih\AppData\Roaming\Antigravity\User\workspaceStorage\20f6df2d00a1858f44181e17d7a95fc8\redhat.java         {manageable} {command line}
   size_t InitialHeapSize                          = 104857600                                 {product} {command line}
   size_t MaxHeapSize                              = 2147483648                                {product} {command line}
   size_t MaxNewSize                               = 715653120                                 {product} {ergonomic}
   size_t MinHeapDeltaBytes                        = 524288                                    {product} {ergonomic}
   size_t MinHeapSize                              = 104857600                                 {product} {command line}
   size_t NewSize                                  = 34603008                                  {product} {ergonomic}
    uintx NonNMethodCodeHeapSize                   = 7602480                                {pd product} {ergonomic}
    uintx NonProfiledCodeHeapSize                  = 122027880                              {pd product} {ergonomic}
   size_t OldSize                                  = 70254592                                  {product} {ergonomic}
    uintx ProfiledCodeHeapSize                     = 122027880                              {pd product} {ergonomic}
    uintx ReservedCodeCacheSize                    = 251658240                              {pd product} {ergonomic}
     bool SegmentedCodeCache                       = true                                      {product} {ergonomic}
   size_t SoftMaxHeapSize                          = 2147483648                             {manageable} {ergonomic}
     bool UseCompressedOops                        = true                           {product lp64_product} {ergonomic}
     bool UseLargePagesIndividualAllocation        = false                                  {pd product} {ergonomic}
     bool UseParallelGC                            = true                                      {product} {command line}

Logging:
Log output configuration:
 #0: stdout all=off uptime,level,tags foldmultilines=false
 #1: stderr all=off uptime,level,tags foldmultilines=false

Release file:
JAVA_VERSION="21.0.9" 
MODULES="java.base java.compiler java.datatransfer java.xml java.prefs java.desktop java.instrument java.logging java.management java.security.sasl java.naming java.rmi java.management.rmi java.net.http java.scripting java.security.jgss java.transaction.xa java.sql java.sql.rowset java.xml.crypto java.se java.smartcardio jdk.accessibility jdk.internal.jvmstat jdk.attach jdk.charsets jdk.internal.opt jdk.zipfs jdk.compiler jdk.crypto.ec jdk.crypto.cryptoki jdk.crypto.mscapi jdk.dynalink jdk.internal.ed jdk.editpad jdk.hotspot.agent jdk.httpserver jdk.internal.le jdk.internal.vm.ci jdk.internal.vm.compiler jdk.internal.vm.compiler.management jdk.jartool jdk.javadoc jdk.jcmd jdk.management jdk.management.agent jdk.jconsole jdk.jdeps jdk.jdwp.agent jdk.jdi jdk.jfr jdk.jshell jdk.jsobject jdk.jstatd jdk.localedata jdk.management.jfr jdk.naming.dns jdk.naming.rmi jdk.net jdk.nio.mapmode jdk.random jdk.sctp jdk.security.auth jdk.security.jgss jdk.unsupported jdk.unsupported.desktop jdk.xml.dom" 

Environment Variables:
PATH=C:\Python314\Scripts\;C:\Python314\;C:\Program Files\Common Files\Oracle\Java\javapath;C:\Windows\system32;C:\Windows;C:\Windows\System32\Wbem;C:\Windows\System32\WindowsPowerShell\v1.0\;C:\Windows\System32\OpenSSH\;C:\Program Files (x86)\NVIDIA Corporation\PhysX\Common;C:\Program Files\NVIDIA Corporation\NVIDIA NvDLISR;C:\Program Files\Git\cmd;C:\xampp\php;C:\ProgramData\ComposerSetup\bin;C:\Program Files\nodejs\;C:\ProgramData\chocolatey\bin;C:\Program Files\MySQL\MySQL Shell 8.0\bin\;C:\Users\G4lih\AppData\Local\Programs\Python\Launcher\;C:\Users\G4lih\AppData\Local\Microsoft\WindowsApps;C:\Users\G4lih\AppData\Local\Programs\Microsoft VS Code\bin;C:\Users\G4lih\AppData\Roaming\Composer\vendor\bin;C:\Users\G4lih\AppData\Roaming\npm;C:\Users\G4lih\AppData\Local\Programs\Antigravity\bin
USERNAME=G4lih
OS=Windows_NT
PROCESSOR_IDENTIFIER=Intel64 Family 6 Model 186 Stepping 2, GenuineIntel
TMP=C:\Users\G4lih\AppData\Local\Temp
TEMP=C:\Users\G4lih\AppData\Local\Temp




Periodic native trim disabled

---------------  S Y S T E M  ---------------

OS:
 Windows 11 , 64 bit Build 22621 (10.0.22621.5415)
OS uptime: 1 days 0:36 hours

CPU: total 16 (initial active 16) (8 cores per cpu, 2 threads per core) family 6 model 186 stepping 2 microcode 0x410e, cx8, cmov, fxsr, ht, mmx, 3dnowpref, sse, sse2, sse3, ssse3, sse4.1, sse4.2, popcnt, lzcnt, tsc, tscinvbit, avx, avx2, aes, erms, clmul, bmi1, bmi2, adx, sha, fma, vzeroupper, clflush, clflushopt, clwb, serialize, rdtscp, rdpid, fsrm, f16c, pku, cet_ibt, cet_ss
Processor Information for the first 16 processors :
  Max Mhz: 2400, Current Mhz: 2400, Mhz Limit: 2400

Memory: 4k page, system-wide physical 16003M (498M free)
TotalPageFile size 24942M (AvailPageFile size 5M)
current process WorkingSet (physical memory assigned to process): 89M, peak: 89M
current process commit charge ("private bytes"): 256M, peak: 257M

vm_info: OpenJDK 64-Bit Server VM (21.0.9+10-LTS) for windows-amd64 JRE (21.0.9+10-LTS), built on 2025-10-21T00:00:00Z by "admin" with unknown MS VC++:1942

END.
